2000.12.10 01:40 B D:\kanan\Project\openjoda\tomcat\webapps\ROOT\content\xsl\billionaires.xsl <-- canal /home/ktn10/project/openjoda/content/xsl billionaires.xsl
2000.12.10 01:40 B D:\kanan\Project\openjoda\tomcat\webapps\ROOT\content\xsl\jpc-full.xsl <-- canal /home/ktn10/project/openjoda/content/xsl jpc-full.xsl
2000.12.10 01:40 B D:\kanan\Project\openjoda\tomcat\webapps\ROOT\content\xsl\jpc-topics.xsl <-- canal /home/ktn10/project/openjoda/content/xsl jpc-topics.xsl
2000.12.10 01:40 B D:\kanan\Project\openjoda\tomcat\webapps\ROOT\content\xsl\ocs.xsl <-- canal /home/ktn10/project/openjoda/content/xsl ocs.xsl
2000.12.10 01:40 B D:\kanan\Project\openjoda\tomcat\webapps\ROOT\content\xsl\rss-wml.xsl <-- canal /home/ktn10/project/openjoda/content/xsl rss-wml.xsl
2000.12.10 01:40 B D:\kanan\Project\openjoda\tomcat\webapps\ROOT\content\xsl\rss.xsl <-- canal /home/ktn10/project/openjoda/content/xsl rss.xsl
2000.12.17 16:53 B D:\kanan\Project\openjoda\tomcat\webapps\ROOT\content\xsl\billionaires.xsl --> canal.psl.cs.columbia.edu /home/ktn10/project/openjoda/content/xsl billionaires.xsl
2000.12.17 16:53 B D:\kanan\Project\openjoda\tomcat\webapps\ROOT\content\xsl\jpc-full.xsl --> canal.psl.cs.columbia.edu /home/ktn10/project/openjoda/content/xsl jpc-full.xsl
2000.12.17 16:53 B D:\kanan\Project\openjoda\tomcat\webapps\ROOT\content\xsl\jpc-topics.xsl --> canal.psl.cs.columbia.edu /home/ktn10/project/openjoda/content/xsl jpc-topics.xsl
2000.12.17 16:53 B D:\kanan\Project\openjoda\tomcat\webapps\ROOT\content\xsl\ocs.xsl --> canal.psl.cs.columbia.edu /home/ktn10/project/openjoda/content/xsl ocs.xsl
2000.12.17 16:53 B D:\kanan\Project\openjoda\tomcat\webapps\ROOT\content\xsl\rss-wml.xsl --> canal.psl.cs.columbia.edu /home/ktn10/project/openjoda/content/xsl rss-wml.xsl
2000.12.17 16:53 B D:\kanan\Project\openjoda\tomcat\webapps\ROOT\content\xsl\rss.xsl --> canal.psl.cs.columbia.edu /home/ktn10/project/openjoda/content/xsl rss.xsl
2000.12.17 16:53 B D:\kanan\Project\openjoda\tomcat\webapps\ROOT\content\xsl\WS_FTP.LOG --> canal.psl.cs.columbia.edu /home/ktn10/project/openjoda/content/xsl WS_FTP.LOG
2000.12.17 23:55 B D:\kanan\Project\openjoda\tomcat\webapps\ROOT\content\xsl\billionaires.xsl --> canal.psl.cs.columbia.edu /home/ktn10/project/openjoda/content/xsl billionaires.xsl
2000.12.17 23:55 B D:\kanan\Project\openjoda\tomcat\webapps\ROOT\content\xsl\jpc-full.xsl --> canal.psl.cs.columbia.edu /home/ktn10/project/openjoda/content/xsl jpc-full.xsl
2000.12.17 23:55 B D:\kanan\Project\openjoda\tomcat\webapps\ROOT\content\xsl\jpc-topics.xsl --> canal.psl.cs.columbia.edu /home/ktn10/project/openjoda/content/xsl jpc-topics.xsl
2000.12.17 23:55 B D:\kanan\Project\openjoda\tomcat\webapps\ROOT\content\xsl\ocs.xsl --> canal.psl.cs.columbia.edu /home/ktn10/project/openjoda/content/xsl ocs.xsl
2000.12.17 23:55 B D:\kanan\Project\openjoda\tomcat\webapps\ROOT\content\xsl\rss-wml.xsl --> canal.psl.cs.columbia.edu /home/ktn10/project/openjoda/content/xsl rss-wml.xsl
2000.12.17 23:55 B D:\kanan\Project\openjoda\tomcat\webapps\ROOT\content\xsl\rss.xsl --> canal.psl.cs.columbia.edu /home/ktn10/project/openjoda/content/xsl rss.xsl
2000.12.18 02:57 B D:\kanan\Project\openjoda\tomcat\webapps\ROOT\content\xsl\WS_FTP.LOG <-- canal /home/ktn10/project/openjoda/content/xsl WS_FTP.LOG
2000.12.18 14:13 B D:\kanan\Project\openjoda\tomcat\webapps\ROOT\content\xsl\billionaires.xsl --> canal.psl.cs.columbia.edu /home/ktn10/project/openjoda/content/xsl billionaires.xsl
2000.12.18 14:13 B D:\kanan\Project\openjoda\tomcat\webapps\ROOT\content\xsl\jpc-full.xsl --> canal.psl.cs.columbia.edu /home/ktn10/project/openjoda/content/xsl jpc-full.xsl
2000.12.18 14:13 B D:\kanan\Project\openjoda\tomcat\webapps\ROOT\content\xsl\jpc-topics.xsl --> canal.psl.cs.columbia.edu /home/ktn10/project/openjoda/content/xsl jpc-topics.xsl
2000.12.18 14:13 B D:\kanan\Project\openjoda\tomcat\webapps\ROOT\content\xsl\ocs.xsl --> canal.psl.cs.columbia.edu /home/ktn10/project/openjoda/content/xsl ocs.xsl
2000.12.18 14:13 B D:\kanan\Project\openjoda\tomcat\webapps\ROOT\content\xsl\rss-wml.xsl --> canal.psl.cs.columbia.edu /home/ktn10/project/openjoda/content/xsl rss-wml.xsl
2000.12.18 14:13 B D:\kanan\Project\openjoda\tomcat\webapps\ROOT\content\xsl\rss.xsl --> canal.psl.cs.columbia.edu /home/ktn10/project/openjoda/content/xsl rss.xsl
2000.12.18 14:13 B D:\kanan\Project\openjoda\tomcat\webapps\ROOT\content\xsl\WS_FTP.LOG --> canal.psl.cs.columbia.edu /home/ktn10/project/openjoda/content/xsl WS_FTP.LOG
2000.12.19 17:32 B D:\kanan\Project\openjoda\tomcat\webapps\ROOT\content\xsl\billionaires.xsl --> canal.psl.cs.columbia.edu /home/ktn10/project/openjoda/content/xsl billionaires.xsl
2000.12.19 17:32 B D:\kanan\Project\openjoda\tomcat\webapps\ROOT\content\xsl\jpc-full.xsl --> canal.psl.cs.columbia.edu /home/ktn10/project/openjoda/content/xsl jpc-full.xsl
2000.12.19 17:32 B D:\kanan\Project\openjoda\tomcat\webapps\ROOT\content\xsl\jpc-topics.xsl --> canal.psl.cs.columbia.edu /home/ktn10/project/openjoda/content/xsl jpc-topics.xsl
2000.12.19 17:32 B D:\kanan\Project\openjoda\tomcat\webapps\ROOT\content\xsl\ocs.xsl --> canal.psl.cs.columbia.edu /home/ktn10/project/openjoda/content/xsl ocs.xsl
2000.12.19 17:32 B D:\kanan\Project\openjoda\tomcat\webapps\ROOT\content\xsl\rss-wml.xsl --> canal.psl.cs.columbia.edu /home/ktn10/project/openjoda/content/xsl rss-wml.xsl
2000.12.19 17:32 B D:\kanan\Project\openjoda\tomcat\webapps\ROOT\content\xsl\rss.xsl --> canal.psl.cs.columbia.edu /home/ktn10/project/openjoda/content/xsl rss.xsl
2000.12.19 17:32 B D:\kanan\Project\openjoda\tomcat\webapps\ROOT\content\xsl\WS_FTP.LOG --> canal.psl.cs.columbia.edu /home/ktn10/project/openjoda/content/xsl WS_FTP.LOG
2000.12.19 22:34 B D:\kanan\Project\openjoda\tomcat\webapps\ROOT\content\xsl\billionaires.xsl --> canal.psl.cs.columbia.edu /home/ktn10/project/openjoda/content/xsl billionaires.xsl
2000.12.19 22:34 B D:\kanan\Project\openjoda\tomcat\webapps\ROOT\content\xsl\jpc-full.xsl --> canal.psl.cs.columbia.edu /home/ktn10/project/openjoda/content/xsl jpc-full.xsl
2000.12.19 22:34 B D:\kanan\Project\openjoda\tomcat\webapps\ROOT\content\xsl\jpc-topics.xsl --> canal.psl.cs.columbia.edu /home/ktn10/project/openjoda/content/xsl jpc-topics.xsl
2000.12.19 22:34 B D:\kanan\Project\openjoda\tomcat\webapps\ROOT\content\xsl\ocs.xsl --> canal.psl.cs.columbia.edu /home/ktn10/project/openjoda/content/xsl ocs.xsl
2000.12.19 22:34 B D:\kanan\Project\openjoda\tomcat\webapps\ROOT\content\xsl\rss-wml.xsl --> canal.psl.cs.columbia.edu /home/ktn10/project/openjoda/content/xsl rss-wml.xsl
2000.12.19 22:34 B D:\kanan\Project\openjoda\tomcat\webapps\ROOT\content\xsl\rss.xsl --> canal.psl.cs.columbia.edu /home/ktn10/project/openjoda/content/xsl rss.xsl
