2000.12.10 01:40 B D:\kanan\Project\openjoda\tomcat\webapps\ROOT\content\static\login.html <-- canal /home/ktn10/project/openjoda/content/static login.html
2000.12.10 01:40 B D:\kanan\Project\openjoda\tomcat\webapps\ROOT\content\static\mp.html <-- canal /home/ktn10/project/openjoda/content/static mp.html
2000.12.10 01:40 B D:\kanan\Project\openjoda\tomcat\webapps\ROOT\content\static\oracle.html <-- canal /home/ktn10/project/openjoda/content/static oracle.html
2000.12.17 16:53 B D:\kanan\Project\openjoda\tomcat\webapps\ROOT\content\static\login.html --> canal.psl.cs.columbia.edu /home/ktn10/project/openjoda/content/static login.html
2000.12.17 16:53 B D:\kanan\Project\openjoda\tomcat\webapps\ROOT\content\static\mp.html --> canal.psl.cs.columbia.edu /home/ktn10/project/openjoda/content/static mp.html
2000.12.17 16:53 B D:\kanan\Project\openjoda\tomcat\webapps\ROOT\content\static\oracle.html --> canal.psl.cs.columbia.edu /home/ktn10/project/openjoda/content/static oracle.html
2000.12.17 16:53 B D:\kanan\Project\openjoda\tomcat\webapps\ROOT\content\static\WS_FTP.LOG --> canal.psl.cs.columbia.edu /home/ktn10/project/openjoda/content/static WS_FTP.LOG
2000.12.17 23:55 B D:\kanan\Project\openjoda\tomcat\webapps\ROOT\content\static\login.html --> canal.psl.cs.columbia.edu /home/ktn10/project/openjoda/content/static login.html
2000.12.17 23:55 B D:\kanan\Project\openjoda\tomcat\webapps\ROOT\content\static\mp.html --> canal.psl.cs.columbia.edu /home/ktn10/project/openjoda/content/static mp.html
2000.12.17 23:55 B D:\kanan\Project\openjoda\tomcat\webapps\ROOT\content\static\oracle.html --> canal.psl.cs.columbia.edu /home/ktn10/project/openjoda/content/static oracle.html
2000.12.17 23:55 B D:\kanan\Project\openjoda\tomcat\webapps\ROOT\content\static\testit.html --> canal.psl.cs.columbia.edu /home/ktn10/project/openjoda/content/static testit.html
2000.12.18 02:57 B D:\kanan\Project\openjoda\tomcat\webapps\ROOT\content\static\WS_FTP.LOG <-- canal /home/ktn10/project/openjoda/content/static WS_FTP.LOG
2000.12.18 14:12 B D:\kanan\Project\openjoda\tomcat\webapps\ROOT\content\static\login.html --> canal.psl.cs.columbia.edu /home/ktn10/project/openjoda/content/static login.html
2000.12.18 14:12 B D:\kanan\Project\openjoda\tomcat\webapps\ROOT\content\static\oracle.html --> canal.psl.cs.columbia.edu /home/ktn10/project/openjoda/content/static oracle.html
2000.12.18 14:12 B D:\kanan\Project\openjoda\tomcat\webapps\ROOT\content\static\WS_FTP.LOG --> canal.psl.cs.columbia.edu /home/ktn10/project/openjoda/content/static WS_FTP.LOG
2000.12.19 17:32 B D:\kanan\Project\openjoda\tomcat\webapps\ROOT\content\static\gauge.html --> canal.psl.cs.columbia.edu /home/ktn10/project/openjoda/content/static gauge.html
2000.12.19 17:32 B D:\kanan\Project\openjoda\tomcat\webapps\ROOT\content\static\login.html --> canal.psl.cs.columbia.edu /home/ktn10/project/openjoda/content/static login.html
2000.12.19 17:32 B D:\kanan\Project\openjoda\tomcat\webapps\ROOT\content\static\metaparser.html --> canal.psl.cs.columbia.edu /home/ktn10/project/openjoda/content/static metaparser.html
2000.12.19 17:32 B D:\kanan\Project\openjoda\tomcat\webapps\ROOT\content\static\oracle.html --> canal.psl.cs.columbia.edu /home/ktn10/project/openjoda/content/static oracle.html
2000.12.19 17:32 B D:\kanan\Project\openjoda\tomcat\webapps\ROOT\content\static\oraclebak.html --> canal.psl.cs.columbia.edu /home/ktn10/project/openjoda/content/static oraclebak.html
2000.12.19 17:32 B D:\kanan\Project\openjoda\tomcat\webapps\ROOT\content\static\wgcache.html --> canal.psl.cs.columbia.edu /home/ktn10/project/openjoda/content/static wgcache.html
2000.12.19 17:32 B D:\kanan\Project\openjoda\tomcat\webapps\ROOT\content\static\WS_FTP.LOG --> canal.psl.cs.columbia.edu /home/ktn10/project/openjoda/content/static WS_FTP.LOG
2000.12.19 22:34 B D:\kanan\Project\openjoda\tomcat\webapps\ROOT\content\static\gauge.html --> canal.psl.cs.columbia.edu /home/ktn10/project/openjoda/content/static gauge.html
2000.12.19 22:34 B D:\kanan\Project\openjoda\tomcat\webapps\ROOT\content\static\login.html --> canal.psl.cs.columbia.edu /home/ktn10/project/openjoda/content/static login.html
2000.12.19 22:34 B D:\kanan\Project\openjoda\tomcat\webapps\ROOT\content\static\metaparser.html --> canal.psl.cs.columbia.edu /home/ktn10/project/openjoda/content/static metaparser.html
2000.12.19 22:34 B D:\kanan\Project\openjoda\tomcat\webapps\ROOT\content\static\oracle.html --> canal.psl.cs.columbia.edu /home/ktn10/project/openjoda/content/static oracle.html
2000.12.19 22:34 B D:\kanan\Project\openjoda\tomcat\webapps\ROOT\content\static\oraclebak.html --> canal.psl.cs.columbia.edu /home/ktn10/project/openjoda/content/static oraclebak.html
2000.12.19 22:34 B D:\kanan\Project\openjoda\tomcat\webapps\ROOT\content\static\wgcache.html --> canal.psl.cs.columbia.edu /home/ktn10/project/openjoda/content/static wgcache.html
