2000.12.10 01:40 B D:\kanan\Project\openjoda\tomcat\webapps\ROOT\content\xml\defaultstyle.xsl <-- canal /home/ktn10/project/openjoda/content/xml defaultstyle.xsl
2000.12.10 01:40 B D:\kanan\Project\openjoda\tomcat\webapps\ROOT\content\xml\jetspeed-content.xml <-- canal /home/ktn10/project/openjoda/content/xml jetspeed-content.xml
2000.12.10 01:40 B D:\kanan\Project\openjoda\tomcat\webapps\ROOT\content\xml\README <-- canal /home/ktn10/project/openjoda/content/xml README
2000.12.17 16:53 B D:\kanan\Project\openjoda\tomcat\webapps\ROOT\content\xml\defaultstyle.xsl --> canal.psl.cs.columbia.edu /home/ktn10/project/openjoda/content/xml defaultstyle.xsl
2000.12.17 16:53 B D:\kanan\Project\openjoda\tomcat\webapps\ROOT\content\xml\jetspeed-content.xml --> canal.psl.cs.columbia.edu /home/ktn10/project/openjoda/content/xml jetspeed-content.xml
2000.12.17 16:53 B D:\kanan\Project\openjoda\tomcat\webapps\ROOT\content\xml\README --> canal.psl.cs.columbia.edu /home/ktn10/project/openjoda/content/xml README
2000.12.17 16:53 B D:\kanan\Project\openjoda\tomcat\webapps\ROOT\content\xml\WS_FTP.LOG --> canal.psl.cs.columbia.edu /home/ktn10/project/openjoda/content/xml WS_FTP.LOG
2000.12.17 23:55 B D:\kanan\Project\openjoda\tomcat\webapps\ROOT\content\xml\defaultstyle.xsl --> canal.psl.cs.columbia.edu /home/ktn10/project/openjoda/content/xml defaultstyle.xsl
2000.12.17 23:55 B D:\kanan\Project\openjoda\tomcat\webapps\ROOT\content\xml\jetspeed-content.xml --> canal.psl.cs.columbia.edu /home/ktn10/project/openjoda/content/xml jetspeed-content.xml
2000.12.17 23:55 B D:\kanan\Project\openjoda\tomcat\webapps\ROOT\content\xml\README --> canal.psl.cs.columbia.edu /home/ktn10/project/openjoda/content/xml README
2000.12.18 02:57 B D:\kanan\Project\openjoda\tomcat\webapps\ROOT\content\xml\WS_FTP.LOG <-- canal /home/ktn10/project/openjoda/content/xml WS_FTP.LOG
2000.12.18 14:13 B D:\kanan\Project\openjoda\tomcat\webapps\ROOT\content\xml\defaultstyle.xsl --> canal.psl.cs.columbia.edu /home/ktn10/project/openjoda/content/xml defaultstyle.xsl
2000.12.18 14:13 B D:\kanan\Project\openjoda\tomcat\webapps\ROOT\content\xml\jetspeed-content.xml --> canal.psl.cs.columbia.edu /home/ktn10/project/openjoda/content/xml jetspeed-content.xml
2000.12.18 14:13 B D:\kanan\Project\openjoda\tomcat\webapps\ROOT\content\xml\README --> canal.psl.cs.columbia.edu /home/ktn10/project/openjoda/content/xml README
2000.12.18 14:13 B D:\kanan\Project\openjoda\tomcat\webapps\ROOT\content\xml\WS_FTP.LOG --> canal.psl.cs.columbia.edu /home/ktn10/project/openjoda/content/xml WS_FTP.LOG
2000.12.19 17:32 B D:\kanan\Project\openjoda\tomcat\webapps\ROOT\content\xml\defaultstyle.xsl --> canal.psl.cs.columbia.edu /home/ktn10/project/openjoda/content/xml defaultstyle.xsl
2000.12.19 17:32 B D:\kanan\Project\openjoda\tomcat\webapps\ROOT\content\xml\jetspeed-content.xml --> canal.psl.cs.columbia.edu /home/ktn10/project/openjoda/content/xml jetspeed-content.xml
2000.12.19 17:32 B D:\kanan\Project\openjoda\tomcat\webapps\ROOT\content\xml\README --> canal.psl.cs.columbia.edu /home/ktn10/project/openjoda/content/xml README
2000.12.19 17:32 B D:\kanan\Project\openjoda\tomcat\webapps\ROOT\content\xml\WS_FTP.LOG --> canal.psl.cs.columbia.edu /home/ktn10/project/openjoda/content/xml WS_FTP.LOG
2000.12.19 22:34 B D:\kanan\Project\openjoda\tomcat\webapps\ROOT\content\xml\defaultstyle.xsl --> canal.psl.cs.columbia.edu /home/ktn10/project/openjoda/content/xml defaultstyle.xsl
2000.12.19 22:34 B D:\kanan\Project\openjoda\tomcat\webapps\ROOT\content\xml\jetspeed-content.xml --> canal.psl.cs.columbia.edu /home/ktn10/project/openjoda/content/xml jetspeed-content.xml
2000.12.19 22:34 B D:\kanan\Project\openjoda\tomcat\webapps\ROOT\content\xml\README --> canal.psl.cs.columbia.edu /home/ktn10/project/openjoda/content/xml README
