2000.12.18 02:56 B D:\kanan\Project\openjoda\tomcat\webapps\ROOT\content\static\tree\component.html <-- canal /home/ktn10/project/openjoda/content/static/tree component.html
2000.12.18 02:56 B D:\kanan\Project\openjoda\tomcat\webapps\ROOT\content\static\tree\directory.html <-- canal /home/ktn10/project/openjoda/content/static/tree directory.html
2000.12.18 02:56 B D:\kanan\Project\openjoda\tomcat\webapps\ROOT\content\static\tree\eventdistillertree.html <-- canal /home/ktn10/project/openjoda/content/static/tree eventdistillertree.html
2000.12.18 02:56 B D:\kanan\Project\openjoda\tomcat\webapps\ROOT\content\static\tree\eventnotifiertree.html <-- canal /home/ktn10/project/openjoda/content/static/tree eventnotifiertree.html
2000.12.18 02:56 B D:\kanan\Project\openjoda\tomcat\webapps\ROOT\content\static\tree\ftie4style.css <-- canal /home/ktn10/project/openjoda/content/static/tree ftie4style.css
2000.12.18 02:56 B D:\kanan\Project\openjoda\tomcat\webapps\ROOT\content\static\tree\ftiens4.js <-- canal /home/ktn10/project/openjoda/content/static/tree ftiens4.js
2000.12.18 02:56 B D:\kanan\Project\openjoda\tomcat\webapps\ROOT\content\static\tree\ftv2blank.gif <-- canal /home/ktn10/project/openjoda/content/static/tree ftv2blank.gif
2000.12.18 02:57 B D:\kanan\Project\openjoda\tomcat\webapps\ROOT\content\static\tree\ftv2doc.gif <-- canal /home/ktn10/project/openjoda/content/static/tree ftv2doc.gif
2000.12.18 02:57 B D:\kanan\Project\openjoda\tomcat\webapps\ROOT\content\static\tree\ftv2folderclosed.gif <-- canal /home/ktn10/project/openjoda/content/static/tree ftv2folderclosed.gif
2000.12.18 02:57 B D:\kanan\Project\openjoda\tomcat\webapps\ROOT\content\static\tree\ftv2folderopen.gif <-- canal /home/ktn10/project/openjoda/content/static/tree ftv2folderopen.gif
2000.12.18 02:57 B D:\kanan\Project\openjoda\tomcat\webapps\ROOT\content\static\tree\ftv2lastnode.gif <-- canal /home/ktn10/project/openjoda/content/static/tree ftv2lastnode.gif
2000.12.18 02:57 B D:\kanan\Project\openjoda\tomcat\webapps\ROOT\content\static\tree\ftv2link.gif <-- canal /home/ktn10/project/openjoda/content/static/tree ftv2link.gif
2000.12.18 02:57 B D:\kanan\Project\openjoda\tomcat\webapps\ROOT\content\static\tree\ftv2mlastnode.gif <-- canal /home/ktn10/project/openjoda/content/static/tree ftv2mlastnode.gif
2000.12.18 02:57 B D:\kanan\Project\openjoda\tomcat\webapps\ROOT\content\static\tree\ftv2mnode.gif <-- canal /home/ktn10/project/openjoda/content/static/tree ftv2mnode.gif
2000.12.18 02:57 B D:\kanan\Project\openjoda\tomcat\webapps\ROOT\content\static\tree\ftv2node.gif <-- canal /home/ktn10/project/openjoda/content/static/tree ftv2node.gif
2000.12.18 02:57 B D:\kanan\Project\openjoda\tomcat\webapps\ROOT\content\static\tree\ftv2plastnode.gif <-- canal /home/ktn10/project/openjoda/content/static/tree ftv2plastnode.gif
2000.12.18 02:57 B D:\kanan\Project\openjoda\tomcat\webapps\ROOT\content\static\tree\ftv2pnode.gif <-- canal /home/ktn10/project/openjoda/content/static/tree ftv2pnode.gif
2000.12.18 02:57 B D:\kanan\Project\openjoda\tomcat\webapps\ROOT\content\static\tree\ftv2vertline.gif <-- canal /home/ktn10/project/openjoda/content/static/tree ftv2vertline.gif
2000.12.18 02:57 B D:\kanan\Project\openjoda\tomcat\webapps\ROOT\content\static\tree\input.js <-- canal /home/ktn10/project/openjoda/content/static/tree input.js
2000.12.18 02:57 B D:\kanan\Project\openjoda\tomcat\webapps\ROOT\content\static\tree\kxtree.html <-- canal /home/ktn10/project/openjoda/content/static/tree kxtree.html
2000.12.18 02:57 B D:\kanan\Project\openjoda\tomcat\webapps\ROOT\content\static\tree\metaparsertree.html <-- canal /home/ktn10/project/openjoda/content/static/tree metaparsertree.html
2000.12.18 02:57 B D:\kanan\Project\openjoda\tomcat\webapps\ROOT\content\static\tree\oracletree.html <-- canal /home/ktn10/project/openjoda/content/static/tree oracletree.html
2000.12.18 02:57 B D:\kanan\Project\openjoda\tomcat\webapps\ROOT\content\static\tree\tree.html <-- canal /home/ktn10/project/openjoda/content/static/tree tree.html
2000.12.18 02:57 B D:\kanan\Project\openjoda\tomcat\webapps\ROOT\content\static\tree\wgcachetree.html <-- canal /home/ktn10/project/openjoda/content/static/tree wgcachetree.html
2000.12.18 02:57 B D:\kanan\Project\openjoda\tomcat\webapps\ROOT\content\static\tree\workletstree.html <-- canal /home/ktn10/project/openjoda/content/static/tree workletstree.html
2000.12.18 14:12 B D:\kanan\Project\openjoda\tomcat\webapps\ROOT\content\static\tree\component.html --> canal.psl.cs.columbia.edu /home/ktn10/project/openjoda/content/static/tree component.html
2000.12.18 14:12 B D:\kanan\Project\openjoda\tomcat\webapps\ROOT\content\static\tree\Copy of ftexample.html --> canal.psl.cs.columbia.edu /home/ktn10/project/openjoda/content/static/tree Copy of ftexample.html
2000.12.18 14:12 B D:\kanan\Project\openjoda\tomcat\webapps\ROOT\content\static\tree\directory.html --> canal.psl.cs.columbia.edu /home/ktn10/project/openjoda/content/static/tree directory.html
2000.12.18 14:12 B D:\kanan\Project\openjoda\tomcat\webapps\ROOT\content\static\tree\eventdistillertree.html --> canal.psl.cs.columbia.edu /home/ktn10/project/openjoda/content/static/tree eventdistillertree.html
2000.12.18 14:12 B D:\kanan\Project\openjoda\tomcat\webapps\ROOT\content\static\tree\eventnotifiertree.html --> canal.psl.cs.columbia.edu /home/ktn10/project/openjoda/content/static/tree eventnotifiertree.html
2000.12.18 14:12 B D:\kanan\Project\openjoda\tomcat\webapps\ROOT\content\static\tree\kxtree.html --> canal.psl.cs.columbia.edu /home/ktn10/project/openjoda/content/static/tree kxtree.html
2000.12.18 14:12 B D:\kanan\Project\openjoda\tomcat\webapps\ROOT\content\static\tree\metaparsertree.html --> canal.psl.cs.columbia.edu /home/ktn10/project/openjoda/content/static/tree metaparsertree.html
2000.12.18 14:12 B D:\kanan\Project\openjoda\tomcat\webapps\ROOT\content\static\tree\oracletree.html --> canal.psl.cs.columbia.edu /home/ktn10/project/openjoda/content/static/tree oracletree.html
2000.12.18 14:12 B D:\kanan\Project\openjoda\tomcat\webapps\ROOT\content\static\tree\tree.html --> canal.psl.cs.columbia.edu /home/ktn10/project/openjoda/content/static/tree tree.html
2000.12.18 14:12 B D:\kanan\Project\openjoda\tomcat\webapps\ROOT\content\static\tree\wgcachetree.html --> canal.psl.cs.columbia.edu /home/ktn10/project/openjoda/content/static/tree wgcachetree.html
2000.12.18 14:12 B D:\kanan\Project\openjoda\tomcat\webapps\ROOT\content\static\tree\workletstree.html --> canal.psl.cs.columbia.edu /home/ktn10/project/openjoda/content/static/tree workletstree.html
2000.12.18 14:12 B D:\kanan\Project\openjoda\tomcat\webapps\ROOT\content\static\tree\WS_FTP.LOG --> canal.psl.cs.columbia.edu /home/ktn10/project/openjoda/content/static/tree WS_FTP.LOG
2000.12.19 17:32 B D:\kanan\Project\openjoda\tomcat\webapps\ROOT\content\static\tree\directory.html --> canal.psl.cs.columbia.edu /home/ktn10/project/openjoda/content/static/tree directory.html
2000.12.19 17:32 B D:\kanan\Project\openjoda\tomcat\webapps\ROOT\content\static\tree\eventdistillertree.html --> canal.psl.cs.columbia.edu /home/ktn10/project/openjoda/content/static/tree eventdistillertree.html
2000.12.19 17:32 B D:\kanan\Project\openjoda\tomcat\webapps\ROOT\content\static\tree\eventnotifiertree.html --> canal.psl.cs.columbia.edu /home/ktn10/project/openjoda/content/static/tree eventnotifiertree.html
2000.12.19 17:32 B D:\kanan\Project\openjoda\tomcat\webapps\ROOT\content\static\tree\kxtree.html --> canal.psl.cs.columbia.edu /home/ktn10/project/openjoda/content/static/tree kxtree.html
2000.12.19 17:32 B D:\kanan\Project\openjoda\tomcat\webapps\ROOT\content\static\tree\metaparsertree.html --> canal.psl.cs.columbia.edu /home/ktn10/project/openjoda/content/static/tree metaparsertree.html
2000.12.19 17:32 B D:\kanan\Project\openjoda\tomcat\webapps\ROOT\content\static\tree\oracletree.html --> canal.psl.cs.columbia.edu /home/ktn10/project/openjoda/content/static/tree oracletree.html
2000.12.19 17:32 B D:\kanan\Project\openjoda\tomcat\webapps\ROOT\content\static\tree\tree.html --> canal.psl.cs.columbia.edu /home/ktn10/project/openjoda/content/static/tree tree.html
2000.12.19 17:32 B D:\kanan\Project\openjoda\tomcat\webapps\ROOT\content\static\tree\wgcachetree.html --> canal.psl.cs.columbia.edu /home/ktn10/project/openjoda/content/static/tree wgcachetree.html
2000.12.19 17:32 B D:\kanan\Project\openjoda\tomcat\webapps\ROOT\content\static\tree\workletstree.html --> canal.psl.cs.columbia.edu /home/ktn10/project/openjoda/content/static/tree workletstree.html
2000.12.19 17:32 B D:\kanan\Project\openjoda\tomcat\webapps\ROOT\content\static\tree\WS_FTP.LOG --> canal.psl.cs.columbia.edu /home/ktn10/project/openjoda/content/static/tree WS_FTP.LOG
2000.12.19 22:34 B D:\kanan\Project\openjoda\tomcat\webapps\ROOT\content\static\tree\directory.html --> canal.psl.cs.columbia.edu /home/ktn10/project/openjoda/content/static/tree directory.html
2000.12.19 22:34 B D:\kanan\Project\openjoda\tomcat\webapps\ROOT\content\static\tree\eventdistillertree.html --> canal.psl.cs.columbia.edu /home/ktn10/project/openjoda/content/static/tree eventdistillertree.html
2000.12.19 22:34 B D:\kanan\Project\openjoda\tomcat\webapps\ROOT\content\static\tree\eventnotifiertree.html --> canal.psl.cs.columbia.edu /home/ktn10/project/openjoda/content/static/tree eventnotifiertree.html
2000.12.19 22:34 B D:\kanan\Project\openjoda\tomcat\webapps\ROOT\content\static\tree\kxtree.html --> canal.psl.cs.columbia.edu /home/ktn10/project/openjoda/content/static/tree kxtree.html
2000.12.19 22:34 B D:\kanan\Project\openjoda\tomcat\webapps\ROOT\content\static\tree\metaparsertree.html --> canal.psl.cs.columbia.edu /home/ktn10/project/openjoda/content/static/tree metaparsertree.html
2000.12.19 22:34 B D:\kanan\Project\openjoda\tomcat\webapps\ROOT\content\static\tree\oracletree.html --> canal.psl.cs.columbia.edu /home/ktn10/project/openjoda/content/static/tree oracletree.html
2000.12.19 22:34 B D:\kanan\Project\openjoda\tomcat\webapps\ROOT\content\static\tree\tree.html --> canal.psl.cs.columbia.edu /home/ktn10/project/openjoda/content/static/tree tree.html
2000.12.19 22:34 B D:\kanan\Project\openjoda\tomcat\webapps\ROOT\content\static\tree\wgcachetree.html --> canal.psl.cs.columbia.edu /home/ktn10/project/openjoda/content/static/tree wgcachetree.html
2000.12.19 22:34 B D:\kanan\Project\openjoda\tomcat\webapps\ROOT\content\static\tree\workletstree.html --> canal.psl.cs.columbia.edu /home/ktn10/project/openjoda/content/static/tree workletstree.html
