2000.12.10 01:40 B D:\kanan\Project\openjoda\tomcat\webapps\ROOT\content\javascript\jetspeed\compose.js <-- canal /home/ktn10/project/openjoda/content/javascript/jetspeed compose.js
2000.12.10 01:40 B D:\kanan\Project\openjoda\tomcat\webapps\ROOT\content\javascript\jetspeed\delete_messages.js <-- canal /home/ktn10/project/openjoda/content/javascript/jetspeed delete_messages.js
2000.12.10 01:40 B D:\kanan\Project\openjoda\tomcat\webapps\ROOT\content\javascript\jetspeed\meta_search.js <-- canal /home/ktn10/project/openjoda/content/javascript/jetspeed meta_search.js
2000.12.17 16:53 B D:\kanan\Project\openjoda\tomcat\webapps\ROOT\content\javascript\jetspeed\compose.js --> canal.psl.cs.columbia.edu /home/ktn10/project/openjoda/content/javascript/jetspeed compose.js
2000.12.17 16:53 B D:\kanan\Project\openjoda\tomcat\webapps\ROOT\content\javascript\jetspeed\delete_messages.js --> canal.psl.cs.columbia.edu /home/ktn10/project/openjoda/content/javascript/jetspeed delete_messages.js
2000.12.17 16:53 B D:\kanan\Project\openjoda\tomcat\webapps\ROOT\content\javascript\jetspeed\meta_search.js --> canal.psl.cs.columbia.edu /home/ktn10/project/openjoda/content/javascript/jetspeed meta_search.js
2000.12.17 16:53 B D:\kanan\Project\openjoda\tomcat\webapps\ROOT\content\javascript\jetspeed\WS_FTP.LOG --> canal.psl.cs.columbia.edu /home/ktn10/project/openjoda/content/javascript/jetspeed WS_FTP.LOG
2000.12.17 23:55 B D:\kanan\Project\openjoda\tomcat\webapps\ROOT\content\javascript\jetspeed\compose.js --> canal.psl.cs.columbia.edu /home/ktn10/project/openjoda/content/javascript/jetspeed compose.js
2000.12.17 23:55 B D:\kanan\Project\openjoda\tomcat\webapps\ROOT\content\javascript\jetspeed\delete_messages.js --> canal.psl.cs.columbia.edu /home/ktn10/project/openjoda/content/javascript/jetspeed delete_messages.js
2000.12.17 23:55 B D:\kanan\Project\openjoda\tomcat\webapps\ROOT\content\javascript\jetspeed\meta_search.js --> canal.psl.cs.columbia.edu /home/ktn10/project/openjoda/content/javascript/jetspeed meta_search.js
2000.12.18 02:56 B D:\kanan\Project\openjoda\tomcat\webapps\ROOT\content\javascript\jetspeed\WS_FTP.LOG <-- canal /home/ktn10/project/openjoda/content/javascript/jetspeed WS_FTP.LOG
2000.12.18 14:12 B D:\kanan\Project\openjoda\tomcat\webapps\ROOT\content\javascript\jetspeed\compose.js --> canal.psl.cs.columbia.edu /home/ktn10/project/openjoda/content/javascript/jetspeed compose.js
2000.12.18 14:12 B D:\kanan\Project\openjoda\tomcat\webapps\ROOT\content\javascript\jetspeed\delete_messages.js --> canal.psl.cs.columbia.edu /home/ktn10/project/openjoda/content/javascript/jetspeed delete_messages.js
2000.12.18 14:12 B D:\kanan\Project\openjoda\tomcat\webapps\ROOT\content\javascript\jetspeed\meta_search.js --> canal.psl.cs.columbia.edu /home/ktn10/project/openjoda/content/javascript/jetspeed meta_search.js
2000.12.18 14:12 B D:\kanan\Project\openjoda\tomcat\webapps\ROOT\content\javascript\jetspeed\WS_FTP.LOG --> canal.psl.cs.columbia.edu /home/ktn10/project/openjoda/content/javascript/jetspeed WS_FTP.LOG
2000.12.19 17:31 B D:\kanan\Project\openjoda\tomcat\webapps\ROOT\content\javascript\jetspeed\compose.js --> canal.psl.cs.columbia.edu /home/ktn10/project/openjoda/content/javascript/jetspeed compose.js
2000.12.19 17:31 B D:\kanan\Project\openjoda\tomcat\webapps\ROOT\content\javascript\jetspeed\delete_messages.js --> canal.psl.cs.columbia.edu /home/ktn10/project/openjoda/content/javascript/jetspeed delete_messages.js
2000.12.19 17:31 B D:\kanan\Project\openjoda\tomcat\webapps\ROOT\content\javascript\jetspeed\meta_search.js --> canal.psl.cs.columbia.edu /home/ktn10/project/openjoda/content/javascript/jetspeed meta_search.js
2000.12.19 17:31 B D:\kanan\Project\openjoda\tomcat\webapps\ROOT\content\javascript\jetspeed\WS_FTP.LOG --> canal.psl.cs.columbia.edu /home/ktn10/project/openjoda/content/javascript/jetspeed WS_FTP.LOG
2000.12.19 22:34 B D:\kanan\Project\openjoda\tomcat\webapps\ROOT\content\javascript\jetspeed\compose.js --> canal.psl.cs.columbia.edu /home/ktn10/project/openjoda/content/javascript/jetspeed compose.js
2000.12.19 22:34 B D:\kanan\Project\openjoda\tomcat\webapps\ROOT\content\javascript\jetspeed\delete_messages.js --> canal.psl.cs.columbia.edu /home/ktn10/project/openjoda/content/javascript/jetspeed delete_messages.js
2000.12.19 22:34 B D:\kanan\Project\openjoda\tomcat\webapps\ROOT\content\javascript\jetspeed\meta_search.js --> canal.psl.cs.columbia.edu /home/ktn10/project/openjoda/content/javascript/jetspeed meta_search.js
