2000.12.10 01:39 B D:\kanan\Project\openjoda\tomcat\webapps\ROOT\content\images\layout\dn.gif <-- canal /home/ktn10/project/openjoda/content/images/layout dn.gif
2000.12.10 01:39 B D:\kanan\Project\openjoda\tomcat\webapps\ROOT\content\images\layout\klammerLeftVertical.gif <-- canal /home/ktn10/project/openjoda/content/images/layout klammerLeftVertical.gif
2000.12.10 01:39 B D:\kanan\Project\openjoda\tomcat\webapps\ROOT\content\images\layout\lt.gif <-- canal /home/ktn10/project/openjoda/content/images/layout lt.gif
2000.12.10 01:39 B D:\kanan\Project\openjoda\tomcat\webapps\ROOT\content\images\layout\rt.gif <-- canal /home/ktn10/project/openjoda/content/images/layout rt.gif
2000.12.10 01:39 B D:\kanan\Project\openjoda\tomcat\webapps\ROOT\content\images\layout\up.gif <-- canal /home/ktn10/project/openjoda/content/images/layout up.gif
2000.12.10 01:39 B D:\kanan\Project\openjoda\tomcat\webapps\ROOT\content\images\layout\x.gif <-- canal /home/ktn10/project/openjoda/content/images/layout x.gif
2000.12.17 16:52 B D:\kanan\Project\openjoda\tomcat\webapps\ROOT\content\images\layout\dn.gif --> canal.psl.cs.columbia.edu /home/ktn10/project/openjoda/content/images/layout dn.gif
2000.12.17 16:52 B D:\kanan\Project\openjoda\tomcat\webapps\ROOT\content\images\layout\klammerLeftVertical.gif --> canal.psl.cs.columbia.edu /home/ktn10/project/openjoda/content/images/layout klammerLeftVertical.gif
2000.12.17 16:52 B D:\kanan\Project\openjoda\tomcat\webapps\ROOT\content\images\layout\lt.gif --> canal.psl.cs.columbia.edu /home/ktn10/project/openjoda/content/images/layout lt.gif
2000.12.17 16:52 B D:\kanan\Project\openjoda\tomcat\webapps\ROOT\content\images\layout\rt.gif --> canal.psl.cs.columbia.edu /home/ktn10/project/openjoda/content/images/layout rt.gif
2000.12.17 16:52 B D:\kanan\Project\openjoda\tomcat\webapps\ROOT\content\images\layout\up.gif --> canal.psl.cs.columbia.edu /home/ktn10/project/openjoda/content/images/layout up.gif
2000.12.17 16:52 B D:\kanan\Project\openjoda\tomcat\webapps\ROOT\content\images\layout\WS_FTP.LOG --> canal.psl.cs.columbia.edu /home/ktn10/project/openjoda/content/images/layout WS_FTP.LOG
2000.12.17 16:52 B D:\kanan\Project\openjoda\tomcat\webapps\ROOT\content\images\layout\x.gif --> canal.psl.cs.columbia.edu /home/ktn10/project/openjoda/content/images/layout x.gif
2000.12.17 23:47 B D:\kanan\Project\openjoda\tomcat\webapps\ROOT\content\images\layout\dn.gif --> canal.psl.cs.columbia.edu /home/ktn10/project/openjoda/content/images/layout dn.gif
2000.12.17 23:47 B D:\kanan\Project\openjoda\tomcat\webapps\ROOT\content\images\layout\klammerLeftVertical.gif --> canal.psl.cs.columbia.edu /home/ktn10/project/openjoda/content/images/layout klammerLeftVertical.gif
2000.12.17 23:47 B D:\kanan\Project\openjoda\tomcat\webapps\ROOT\content\images\layout\lt.gif --> canal.psl.cs.columbia.edu /home/ktn10/project/openjoda/content/images/layout lt.gif
2000.12.17 23:47 B D:\kanan\Project\openjoda\tomcat\webapps\ROOT\content\images\layout\rt.gif --> canal.psl.cs.columbia.edu /home/ktn10/project/openjoda/content/images/layout rt.gif
2000.12.17 23:47 B D:\kanan\Project\openjoda\tomcat\webapps\ROOT\content\images\layout\up.gif --> canal.psl.cs.columbia.edu /home/ktn10/project/openjoda/content/images/layout up.gif
2000.12.17 23:47 B D:\kanan\Project\openjoda\tomcat\webapps\ROOT\content\images\layout\WS_FTP.LOG --> canal.psl.cs.columbia.edu /home/ktn10/project/openjoda/content/images/layout WS_FTP.LOG
2000.12.17 23:47 B D:\kanan\Project\openjoda\tomcat\webapps\ROOT\content\images\layout\x.gif --> canal.psl.cs.columbia.edu /home/ktn10/project/openjoda/content/images/layout x.gif
2000.12.17 23:54 B D:\kanan\Project\openjoda\tomcat\webapps\ROOT\content\images\layout\dn.gif --> canal.psl.cs.columbia.edu /home/ktn10/project/openjoda/content/images/layout dn.gif
2000.12.17 23:54 B D:\kanan\Project\openjoda\tomcat\webapps\ROOT\content\images\layout\klammerLeftVertical.gif --> canal.psl.cs.columbia.edu /home/ktn10/project/openjoda/content/images/layout klammerLeftVertical.gif
2000.12.17 23:54 B D:\kanan\Project\openjoda\tomcat\webapps\ROOT\content\images\layout\lt.gif --> canal.psl.cs.columbia.edu /home/ktn10/project/openjoda/content/images/layout lt.gif
2000.12.17 23:54 B D:\kanan\Project\openjoda\tomcat\webapps\ROOT\content\images\layout\rt.gif --> canal.psl.cs.columbia.edu /home/ktn10/project/openjoda/content/images/layout rt.gif
2000.12.17 23:54 B D:\kanan\Project\openjoda\tomcat\webapps\ROOT\content\images\layout\up.gif --> canal.psl.cs.columbia.edu /home/ktn10/project/openjoda/content/images/layout up.gif
2000.12.18 02:56 B D:\kanan\Project\openjoda\tomcat\webapps\ROOT\content\images\layout\WS_FTP.LOG <-- canal /home/ktn10/project/openjoda/content/images/layout WS_FTP.LOG
2000.12.18 02:56 B D:\kanan\Project\openjoda\tomcat\webapps\ROOT\content\images\layout\x.gif <-- canal /home/ktn10/project/openjoda/content/images/layout x.gif
2000.12.18 14:11 B D:\kanan\Project\openjoda\tomcat\webapps\ROOT\content\images\layout\dn.gif --> canal.psl.cs.columbia.edu /home/ktn10/project/openjoda/content/images/layout dn.gif
2000.12.18 14:11 B D:\kanan\Project\openjoda\tomcat\webapps\ROOT\content\images\layout\klammerLeftVertical.gif --> canal.psl.cs.columbia.edu /home/ktn10/project/openjoda/content/images/layout klammerLeftVertical.gif
2000.12.18 14:11 B D:\kanan\Project\openjoda\tomcat\webapps\ROOT\content\images\layout\lt.gif --> canal.psl.cs.columbia.edu /home/ktn10/project/openjoda/content/images/layout lt.gif
2000.12.18 14:11 B D:\kanan\Project\openjoda\tomcat\webapps\ROOT\content\images\layout\rt.gif --> canal.psl.cs.columbia.edu /home/ktn10/project/openjoda/content/images/layout rt.gif
2000.12.18 14:11 B D:\kanan\Project\openjoda\tomcat\webapps\ROOT\content\images\layout\up.gif --> canal.psl.cs.columbia.edu /home/ktn10/project/openjoda/content/images/layout up.gif
2000.12.18 14:11 B D:\kanan\Project\openjoda\tomcat\webapps\ROOT\content\images\layout\WS_FTP.LOG --> canal.psl.cs.columbia.edu /home/ktn10/project/openjoda/content/images/layout WS_FTP.LOG
2000.12.18 14:11 B D:\kanan\Project\openjoda\tomcat\webapps\ROOT\content\images\layout\x.gif --> canal.psl.cs.columbia.edu /home/ktn10/project/openjoda/content/images/layout x.gif
2000.12.19 17:30 B D:\kanan\Project\openjoda\tomcat\webapps\ROOT\content\images\layout\dn.gif --> canal.psl.cs.columbia.edu /home/ktn10/project/openjoda/content/images/layout dn.gif
2000.12.19 17:30 B D:\kanan\Project\openjoda\tomcat\webapps\ROOT\content\images\layout\klammerLeftVertical.gif --> canal.psl.cs.columbia.edu /home/ktn10/project/openjoda/content/images/layout klammerLeftVertical.gif
2000.12.19 17:30 B D:\kanan\Project\openjoda\tomcat\webapps\ROOT\content\images\layout\lt.gif --> canal.psl.cs.columbia.edu /home/ktn10/project/openjoda/content/images/layout lt.gif
2000.12.19 17:30 B D:\kanan\Project\openjoda\tomcat\webapps\ROOT\content\images\layout\rt.gif --> canal.psl.cs.columbia.edu /home/ktn10/project/openjoda/content/images/layout rt.gif
2000.12.19 17:30 B D:\kanan\Project\openjoda\tomcat\webapps\ROOT\content\images\layout\up.gif --> canal.psl.cs.columbia.edu /home/ktn10/project/openjoda/content/images/layout up.gif
2000.12.19 17:30 B D:\kanan\Project\openjoda\tomcat\webapps\ROOT\content\images\layout\WS_FTP.LOG --> canal.psl.cs.columbia.edu /home/ktn10/project/openjoda/content/images/layout WS_FTP.LOG
2000.12.19 17:30 B D:\kanan\Project\openjoda\tomcat\webapps\ROOT\content\images\layout\x.gif --> canal.psl.cs.columbia.edu /home/ktn10/project/openjoda/content/images/layout x.gif
2000.12.19 22:29 B D:\kanan\Project\openjoda\tomcat\webapps\ROOT\content\images\layout\dn.gif --> canal.psl.cs.columbia.edu /home/ktn10/project/openjoda/content/images/layout dn.gif
2000.12.19 22:29 B D:\kanan\Project\openjoda\tomcat\webapps\ROOT\content\images\layout\klammerLeftVertical.gif --> canal.psl.cs.columbia.edu /home/ktn10/project/openjoda/content/images/layout klammerLeftVertical.gif
2000.12.19 22:29 B D:\kanan\Project\openjoda\tomcat\webapps\ROOT\content\images\layout\lt.gif --> canal.psl.cs.columbia.edu /home/ktn10/project/openjoda/content/images/layout lt.gif
2000.12.19 22:29 B D:\kanan\Project\openjoda\tomcat\webapps\ROOT\content\images\layout\rt.gif --> canal.psl.cs.columbia.edu /home/ktn10/project/openjoda/content/images/layout rt.gif
2000.12.19 22:29 B D:\kanan\Project\openjoda\tomcat\webapps\ROOT\content\images\layout\up.gif --> canal.psl.cs.columbia.edu /home/ktn10/project/openjoda/content/images/layout up.gif
2000.12.19 22:29 B D:\kanan\Project\openjoda\tomcat\webapps\ROOT\content\images\layout\WS_FTP.LOG --> canal.psl.cs.columbia.edu /home/ktn10/project/openjoda/content/images/layout WS_FTP.LOG
2000.12.19 22:29 B D:\kanan\Project\openjoda\tomcat\webapps\ROOT\content\images\layout\x.gif --> canal.psl.cs.columbia.edu /home/ktn10/project/openjoda/content/images/layout x.gif
2000.12.19 22:33 B D:\kanan\Project\openjoda\tomcat\webapps\ROOT\content\images\layout\dn.gif --> canal.psl.cs.columbia.edu /home/ktn10/project/openjoda/content/images/layout dn.gif
2000.12.19 22:33 B D:\kanan\Project\openjoda\tomcat\webapps\ROOT\content\images\layout\klammerLeftVertical.gif --> canal.psl.cs.columbia.edu /home/ktn10/project/openjoda/content/images/layout klammerLeftVertical.gif
2000.12.19 22:33 B D:\kanan\Project\openjoda\tomcat\webapps\ROOT\content\images\layout\lt.gif --> canal.psl.cs.columbia.edu /home/ktn10/project/openjoda/content/images/layout lt.gif
2000.12.19 22:33 B D:\kanan\Project\openjoda\tomcat\webapps\ROOT\content\images\layout\rt.gif --> canal.psl.cs.columbia.edu /home/ktn10/project/openjoda/content/images/layout rt.gif
2000.12.19 22:33 B D:\kanan\Project\openjoda\tomcat\webapps\ROOT\content\images\layout\up.gif --> canal.psl.cs.columbia.edu /home/ktn10/project/openjoda/content/images/layout up.gif
