2000.12.10 01:40 B D:\kanan\Project\openjoda\tomcat\webapps\ROOT\content\javascript\config.js <-- canal /home/ktn10/project/openjoda/content/javascript config.js
2000.12.10 01:40 B D:\kanan\Project\openjoda\tomcat\webapps\ROOT\content\javascript\DHTML.js <-- canal /home/ktn10/project/openjoda/content/javascript DHTML.js
2000.12.10 01:40 B D:\kanan\Project\openjoda\tomcat\webapps\ROOT\content\javascript\dynamic_menus.js <-- canal /home/ktn10/project/openjoda/content/javascript dynamic_menus.js
2000.12.10 01:40 B D:\kanan\Project\openjoda\tomcat\webapps\ROOT\content\javascript\images.js <-- canal /home/ktn10/project/openjoda/content/javascript images.js
2000.12.17 16:53 B D:\kanan\Project\openjoda\tomcat\webapps\ROOT\content\javascript\config.js --> canal.psl.cs.columbia.edu /home/ktn10/project/openjoda/content/javascript config.js
2000.12.17 16:53 B D:\kanan\Project\openjoda\tomcat\webapps\ROOT\content\javascript\DHTML.js --> canal.psl.cs.columbia.edu /home/ktn10/project/openjoda/content/javascript DHTML.js
2000.12.17 16:53 B D:\kanan\Project\openjoda\tomcat\webapps\ROOT\content\javascript\dynamic_menus.js --> canal.psl.cs.columbia.edu /home/ktn10/project/openjoda/content/javascript dynamic_menus.js
2000.12.17 16:53 B D:\kanan\Project\openjoda\tomcat\webapps\ROOT\content\javascript\images.js --> canal.psl.cs.columbia.edu /home/ktn10/project/openjoda/content/javascript images.js
2000.12.17 16:53 B D:\kanan\Project\openjoda\tomcat\webapps\ROOT\content\javascript\WS_FTP.LOG --> canal.psl.cs.columbia.edu /home/ktn10/project/openjoda/content/javascript WS_FTP.LOG
2000.12.17 23:55 B D:\kanan\Project\openjoda\tomcat\webapps\ROOT\content\javascript\config.js --> canal.psl.cs.columbia.edu /home/ktn10/project/openjoda/content/javascript config.js
2000.12.17 23:55 B D:\kanan\Project\openjoda\tomcat\webapps\ROOT\content\javascript\DHTML.js --> canal.psl.cs.columbia.edu /home/ktn10/project/openjoda/content/javascript DHTML.js
2000.12.17 23:55 B D:\kanan\Project\openjoda\tomcat\webapps\ROOT\content\javascript\dynamic_menus.js --> canal.psl.cs.columbia.edu /home/ktn10/project/openjoda/content/javascript dynamic_menus.js
2000.12.17 23:55 B D:\kanan\Project\openjoda\tomcat\webapps\ROOT\content\javascript\images.js --> canal.psl.cs.columbia.edu /home/ktn10/project/openjoda/content/javascript images.js
2000.12.18 02:56 B D:\kanan\Project\openjoda\tomcat\webapps\ROOT\content\javascript\WS_FTP.LOG <-- canal /home/ktn10/project/openjoda/content/javascript WS_FTP.LOG
2000.12.18 14:12 B D:\kanan\Project\openjoda\tomcat\webapps\ROOT\content\javascript\config.js --> canal.psl.cs.columbia.edu /home/ktn10/project/openjoda/content/javascript config.js
2000.12.18 14:12 B D:\kanan\Project\openjoda\tomcat\webapps\ROOT\content\javascript\Copy of ftiens4.js --> canal.psl.cs.columbia.edu /home/ktn10/project/openjoda/content/javascript Copy of ftiens4.js
2000.12.18 14:12 B D:\kanan\Project\openjoda\tomcat\webapps\ROOT\content\javascript\DHTML.js --> canal.psl.cs.columbia.edu /home/ktn10/project/openjoda/content/javascript DHTML.js
2000.12.18 14:12 B D:\kanan\Project\openjoda\tomcat\webapps\ROOT\content\javascript\dynamic_menus.js --> canal.psl.cs.columbia.edu /home/ktn10/project/openjoda/content/javascript dynamic_menus.js
2000.12.18 14:12 B D:\kanan\Project\openjoda\tomcat\webapps\ROOT\content\javascript\ftiens4.js --> canal.psl.cs.columbia.edu /home/ktn10/project/openjoda/content/javascript ftiens4.js
2000.12.18 14:12 B D:\kanan\Project\openjoda\tomcat\webapps\ROOT\content\javascript\images.js --> canal.psl.cs.columbia.edu /home/ktn10/project/openjoda/content/javascript images.js
2000.12.18 14:12 B D:\kanan\Project\openjoda\tomcat\webapps\ROOT\content\javascript\input.js --> canal.psl.cs.columbia.edu /home/ktn10/project/openjoda/content/javascript input.js
2000.12.18 14:12 B D:\kanan\Project\openjoda\tomcat\webapps\ROOT\content\javascript\WS_FTP.LOG --> canal.psl.cs.columbia.edu /home/ktn10/project/openjoda/content/javascript WS_FTP.LOG
2000.12.19 17:31 B D:\kanan\Project\openjoda\tomcat\webapps\ROOT\content\javascript\config.js --> canal.psl.cs.columbia.edu /home/ktn10/project/openjoda/content/javascript config.js
2000.12.19 17:31 B D:\kanan\Project\openjoda\tomcat\webapps\ROOT\content\javascript\Copy of ftiens4.js --> canal.psl.cs.columbia.edu /home/ktn10/project/openjoda/content/javascript Copy of ftiens4.js
2000.12.19 17:31 B D:\kanan\Project\openjoda\tomcat\webapps\ROOT\content\javascript\DHTML.js --> canal.psl.cs.columbia.edu /home/ktn10/project/openjoda/content/javascript DHTML.js
2000.12.19 17:31 B D:\kanan\Project\openjoda\tomcat\webapps\ROOT\content\javascript\dynamic_menus.js --> canal.psl.cs.columbia.edu /home/ktn10/project/openjoda/content/javascript dynamic_menus.js
2000.12.19 17:31 B D:\kanan\Project\openjoda\tomcat\webapps\ROOT\content\javascript\ftiens4.js --> canal.psl.cs.columbia.edu /home/ktn10/project/openjoda/content/javascript ftiens4.js
2000.12.19 17:31 B D:\kanan\Project\openjoda\tomcat\webapps\ROOT\content\javascript\images.js --> canal.psl.cs.columbia.edu /home/ktn10/project/openjoda/content/javascript images.js
2000.12.19 17:31 B D:\kanan\Project\openjoda\tomcat\webapps\ROOT\content\javascript\input.js --> canal.psl.cs.columbia.edu /home/ktn10/project/openjoda/content/javascript input.js
2000.12.19 17:31 B D:\kanan\Project\openjoda\tomcat\webapps\ROOT\content\javascript\WS_FTP.LOG --> canal.psl.cs.columbia.edu /home/ktn10/project/openjoda/content/javascript WS_FTP.LOG
2000.12.19 22:34 B D:\kanan\Project\openjoda\tomcat\webapps\ROOT\content\javascript\config.js --> canal.psl.cs.columbia.edu /home/ktn10/project/openjoda/content/javascript config.js
2000.12.19 22:34 B D:\kanan\Project\openjoda\tomcat\webapps\ROOT\content\javascript\Copy of ftiens4.js --> canal.psl.cs.columbia.edu /home/ktn10/project/openjoda/content/javascript Copy of ftiens4.js
2000.12.19 22:34 B D:\kanan\Project\openjoda\tomcat\webapps\ROOT\content\javascript\DHTML.js --> canal.psl.cs.columbia.edu /home/ktn10/project/openjoda/content/javascript DHTML.js
2000.12.19 22:34 B D:\kanan\Project\openjoda\tomcat\webapps\ROOT\content\javascript\dynamic_menus.js --> canal.psl.cs.columbia.edu /home/ktn10/project/openjoda/content/javascript dynamic_menus.js
2000.12.19 22:34 B D:\kanan\Project\openjoda\tomcat\webapps\ROOT\content\javascript\ftiens4.js --> canal.psl.cs.columbia.edu /home/ktn10/project/openjoda/content/javascript ftiens4.js
2000.12.19 22:34 B D:\kanan\Project\openjoda\tomcat\webapps\ROOT\content\javascript\images.js --> canal.psl.cs.columbia.edu /home/ktn10/project/openjoda/content/javascript images.js
2000.12.19 22:34 B D:\kanan\Project\openjoda\tomcat\webapps\ROOT\content\javascript\input.js --> canal.psl.cs.columbia.edu /home/ktn10/project/openjoda/content/javascript input.js
