2000.12.10 01:39 B D:\kanan\Project\openjoda\tomcat\webapps\ROOT\content\dynamic\portletbrowser\xsp\index.xml <-- canal /home/ktn10/project/openjoda/content/dynamic/portletbrowser/xsp index.xml
2000.12.10 01:39 B D:\kanan\Project\openjoda\tomcat\webapps\ROOT\content\dynamic\portletbrowser\xsp\index.xsl <-- canal /home/ktn10/project/openjoda/content/dynamic/portletbrowser/xsp index.xsl
2000.12.10 01:39 B D:\kanan\Project\openjoda\tomcat\webapps\ROOT\content\dynamic\portletbrowser\xsp\search.xml <-- canal /home/ktn10/project/openjoda/content/dynamic/portletbrowser/xsp search.xml
2000.12.10 01:39 B D:\kanan\Project\openjoda\tomcat\webapps\ROOT\content\dynamic\portletbrowser\xsp\search.xsl <-- canal /home/ktn10/project/openjoda/content/dynamic/portletbrowser/xsp search.xsl
2000.12.17 16:51 B D:\kanan\Project\openjoda\tomcat\webapps\ROOT\content\dynamic\portletbrowser\xsp\index.xml --> canal.psl.cs.columbia.edu /home/ktn10/project/openjoda/content/dynamic/portletbrowser/xsp index.xml
2000.12.17 16:51 B D:\kanan\Project\openjoda\tomcat\webapps\ROOT\content\dynamic\portletbrowser\xsp\index.xsl --> canal.psl.cs.columbia.edu /home/ktn10/project/openjoda/content/dynamic/portletbrowser/xsp index.xsl
2000.12.17 16:51 B D:\kanan\Project\openjoda\tomcat\webapps\ROOT\content\dynamic\portletbrowser\xsp\search.xml --> canal.psl.cs.columbia.edu /home/ktn10/project/openjoda/content/dynamic/portletbrowser/xsp search.xml
2000.12.17 16:51 B D:\kanan\Project\openjoda\tomcat\webapps\ROOT\content\dynamic\portletbrowser\xsp\search.xsl --> canal.psl.cs.columbia.edu /home/ktn10/project/openjoda/content/dynamic/portletbrowser/xsp search.xsl
2000.12.17 16:51 B D:\kanan\Project\openjoda\tomcat\webapps\ROOT\content\dynamic\portletbrowser\xsp\WS_FTP.LOG --> canal.psl.cs.columbia.edu /home/ktn10/project/openjoda/content/dynamic/portletbrowser/xsp WS_FTP.LOG
2000.12.17 23:46 B D:\kanan\Project\openjoda\tomcat\webapps\ROOT\content\dynamic\portletbrowser\xsp\index.xml --> canal.psl.cs.columbia.edu /home/ktn10/project/openjoda/content/dynamic/portletbrowser/xsp index.xml
2000.12.17 23:46 B D:\kanan\Project\openjoda\tomcat\webapps\ROOT\content\dynamic\portletbrowser\xsp\index.xsl --> canal.psl.cs.columbia.edu /home/ktn10/project/openjoda/content/dynamic/portletbrowser/xsp index.xsl
2000.12.17 23:46 B D:\kanan\Project\openjoda\tomcat\webapps\ROOT\content\dynamic\portletbrowser\xsp\search.xml --> canal.psl.cs.columbia.edu /home/ktn10/project/openjoda/content/dynamic/portletbrowser/xsp search.xml
2000.12.17 23:46 B D:\kanan\Project\openjoda\tomcat\webapps\ROOT\content\dynamic\portletbrowser\xsp\search.xsl --> canal.psl.cs.columbia.edu /home/ktn10/project/openjoda/content/dynamic/portletbrowser/xsp search.xsl
2000.12.17 23:46 B D:\kanan\Project\openjoda\tomcat\webapps\ROOT\content\dynamic\portletbrowser\xsp\WS_FTP.LOG --> canal.psl.cs.columbia.edu /home/ktn10/project/openjoda/content/dynamic/portletbrowser/xsp WS_FTP.LOG
2000.12.17 23:53 B D:\kanan\Project\openjoda\tomcat\webapps\ROOT\content\dynamic\portletbrowser\xsp\index.xml --> canal.psl.cs.columbia.edu /home/ktn10/project/openjoda/content/dynamic/portletbrowser/xsp index.xml
2000.12.17 23:53 B D:\kanan\Project\openjoda\tomcat\webapps\ROOT\content\dynamic\portletbrowser\xsp\index.xsl --> canal.psl.cs.columbia.edu /home/ktn10/project/openjoda/content/dynamic/portletbrowser/xsp index.xsl
2000.12.17 23:53 B D:\kanan\Project\openjoda\tomcat\webapps\ROOT\content\dynamic\portletbrowser\xsp\search.xml --> canal.psl.cs.columbia.edu /home/ktn10/project/openjoda/content/dynamic/portletbrowser/xsp search.xml
2000.12.17 23:53 B D:\kanan\Project\openjoda\tomcat\webapps\ROOT\content\dynamic\portletbrowser\xsp\search.xsl --> canal.psl.cs.columbia.edu /home/ktn10/project/openjoda/content/dynamic/portletbrowser/xsp search.xsl
2000.12.18 02:56 B D:\kanan\Project\openjoda\tomcat\webapps\ROOT\content\dynamic\portletbrowser\xsp\WS_FTP.LOG <-- canal /home/ktn10/project/openjoda/content/dynamic/portletbrowser/xsp WS_FTP.LOG
2000.12.18 14:11 B D:\kanan\Project\openjoda\tomcat\webapps\ROOT\content\dynamic\portletbrowser\xsp\index.xml --> canal.psl.cs.columbia.edu /home/ktn10/project/openjoda/content/dynamic/portletbrowser/xsp index.xml
2000.12.18 14:11 B D:\kanan\Project\openjoda\tomcat\webapps\ROOT\content\dynamic\portletbrowser\xsp\index.xsl --> canal.psl.cs.columbia.edu /home/ktn10/project/openjoda/content/dynamic/portletbrowser/xsp index.xsl
2000.12.18 14:11 B D:\kanan\Project\openjoda\tomcat\webapps\ROOT\content\dynamic\portletbrowser\xsp\search.xml --> canal.psl.cs.columbia.edu /home/ktn10/project/openjoda/content/dynamic/portletbrowser/xsp search.xml
2000.12.18 14:11 B D:\kanan\Project\openjoda\tomcat\webapps\ROOT\content\dynamic\portletbrowser\xsp\search.xsl --> canal.psl.cs.columbia.edu /home/ktn10/project/openjoda/content/dynamic/portletbrowser/xsp search.xsl
2000.12.18 14:11 B D:\kanan\Project\openjoda\tomcat\webapps\ROOT\content\dynamic\portletbrowser\xsp\WS_FTP.LOG --> canal.psl.cs.columbia.edu /home/ktn10/project/openjoda/content/dynamic/portletbrowser/xsp WS_FTP.LOG
2000.12.19 17:30 B D:\kanan\Project\openjoda\tomcat\webapps\ROOT\content\dynamic\portletbrowser\xsp\index.xml --> canal.psl.cs.columbia.edu /home/ktn10/project/openjoda/content/dynamic/portletbrowser/xsp index.xml
2000.12.19 17:30 B D:\kanan\Project\openjoda\tomcat\webapps\ROOT\content\dynamic\portletbrowser\xsp\index.xsl --> canal.psl.cs.columbia.edu /home/ktn10/project/openjoda/content/dynamic/portletbrowser/xsp index.xsl
2000.12.19 17:30 B D:\kanan\Project\openjoda\tomcat\webapps\ROOT\content\dynamic\portletbrowser\xsp\search.xml --> canal.psl.cs.columbia.edu /home/ktn10/project/openjoda/content/dynamic/portletbrowser/xsp search.xml
2000.12.19 17:30 B D:\kanan\Project\openjoda\tomcat\webapps\ROOT\content\dynamic\portletbrowser\xsp\search.xsl --> canal.psl.cs.columbia.edu /home/ktn10/project/openjoda/content/dynamic/portletbrowser/xsp search.xsl
2000.12.19 17:30 B D:\kanan\Project\openjoda\tomcat\webapps\ROOT\content\dynamic\portletbrowser\xsp\WS_FTP.LOG --> canal.psl.cs.columbia.edu /home/ktn10/project/openjoda/content/dynamic/portletbrowser/xsp WS_FTP.LOG
2000.12.19 22:29 B D:\kanan\Project\openjoda\tomcat\webapps\ROOT\content\dynamic\portletbrowser\xsp\index.xml --> canal.psl.cs.columbia.edu /home/ktn10/project/openjoda/content/dynamic/portletbrowser/xsp index.xml
2000.12.19 22:29 B D:\kanan\Project\openjoda\tomcat\webapps\ROOT\content\dynamic\portletbrowser\xsp\index.xsl --> canal.psl.cs.columbia.edu /home/ktn10/project/openjoda/content/dynamic/portletbrowser/xsp index.xsl
2000.12.19 22:29 B D:\kanan\Project\openjoda\tomcat\webapps\ROOT\content\dynamic\portletbrowser\xsp\search.xml --> canal.psl.cs.columbia.edu /home/ktn10/project/openjoda/content/dynamic/portletbrowser/xsp search.xml
2000.12.19 22:29 B D:\kanan\Project\openjoda\tomcat\webapps\ROOT\content\dynamic\portletbrowser\xsp\search.xsl --> canal.psl.cs.columbia.edu /home/ktn10/project/openjoda/content/dynamic/portletbrowser/xsp search.xsl
2000.12.19 22:29 B D:\kanan\Project\openjoda\tomcat\webapps\ROOT\content\dynamic\portletbrowser\xsp\WS_FTP.LOG --> canal.psl.cs.columbia.edu /home/ktn10/project/openjoda/content/dynamic/portletbrowser/xsp WS_FTP.LOG
2000.12.19 22:32 B D:\kanan\Project\openjoda\tomcat\webapps\ROOT\content\dynamic\portletbrowser\xsp\index.xml --> canal.psl.cs.columbia.edu /home/ktn10/project/openjoda/content/dynamic/portletbrowser/xsp index.xml
2000.12.19 22:32 B D:\kanan\Project\openjoda\tomcat\webapps\ROOT\content\dynamic\portletbrowser\xsp\index.xsl --> canal.psl.cs.columbia.edu /home/ktn10/project/openjoda/content/dynamic/portletbrowser/xsp index.xsl
2000.12.19 22:32 B D:\kanan\Project\openjoda\tomcat\webapps\ROOT\content\dynamic\portletbrowser\xsp\search.xml --> canal.psl.cs.columbia.edu /home/ktn10/project/openjoda/content/dynamic/portletbrowser/xsp search.xml
2000.12.19 22:32 B D:\kanan\Project\openjoda\tomcat\webapps\ROOT\content\dynamic\portletbrowser\xsp\search.xsl --> canal.psl.cs.columbia.edu /home/ktn10/project/openjoda/content/dynamic/portletbrowser/xsp search.xsl
