2000.12.10 01:39 B D:\kanan\Project\openjoda\tomcat\webapps\ROOT\content\images\topics\apache.gif <-- canal /home/ktn10/project/openjoda/content/images/topics apache.gif
2000.12.10 01:39 B D:\kanan\Project\openjoda\tomcat\webapps\ROOT\content\images\topics\ibm.gif <-- canal /home/ktn10/project/openjoda/content/images/topics ibm.gif
2000.12.10 01:39 B D:\kanan\Project\openjoda\tomcat\webapps\ROOT\content\images\topics\internet.gif <-- canal /home/ktn10/project/openjoda/content/images/topics internet.gif
2000.12.10 01:39 B D:\kanan\Project\openjoda\tomcat\webapps\ROOT\content\images\topics\java.gif <-- canal /home/ktn10/project/openjoda/content/images/topics java.gif
2000.12.10 01:39 B D:\kanan\Project\openjoda\tomcat\webapps\ROOT\content\images\topics\jetspeed.gif <-- canal /home/ktn10/project/openjoda/content/images/topics jetspeed.gif
2000.12.10 01:39 B D:\kanan\Project\openjoda\tomcat\webapps\ROOT\content\images\topics\linux.gif <-- canal /home/ktn10/project/openjoda/content/images/topics linux.gif
2000.12.10 01:39 B D:\kanan\Project\openjoda\tomcat\webapps\ROOT\content\images\topics\news.gif <-- canal /home/ktn10/project/openjoda/content/images/topics news.gif
2000.12.10 01:39 B D:\kanan\Project\openjoda\tomcat\webapps\ROOT\content\images\topics\programming.gif <-- canal /home/ktn10/project/openjoda/content/images/topics programming.gif
2000.12.10 01:39 B D:\kanan\Project\openjoda\tomcat\webapps\ROOT\content\images\topics\sun.gif <-- canal /home/ktn10/project/openjoda/content/images/topics sun.gif
2000.12.17 16:52 B D:\kanan\Project\openjoda\tomcat\webapps\ROOT\content\images\topics\apache.gif --> canal.psl.cs.columbia.edu /home/ktn10/project/openjoda/content/images/topics apache.gif
2000.12.17 16:52 B D:\kanan\Project\openjoda\tomcat\webapps\ROOT\content\images\topics\ibm.gif --> canal.psl.cs.columbia.edu /home/ktn10/project/openjoda/content/images/topics ibm.gif
2000.12.17 16:52 B D:\kanan\Project\openjoda\tomcat\webapps\ROOT\content\images\topics\internet.gif --> canal.psl.cs.columbia.edu /home/ktn10/project/openjoda/content/images/topics internet.gif
2000.12.17 16:52 B D:\kanan\Project\openjoda\tomcat\webapps\ROOT\content\images\topics\java.gif --> canal.psl.cs.columbia.edu /home/ktn10/project/openjoda/content/images/topics java.gif
2000.12.17 16:52 B D:\kanan\Project\openjoda\tomcat\webapps\ROOT\content\images\topics\jetspeed.gif --> canal.psl.cs.columbia.edu /home/ktn10/project/openjoda/content/images/topics jetspeed.gif
2000.12.17 16:52 B D:\kanan\Project\openjoda\tomcat\webapps\ROOT\content\images\topics\linux.gif --> canal.psl.cs.columbia.edu /home/ktn10/project/openjoda/content/images/topics linux.gif
2000.12.17 16:52 B D:\kanan\Project\openjoda\tomcat\webapps\ROOT\content\images\topics\news.gif --> canal.psl.cs.columbia.edu /home/ktn10/project/openjoda/content/images/topics news.gif
2000.12.17 16:52 B D:\kanan\Project\openjoda\tomcat\webapps\ROOT\content\images\topics\programming.gif --> canal.psl.cs.columbia.edu /home/ktn10/project/openjoda/content/images/topics programming.gif
2000.12.17 16:52 B D:\kanan\Project\openjoda\tomcat\webapps\ROOT\content\images\topics\sun.gif --> canal.psl.cs.columbia.edu /home/ktn10/project/openjoda/content/images/topics sun.gif
2000.12.17 16:52 B D:\kanan\Project\openjoda\tomcat\webapps\ROOT\content\images\topics\WS_FTP.LOG --> canal.psl.cs.columbia.edu /home/ktn10/project/openjoda/content/images/topics WS_FTP.LOG
2000.12.17 23:54 B D:\kanan\Project\openjoda\tomcat\webapps\ROOT\content\images\topics\apache.gif --> canal.psl.cs.columbia.edu /home/ktn10/project/openjoda/content/images/topics apache.gif
2000.12.17 23:54 B D:\kanan\Project\openjoda\tomcat\webapps\ROOT\content\images\topics\ibm.gif --> canal.psl.cs.columbia.edu /home/ktn10/project/openjoda/content/images/topics ibm.gif
2000.12.17 23:54 B D:\kanan\Project\openjoda\tomcat\webapps\ROOT\content\images\topics\internet.gif --> canal.psl.cs.columbia.edu /home/ktn10/project/openjoda/content/images/topics internet.gif
2000.12.17 23:54 B D:\kanan\Project\openjoda\tomcat\webapps\ROOT\content\images\topics\java.gif --> canal.psl.cs.columbia.edu /home/ktn10/project/openjoda/content/images/topics java.gif
2000.12.17 23:54 B D:\kanan\Project\openjoda\tomcat\webapps\ROOT\content\images\topics\jetspeed.gif --> canal.psl.cs.columbia.edu /home/ktn10/project/openjoda/content/images/topics jetspeed.gif
2000.12.17 23:54 B D:\kanan\Project\openjoda\tomcat\webapps\ROOT\content\images\topics\linux.gif --> canal.psl.cs.columbia.edu /home/ktn10/project/openjoda/content/images/topics linux.gif
2000.12.17 23:54 B D:\kanan\Project\openjoda\tomcat\webapps\ROOT\content\images\topics\news.gif --> canal.psl.cs.columbia.edu /home/ktn10/project/openjoda/content/images/topics news.gif
2000.12.17 23:54 B D:\kanan\Project\openjoda\tomcat\webapps\ROOT\content\images\topics\programming.gif --> canal.psl.cs.columbia.edu /home/ktn10/project/openjoda/content/images/topics programming.gif
2000.12.17 23:54 B D:\kanan\Project\openjoda\tomcat\webapps\ROOT\content\images\topics\sun.gif --> canal.psl.cs.columbia.edu /home/ktn10/project/openjoda/content/images/topics sun.gif
2000.12.18 02:56 B D:\kanan\Project\openjoda\tomcat\webapps\ROOT\content\images\topics\WS_FTP.LOG <-- canal /home/ktn10/project/openjoda/content/images/topics WS_FTP.LOG
2000.12.18 14:11 B D:\kanan\Project\openjoda\tomcat\webapps\ROOT\content\images\topics\apache.gif --> canal.psl.cs.columbia.edu /home/ktn10/project/openjoda/content/images/topics apache.gif
2000.12.18 14:11 B D:\kanan\Project\openjoda\tomcat\webapps\ROOT\content\images\topics\ibm.gif --> canal.psl.cs.columbia.edu /home/ktn10/project/openjoda/content/images/topics ibm.gif
2000.12.18 14:11 B D:\kanan\Project\openjoda\tomcat\webapps\ROOT\content\images\topics\internet.gif --> canal.psl.cs.columbia.edu /home/ktn10/project/openjoda/content/images/topics internet.gif
2000.12.18 14:11 B D:\kanan\Project\openjoda\tomcat\webapps\ROOT\content\images\topics\java.gif --> canal.psl.cs.columbia.edu /home/ktn10/project/openjoda/content/images/topics java.gif
2000.12.18 14:11 B D:\kanan\Project\openjoda\tomcat\webapps\ROOT\content\images\topics\jetspeed.gif --> canal.psl.cs.columbia.edu /home/ktn10/project/openjoda/content/images/topics jetspeed.gif
2000.12.18 14:11 B D:\kanan\Project\openjoda\tomcat\webapps\ROOT\content\images\topics\linux.gif --> canal.psl.cs.columbia.edu /home/ktn10/project/openjoda/content/images/topics linux.gif
2000.12.18 14:11 B D:\kanan\Project\openjoda\tomcat\webapps\ROOT\content\images\topics\news.gif --> canal.psl.cs.columbia.edu /home/ktn10/project/openjoda/content/images/topics news.gif
2000.12.18 14:11 B D:\kanan\Project\openjoda\tomcat\webapps\ROOT\content\images\topics\programming.gif --> canal.psl.cs.columbia.edu /home/ktn10/project/openjoda/content/images/topics programming.gif
2000.12.18 14:11 B D:\kanan\Project\openjoda\tomcat\webapps\ROOT\content\images\topics\sun.gif --> canal.psl.cs.columbia.edu /home/ktn10/project/openjoda/content/images/topics sun.gif
2000.12.18 14:11 B D:\kanan\Project\openjoda\tomcat\webapps\ROOT\content\images\topics\WS_FTP.LOG --> canal.psl.cs.columbia.edu /home/ktn10/project/openjoda/content/images/topics WS_FTP.LOG
2000.12.19 17:30 B D:\kanan\Project\openjoda\tomcat\webapps\ROOT\content\images\topics\apache.gif --> canal.psl.cs.columbia.edu /home/ktn10/project/openjoda/content/images/topics apache.gif
2000.12.19 17:30 B D:\kanan\Project\openjoda\tomcat\webapps\ROOT\content\images\topics\ibm.gif --> canal.psl.cs.columbia.edu /home/ktn10/project/openjoda/content/images/topics ibm.gif
2000.12.19 17:30 B D:\kanan\Project\openjoda\tomcat\webapps\ROOT\content\images\topics\internet.gif --> canal.psl.cs.columbia.edu /home/ktn10/project/openjoda/content/images/topics internet.gif
2000.12.19 17:30 B D:\kanan\Project\openjoda\tomcat\webapps\ROOT\content\images\topics\java.gif --> canal.psl.cs.columbia.edu /home/ktn10/project/openjoda/content/images/topics java.gif
2000.12.19 17:30 B D:\kanan\Project\openjoda\tomcat\webapps\ROOT\content\images\topics\jetspeed.gif --> canal.psl.cs.columbia.edu /home/ktn10/project/openjoda/content/images/topics jetspeed.gif
2000.12.19 17:30 B D:\kanan\Project\openjoda\tomcat\webapps\ROOT\content\images\topics\linux.gif --> canal.psl.cs.columbia.edu /home/ktn10/project/openjoda/content/images/topics linux.gif
2000.12.19 17:30 B D:\kanan\Project\openjoda\tomcat\webapps\ROOT\content\images\topics\news.gif --> canal.psl.cs.columbia.edu /home/ktn10/project/openjoda/content/images/topics news.gif
2000.12.19 17:30 B D:\kanan\Project\openjoda\tomcat\webapps\ROOT\content\images\topics\programming.gif --> canal.psl.cs.columbia.edu /home/ktn10/project/openjoda/content/images/topics programming.gif
2000.12.19 17:31 B D:\kanan\Project\openjoda\tomcat\webapps\ROOT\content\images\topics\sun.gif --> canal.psl.cs.columbia.edu /home/ktn10/project/openjoda/content/images/topics sun.gif
2000.12.19 17:31 B D:\kanan\Project\openjoda\tomcat\webapps\ROOT\content\images\topics\WS_FTP.LOG --> canal.psl.cs.columbia.edu /home/ktn10/project/openjoda/content/images/topics WS_FTP.LOG
2000.12.19 22:29 B D:\kanan\Project\openjoda\tomcat\webapps\ROOT\content\images\topics\apache.gif --> canal.psl.cs.columbia.edu /home/ktn10/project/openjoda/content/images/topics apache.gif
2000.12.19 22:29 B D:\kanan\Project\openjoda\tomcat\webapps\ROOT\content\images\topics\ibm.gif --> canal.psl.cs.columbia.edu /home/ktn10/project/openjoda/content/images/topics ibm.gif
2000.12.19 22:29 B D:\kanan\Project\openjoda\tomcat\webapps\ROOT\content\images\topics\internet.gif --> canal.psl.cs.columbia.edu /home/ktn10/project/openjoda/content/images/topics internet.gif
2000.12.19 22:29 B D:\kanan\Project\openjoda\tomcat\webapps\ROOT\content\images\topics\java.gif --> canal.psl.cs.columbia.edu /home/ktn10/project/openjoda/content/images/topics java.gif
2000.12.19 22:29 B D:\kanan\Project\openjoda\tomcat\webapps\ROOT\content\images\topics\jetspeed.gif --> canal.psl.cs.columbia.edu /home/ktn10/project/openjoda/content/images/topics jetspeed.gif
2000.12.19 22:29 B D:\kanan\Project\openjoda\tomcat\webapps\ROOT\content\images\topics\linux.gif --> canal.psl.cs.columbia.edu /home/ktn10/project/openjoda/content/images/topics linux.gif
2000.12.19 22:29 B D:\kanan\Project\openjoda\tomcat\webapps\ROOT\content\images\topics\news.gif --> canal.psl.cs.columbia.edu /home/ktn10/project/openjoda/content/images/topics news.gif
2000.12.19 22:29 B D:\kanan\Project\openjoda\tomcat\webapps\ROOT\content\images\topics\programming.gif --> canal.psl.cs.columbia.edu /home/ktn10/project/openjoda/content/images/topics programming.gif
2000.12.19 22:29 B D:\kanan\Project\openjoda\tomcat\webapps\ROOT\content\images\topics\sun.gif --> canal.psl.cs.columbia.edu /home/ktn10/project/openjoda/content/images/topics sun.gif
2000.12.19 22:29 B D:\kanan\Project\openjoda\tomcat\webapps\ROOT\content\images\topics\WS_FTP.LOG --> canal.psl.cs.columbia.edu /home/ktn10/project/openjoda/content/images/topics WS_FTP.LOG
2000.12.19 22:33 B D:\kanan\Project\openjoda\tomcat\webapps\ROOT\content\images\topics\apache.gif --> canal.psl.cs.columbia.edu /home/ktn10/project/openjoda/content/images/topics apache.gif
2000.12.19 22:33 B D:\kanan\Project\openjoda\tomcat\webapps\ROOT\content\images\topics\ibm.gif --> canal.psl.cs.columbia.edu /home/ktn10/project/openjoda/content/images/topics ibm.gif
2000.12.19 22:33 B D:\kanan\Project\openjoda\tomcat\webapps\ROOT\content\images\topics\internet.gif --> canal.psl.cs.columbia.edu /home/ktn10/project/openjoda/content/images/topics internet.gif
2000.12.19 22:33 B D:\kanan\Project\openjoda\tomcat\webapps\ROOT\content\images\topics\java.gif --> canal.psl.cs.columbia.edu /home/ktn10/project/openjoda/content/images/topics java.gif
2000.12.19 22:33 B D:\kanan\Project\openjoda\tomcat\webapps\ROOT\content\images\topics\jetspeed.gif --> canal.psl.cs.columbia.edu /home/ktn10/project/openjoda/content/images/topics jetspeed.gif
2000.12.19 22:33 B D:\kanan\Project\openjoda\tomcat\webapps\ROOT\content\images\topics\linux.gif --> canal.psl.cs.columbia.edu /home/ktn10/project/openjoda/content/images/topics linux.gif
2000.12.19 22:33 B D:\kanan\Project\openjoda\tomcat\webapps\ROOT\content\images\topics\news.gif --> canal.psl.cs.columbia.edu /home/ktn10/project/openjoda/content/images/topics news.gif
2000.12.19 22:33 B D:\kanan\Project\openjoda\tomcat\webapps\ROOT\content\images\topics\programming.gif --> canal.psl.cs.columbia.edu /home/ktn10/project/openjoda/content/images/topics programming.gif
2000.12.19 22:33 B D:\kanan\Project\openjoda\tomcat\webapps\ROOT\content\images\topics\sun.gif --> canal.psl.cs.columbia.edu /home/ktn10/project/openjoda/content/images/topics sun.gif
