2000.12.10 01:39 B D:\kanan\Project\openjoda\tomcat\webapps\ROOT\content\images\misc-folders\dep.gif <-- canal /home/ktn10/project/openjoda/content/images/misc-folders dep.gif
2000.12.10 01:39 B D:\kanan\Project\openjoda\tomcat\webapps\ROOT\content\images\misc-folders\eval.gif <-- canal /home/ktn10/project/openjoda/content/images/misc-folders eval.gif
2000.12.10 01:39 B D:\kanan\Project\openjoda\tomcat\webapps\ROOT\content\images\misc-folders\home.gif <-- canal /home/ktn10/project/openjoda/content/images/misc-folders home.gif
2000.12.10 01:39 B D:\kanan\Project\openjoda\tomcat\webapps\ROOT\content\images\misc-folders\news.gif <-- canal /home/ktn10/project/openjoda/content/images/misc-folders news.gif
2000.12.10 01:39 B D:\kanan\Project\openjoda\tomcat\webapps\ROOT\content\images\misc-folders\prod.gif <-- canal /home/ktn10/project/openjoda/content/images/misc-folders prod.gif
2000.12.10 01:39 B D:\kanan\Project\openjoda\tomcat\webapps\ROOT\content\images\misc-folders\rel.gif <-- canal /home/ktn10/project/openjoda/content/images/misc-folders rel.gif
2000.12.10 01:39 B D:\kanan\Project\openjoda\tomcat\webapps\ROOT\content\images\misc-folders\tech.gif <-- canal /home/ktn10/project/openjoda/content/images/misc-folders tech.gif
2000.12.10 01:39 B D:\kanan\Project\openjoda\tomcat\webapps\ROOT\content\images\misc-folders\xtra.gif <-- canal /home/ktn10/project/openjoda/content/images/misc-folders xtra.gif
2000.12.17 16:52 B D:\kanan\Project\openjoda\tomcat\webapps\ROOT\content\images\misc-folders\dep.gif --> canal.psl.cs.columbia.edu /home/ktn10/project/openjoda/content/images/misc-folders dep.gif
2000.12.17 16:52 B D:\kanan\Project\openjoda\tomcat\webapps\ROOT\content\images\misc-folders\eval.gif --> canal.psl.cs.columbia.edu /home/ktn10/project/openjoda/content/images/misc-folders eval.gif
2000.12.17 16:52 B D:\kanan\Project\openjoda\tomcat\webapps\ROOT\content\images\misc-folders\home.gif --> canal.psl.cs.columbia.edu /home/ktn10/project/openjoda/content/images/misc-folders home.gif
2000.12.17 16:52 B D:\kanan\Project\openjoda\tomcat\webapps\ROOT\content\images\misc-folders\news.gif --> canal.psl.cs.columbia.edu /home/ktn10/project/openjoda/content/images/misc-folders news.gif
2000.12.17 16:52 B D:\kanan\Project\openjoda\tomcat\webapps\ROOT\content\images\misc-folders\prod.gif --> canal.psl.cs.columbia.edu /home/ktn10/project/openjoda/content/images/misc-folders prod.gif
2000.12.17 16:52 B D:\kanan\Project\openjoda\tomcat\webapps\ROOT\content\images\misc-folders\rel.gif --> canal.psl.cs.columbia.edu /home/ktn10/project/openjoda/content/images/misc-folders rel.gif
2000.12.17 16:52 B D:\kanan\Project\openjoda\tomcat\webapps\ROOT\content\images\misc-folders\tech.gif --> canal.psl.cs.columbia.edu /home/ktn10/project/openjoda/content/images/misc-folders tech.gif
2000.12.17 16:52 B D:\kanan\Project\openjoda\tomcat\webapps\ROOT\content\images\misc-folders\WS_FTP.LOG --> canal.psl.cs.columbia.edu /home/ktn10/project/openjoda/content/images/misc-folders WS_FTP.LOG
2000.12.17 16:52 B D:\kanan\Project\openjoda\tomcat\webapps\ROOT\content\images\misc-folders\xtra.gif --> canal.psl.cs.columbia.edu /home/ktn10/project/openjoda/content/images/misc-folders xtra.gif
2000.12.17 23:47 B D:\kanan\Project\openjoda\tomcat\webapps\ROOT\content\images\misc-folders\dep.gif --> canal.psl.cs.columbia.edu /home/ktn10/project/openjoda/content/images/misc-folders dep.gif
2000.12.17 23:47 B D:\kanan\Project\openjoda\tomcat\webapps\ROOT\content\images\misc-folders\eval.gif --> canal.psl.cs.columbia.edu /home/ktn10/project/openjoda/content/images/misc-folders eval.gif
2000.12.17 23:47 B D:\kanan\Project\openjoda\tomcat\webapps\ROOT\content\images\misc-folders\home.gif --> canal.psl.cs.columbia.edu /home/ktn10/project/openjoda/content/images/misc-folders home.gif
2000.12.17 23:47 B D:\kanan\Project\openjoda\tomcat\webapps\ROOT\content\images\misc-folders\news.gif --> canal.psl.cs.columbia.edu /home/ktn10/project/openjoda/content/images/misc-folders news.gif
2000.12.17 23:48 B D:\kanan\Project\openjoda\tomcat\webapps\ROOT\content\images\misc-folders\prod.gif --> canal.psl.cs.columbia.edu /home/ktn10/project/openjoda/content/images/misc-folders prod.gif
2000.12.17 23:54 B D:\kanan\Project\openjoda\tomcat\webapps\ROOT\content\images\misc-folders\dep.gif --> canal.psl.cs.columbia.edu /home/ktn10/project/openjoda/content/images/misc-folders dep.gif
2000.12.17 23:54 B D:\kanan\Project\openjoda\tomcat\webapps\ROOT\content\images\misc-folders\eval.gif --> canal.psl.cs.columbia.edu /home/ktn10/project/openjoda/content/images/misc-folders eval.gif
2000.12.17 23:54 B D:\kanan\Project\openjoda\tomcat\webapps\ROOT\content\images\misc-folders\home.gif --> canal.psl.cs.columbia.edu /home/ktn10/project/openjoda/content/images/misc-folders home.gif
2000.12.17 23:54 B D:\kanan\Project\openjoda\tomcat\webapps\ROOT\content\images\misc-folders\news.gif --> canal.psl.cs.columbia.edu /home/ktn10/project/openjoda/content/images/misc-folders news.gif
2000.12.17 23:54 B D:\kanan\Project\openjoda\tomcat\webapps\ROOT\content\images\misc-folders\prod.gif --> canal.psl.cs.columbia.edu /home/ktn10/project/openjoda/content/images/misc-folders prod.gif
2000.12.17 23:54 B D:\kanan\Project\openjoda\tomcat\webapps\ROOT\content\images\misc-folders\rel.gif --> canal.psl.cs.columbia.edu /home/ktn10/project/openjoda/content/images/misc-folders rel.gif
2000.12.17 23:54 B D:\kanan\Project\openjoda\tomcat\webapps\ROOT\content\images\misc-folders\tech.gif --> canal.psl.cs.columbia.edu /home/ktn10/project/openjoda/content/images/misc-folders tech.gif
2000.12.18 02:56 B D:\kanan\Project\openjoda\tomcat\webapps\ROOT\content\images\misc-folders\WS_FTP.LOG <-- canal /home/ktn10/project/openjoda/content/images/misc-folders WS_FTP.LOG
2000.12.18 02:56 B D:\kanan\Project\openjoda\tomcat\webapps\ROOT\content\images\misc-folders\xtra.gif <-- canal /home/ktn10/project/openjoda/content/images/misc-folders xtra.gif
2000.12.18 14:11 B D:\kanan\Project\openjoda\tomcat\webapps\ROOT\content\images\misc-folders\dep.gif --> canal.psl.cs.columbia.edu /home/ktn10/project/openjoda/content/images/misc-folders dep.gif
2000.12.18 14:11 B D:\kanan\Project\openjoda\tomcat\webapps\ROOT\content\images\misc-folders\eval.gif --> canal.psl.cs.columbia.edu /home/ktn10/project/openjoda/content/images/misc-folders eval.gif
2000.12.18 14:11 B D:\kanan\Project\openjoda\tomcat\webapps\ROOT\content\images\misc-folders\home.gif --> canal.psl.cs.columbia.edu /home/ktn10/project/openjoda/content/images/misc-folders home.gif
2000.12.18 14:11 B D:\kanan\Project\openjoda\tomcat\webapps\ROOT\content\images\misc-folders\news.gif --> canal.psl.cs.columbia.edu /home/ktn10/project/openjoda/content/images/misc-folders news.gif
2000.12.18 14:11 B D:\kanan\Project\openjoda\tomcat\webapps\ROOT\content\images\misc-folders\prod.gif --> canal.psl.cs.columbia.edu /home/ktn10/project/openjoda/content/images/misc-folders prod.gif
2000.12.18 14:11 B D:\kanan\Project\openjoda\tomcat\webapps\ROOT\content\images\misc-folders\rel.gif --> canal.psl.cs.columbia.edu /home/ktn10/project/openjoda/content/images/misc-folders rel.gif
2000.12.18 14:11 B D:\kanan\Project\openjoda\tomcat\webapps\ROOT\content\images\misc-folders\tech.gif --> canal.psl.cs.columbia.edu /home/ktn10/project/openjoda/content/images/misc-folders tech.gif
2000.12.18 14:11 B D:\kanan\Project\openjoda\tomcat\webapps\ROOT\content\images\misc-folders\WS_FTP.LOG --> canal.psl.cs.columbia.edu /home/ktn10/project/openjoda/content/images/misc-folders WS_FTP.LOG
2000.12.18 14:11 B D:\kanan\Project\openjoda\tomcat\webapps\ROOT\content\images\misc-folders\xtra.gif --> canal.psl.cs.columbia.edu /home/ktn10/project/openjoda/content/images/misc-folders xtra.gif
2000.12.19 17:30 B D:\kanan\Project\openjoda\tomcat\webapps\ROOT\content\images\misc-folders\dep.gif --> canal.psl.cs.columbia.edu /home/ktn10/project/openjoda/content/images/misc-folders dep.gif
2000.12.19 17:30 B D:\kanan\Project\openjoda\tomcat\webapps\ROOT\content\images\misc-folders\eval.gif --> canal.psl.cs.columbia.edu /home/ktn10/project/openjoda/content/images/misc-folders eval.gif
2000.12.19 17:30 B D:\kanan\Project\openjoda\tomcat\webapps\ROOT\content\images\misc-folders\home.gif --> canal.psl.cs.columbia.edu /home/ktn10/project/openjoda/content/images/misc-folders home.gif
2000.12.19 17:30 B D:\kanan\Project\openjoda\tomcat\webapps\ROOT\content\images\misc-folders\news.gif --> canal.psl.cs.columbia.edu /home/ktn10/project/openjoda/content/images/misc-folders news.gif
2000.12.19 17:30 B D:\kanan\Project\openjoda\tomcat\webapps\ROOT\content\images\misc-folders\prod.gif --> canal.psl.cs.columbia.edu /home/ktn10/project/openjoda/content/images/misc-folders prod.gif
2000.12.19 17:30 B D:\kanan\Project\openjoda\tomcat\webapps\ROOT\content\images\misc-folders\rel.gif --> canal.psl.cs.columbia.edu /home/ktn10/project/openjoda/content/images/misc-folders rel.gif
2000.12.19 17:30 B D:\kanan\Project\openjoda\tomcat\webapps\ROOT\content\images\misc-folders\tech.gif --> canal.psl.cs.columbia.edu /home/ktn10/project/openjoda/content/images/misc-folders tech.gif
2000.12.19 17:30 B D:\kanan\Project\openjoda\tomcat\webapps\ROOT\content\images\misc-folders\WS_FTP.LOG --> canal.psl.cs.columbia.edu /home/ktn10/project/openjoda/content/images/misc-folders WS_FTP.LOG
2000.12.19 17:30 B D:\kanan\Project\openjoda\tomcat\webapps\ROOT\content\images\misc-folders\xtra.gif --> canal.psl.cs.columbia.edu /home/ktn10/project/openjoda/content/images/misc-folders xtra.gif
2000.12.19 22:29 B D:\kanan\Project\openjoda\tomcat\webapps\ROOT\content\images\misc-folders\dep.gif --> canal.psl.cs.columbia.edu /home/ktn10/project/openjoda/content/images/misc-folders dep.gif
2000.12.19 22:29 B D:\kanan\Project\openjoda\tomcat\webapps\ROOT\content\images\misc-folders\eval.gif --> canal.psl.cs.columbia.edu /home/ktn10/project/openjoda/content/images/misc-folders eval.gif
2000.12.19 22:29 B D:\kanan\Project\openjoda\tomcat\webapps\ROOT\content\images\misc-folders\home.gif --> canal.psl.cs.columbia.edu /home/ktn10/project/openjoda/content/images/misc-folders home.gif
2000.12.19 22:29 B D:\kanan\Project\openjoda\tomcat\webapps\ROOT\content\images\misc-folders\news.gif --> canal.psl.cs.columbia.edu /home/ktn10/project/openjoda/content/images/misc-folders news.gif
2000.12.19 22:29 B D:\kanan\Project\openjoda\tomcat\webapps\ROOT\content\images\misc-folders\prod.gif --> canal.psl.cs.columbia.edu /home/ktn10/project/openjoda/content/images/misc-folders prod.gif
2000.12.19 22:29 B D:\kanan\Project\openjoda\tomcat\webapps\ROOT\content\images\misc-folders\rel.gif --> canal.psl.cs.columbia.edu /home/ktn10/project/openjoda/content/images/misc-folders rel.gif
2000.12.19 22:29 B D:\kanan\Project\openjoda\tomcat\webapps\ROOT\content\images\misc-folders\tech.gif --> canal.psl.cs.columbia.edu /home/ktn10/project/openjoda/content/images/misc-folders tech.gif
2000.12.19 22:29 B D:\kanan\Project\openjoda\tomcat\webapps\ROOT\content\images\misc-folders\WS_FTP.LOG --> canal.psl.cs.columbia.edu /home/ktn10/project/openjoda/content/images/misc-folders WS_FTP.LOG
2000.12.19 22:29 B D:\kanan\Project\openjoda\tomcat\webapps\ROOT\content\images\misc-folders\xtra.gif --> canal.psl.cs.columbia.edu /home/ktn10/project/openjoda/content/images/misc-folders xtra.gif
2000.12.19 22:33 B D:\kanan\Project\openjoda\tomcat\webapps\ROOT\content\images\misc-folders\dep.gif --> canal.psl.cs.columbia.edu /home/ktn10/project/openjoda/content/images/misc-folders dep.gif
2000.12.19 22:33 B D:\kanan\Project\openjoda\tomcat\webapps\ROOT\content\images\misc-folders\eval.gif --> canal.psl.cs.columbia.edu /home/ktn10/project/openjoda/content/images/misc-folders eval.gif
2000.12.19 22:33 B D:\kanan\Project\openjoda\tomcat\webapps\ROOT\content\images\misc-folders\home.gif --> canal.psl.cs.columbia.edu /home/ktn10/project/openjoda/content/images/misc-folders home.gif
2000.12.19 22:33 B D:\kanan\Project\openjoda\tomcat\webapps\ROOT\content\images\misc-folders\news.gif --> canal.psl.cs.columbia.edu /home/ktn10/project/openjoda/content/images/misc-folders news.gif
2000.12.19 22:33 B D:\kanan\Project\openjoda\tomcat\webapps\ROOT\content\images\misc-folders\prod.gif --> canal.psl.cs.columbia.edu /home/ktn10/project/openjoda/content/images/misc-folders prod.gif
2000.12.19 22:33 B D:\kanan\Project\openjoda\tomcat\webapps\ROOT\content\images\misc-folders\rel.gif --> canal.psl.cs.columbia.edu /home/ktn10/project/openjoda/content/images/misc-folders rel.gif
2000.12.19 22:33 B D:\kanan\Project\openjoda\tomcat\webapps\ROOT\content\images\misc-folders\tech.gif --> canal.psl.cs.columbia.edu /home/ktn10/project/openjoda/content/images/misc-folders tech.gif
