2000.12.10 01:39 B D:\kanan\Project\openjoda\tomcat\webapps\ROOT\content\dynamic\index.xml <-- canal /home/ktn10/project/openjoda/content/dynamic index.xml
2000.12.10 01:39 B D:\kanan\Project\openjoda\tomcat\webapps\ROOT\content\dynamic\index.xsl <-- canal /home/ktn10/project/openjoda/content/dynamic index.xsl
2000.12.17 16:52 B D:\kanan\Project\openjoda\tomcat\webapps\ROOT\content\dynamic\index.xml --> canal.psl.cs.columbia.edu /home/ktn10/project/openjoda/content/dynamic index.xml
2000.12.17 16:52 B D:\kanan\Project\openjoda\tomcat\webapps\ROOT\content\dynamic\index.xsl --> canal.psl.cs.columbia.edu /home/ktn10/project/openjoda/content/dynamic index.xsl
2000.12.17 16:52 B D:\kanan\Project\openjoda\tomcat\webapps\ROOT\content\dynamic\WS_FTP.LOG --> canal.psl.cs.columbia.edu /home/ktn10/project/openjoda/content/dynamic WS_FTP.LOG
2000.12.17 23:47 B D:\kanan\Project\openjoda\tomcat\webapps\ROOT\content\dynamic\index.xml --> canal.psl.cs.columbia.edu /home/ktn10/project/openjoda/content/dynamic index.xml
2000.12.17 23:47 B D:\kanan\Project\openjoda\tomcat\webapps\ROOT\content\dynamic\index.xsl --> canal.psl.cs.columbia.edu /home/ktn10/project/openjoda/content/dynamic index.xsl
2000.12.17 23:47 B D:\kanan\Project\openjoda\tomcat\webapps\ROOT\content\dynamic\WS_FTP.LOG --> canal.psl.cs.columbia.edu /home/ktn10/project/openjoda/content/dynamic WS_FTP.LOG
2000.12.17 23:54 B D:\kanan\Project\openjoda\tomcat\webapps\ROOT\content\dynamic\index.xml --> canal.psl.cs.columbia.edu /home/ktn10/project/openjoda/content/dynamic index.xml
2000.12.17 23:54 B D:\kanan\Project\openjoda\tomcat\webapps\ROOT\content\dynamic\index.xsl --> canal.psl.cs.columbia.edu /home/ktn10/project/openjoda/content/dynamic index.xsl
2000.12.18 02:56 B D:\kanan\Project\openjoda\tomcat\webapps\ROOT\content\dynamic\WS_FTP.LOG <-- canal /home/ktn10/project/openjoda/content/dynamic WS_FTP.LOG
2000.12.18 14:11 B D:\kanan\Project\openjoda\tomcat\webapps\ROOT\content\dynamic\index.xml --> canal.psl.cs.columbia.edu /home/ktn10/project/openjoda/content/dynamic index.xml
2000.12.18 14:11 B D:\kanan\Project\openjoda\tomcat\webapps\ROOT\content\dynamic\index.xsl --> canal.psl.cs.columbia.edu /home/ktn10/project/openjoda/content/dynamic index.xsl
2000.12.18 14:11 B D:\kanan\Project\openjoda\tomcat\webapps\ROOT\content\dynamic\WS_FTP.LOG --> canal.psl.cs.columbia.edu /home/ktn10/project/openjoda/content/dynamic WS_FTP.LOG
2000.12.19 17:30 B D:\kanan\Project\openjoda\tomcat\webapps\ROOT\content\dynamic\index.xml --> canal.psl.cs.columbia.edu /home/ktn10/project/openjoda/content/dynamic index.xml
2000.12.19 17:30 B D:\kanan\Project\openjoda\tomcat\webapps\ROOT\content\dynamic\index.xsl --> canal.psl.cs.columbia.edu /home/ktn10/project/openjoda/content/dynamic index.xsl
2000.12.19 17:30 B D:\kanan\Project\openjoda\tomcat\webapps\ROOT\content\dynamic\WS_FTP.LOG --> canal.psl.cs.columbia.edu /home/ktn10/project/openjoda/content/dynamic WS_FTP.LOG
2000.12.19 22:29 B D:\kanan\Project\openjoda\tomcat\webapps\ROOT\content\dynamic\index.xml --> canal.psl.cs.columbia.edu /home/ktn10/project/openjoda/content/dynamic index.xml
2000.12.19 22:29 B D:\kanan\Project\openjoda\tomcat\webapps\ROOT\content\dynamic\index.xsl --> canal.psl.cs.columbia.edu /home/ktn10/project/openjoda/content/dynamic index.xsl
2000.12.19 22:29 B D:\kanan\Project\openjoda\tomcat\webapps\ROOT\content\dynamic\WS_FTP.LOG --> canal.psl.cs.columbia.edu /home/ktn10/project/openjoda/content/dynamic WS_FTP.LOG
2000.12.19 22:33 B D:\kanan\Project\openjoda\tomcat\webapps\ROOT\content\dynamic\index.xml --> canal.psl.cs.columbia.edu /home/ktn10/project/openjoda/content/dynamic index.xml
2000.12.19 22:33 B D:\kanan\Project\openjoda\tomcat\webapps\ROOT\content\dynamic\index.xsl --> canal.psl.cs.columbia.edu /home/ktn10/project/openjoda/content/dynamic index.xsl
