2000.12.10 01:39 B D:\kanan\Project\openjoda\tomcat\webapps\ROOT\content\images\1by1.gif <-- canal /home/ktn10/project/openjoda/content/images 1by1.gif
2000.12.10 01:39 B D:\kanan\Project\openjoda\tomcat\webapps\ROOT\content\images\arrow_down.gif <-- canal /home/ktn10/project/openjoda/content/images arrow_down.gif
2000.12.10 01:39 B D:\kanan\Project\openjoda\tomcat\webapps\ROOT\content\images\arrow_up.gif <-- canal /home/ktn10/project/openjoda/content/images arrow_up.gif
2000.12.10 01:39 B D:\kanan\Project\openjoda\tomcat\webapps\ROOT\content\images\bg_fictive.jpg <-- canal /home/ktn10/project/openjoda/content/images bg_fictive.jpg
2000.12.10 01:39 B D:\kanan\Project\openjoda\tomcat\webapps\ROOT\content\images\black.gif <-- canal /home/ktn10/project/openjoda/content/images black.gif
2000.12.10 01:39 B D:\kanan\Project\openjoda\tomcat\webapps\ROOT\content\images\bottom.gif <-- canal /home/ktn10/project/openjoda/content/images bottom.gif
2000.12.10 01:39 B D:\kanan\Project\openjoda\tomcat\webapps\ROOT\content\images\bottom_bg.gif <-- canal /home/ktn10/project/openjoda/content/images bottom_bg.gif
2000.12.10 01:39 B D:\kanan\Project\openjoda\tomcat\webapps\ROOT\content\images\bottom_left.gif <-- canal /home/ktn10/project/openjoda/content/images bottom_left.gif
2000.12.10 01:39 B D:\kanan\Project\openjoda\tomcat\webapps\ROOT\content\images\bottom_right.gif <-- canal /home/ktn10/project/openjoda/content/images bottom_right.gif
2000.12.10 01:39 B D:\kanan\Project\openjoda\tomcat\webapps\ROOT\content\images\bullet.gif <-- canal /home/ktn10/project/openjoda/content/images bullet.gif
2000.12.10 01:39 B D:\kanan\Project\openjoda\tomcat\webapps\ROOT\content\images\close.gif <-- canal /home/ktn10/project/openjoda/content/images close.gif
2000.12.10 01:39 B D:\kanan\Project\openjoda\tomcat\webapps\ROOT\content\images\close2.gif <-- canal /home/ktn10/project/openjoda/content/images close2.gif
2000.12.10 01:39 B D:\kanan\Project\openjoda\tomcat\webapps\ROOT\content\images\divider.gif <-- canal /home/ktn10/project/openjoda/content/images divider.gif
2000.12.10 01:39 B D:\kanan\Project\openjoda\tomcat\webapps\ROOT\content\images\edit.gif <-- canal /home/ktn10/project/openjoda/content/images edit.gif
2000.12.10 01:39 B D:\kanan\Project\openjoda\tomcat\webapps\ROOT\content\images\feather.gif <-- canal /home/ktn10/project/openjoda/content/images feather.gif
2000.12.10 01:39 B D:\kanan\Project\openjoda\tomcat\webapps\ROOT\content\images\fictive.jpg <-- canal /home/ktn10/project/openjoda/content/images fictive.jpg
2000.12.10 01:39 B D:\kanan\Project\openjoda\tomcat\webapps\ROOT\content\images\folder.gif <-- canal /home/ktn10/project/openjoda/content/images folder.gif
2000.12.10 01:39 B D:\kanan\Project\openjoda\tomcat\webapps\ROOT\content\images\gears.gif <-- canal /home/ktn10/project/openjoda/content/images gears.gif
2000.12.10 01:39 B D:\kanan\Project\openjoda\tomcat\webapps\ROOT\content\images\header_openjoda.jpg <-- canal /home/ktn10/project/openjoda/content/images header_openjoda.jpg
2000.12.10 01:39 B D:\kanan\Project\openjoda\tomcat\webapps\ROOT\content\images\header_openjoda_new.jpg <-- canal /home/ktn10/project/openjoda/content/images header_openjoda_new.jpg
2000.12.10 01:39 B D:\kanan\Project\openjoda\tomcat\webapps\ROOT\content\images\header_openjoda_original.jpg <-- canal /home/ktn10/project/openjoda/content/images header_openjoda_original.jpg
2000.12.10 01:39 B D:\kanan\Project\openjoda\tomcat\webapps\ROOT\content\images\java-apache-project.gif <-- canal /home/ktn10/project/openjoda/content/images java-apache-project.gif
2000.12.10 01:39 B D:\kanan\Project\openjoda\tomcat\webapps\ROOT\content\images\jetspeed-logo.gif <-- canal /home/ktn10/project/openjoda/content/images jetspeed-logo.gif
2000.12.10 01:39 B D:\kanan\Project\openjoda\tomcat\webapps\ROOT\content\images\jetspeed-powered.gif <-- canal /home/ktn10/project/openjoda/content/images jetspeed-powered.gif
2000.12.10 01:39 B D:\kanan\Project\openjoda\tomcat\webapps\ROOT\content\images\line_bg.gif <-- canal /home/ktn10/project/openjoda/content/images line_bg.gif
2000.12.10 01:39 B D:\kanan\Project\openjoda\tomcat\webapps\ROOT\content\images\max.gif <-- canal /home/ktn10/project/openjoda/content/images max.gif
2000.12.10 01:39 B D:\kanan\Project\openjoda\tomcat\webapps\ROOT\content\images\max2.gif <-- canal /home/ktn10/project/openjoda/content/images max2.gif
2000.12.10 01:39 B D:\kanan\Project\openjoda\tomcat\webapps\ROOT\content\images\microphone.gif <-- canal /home/ktn10/project/openjoda/content/images microphone.gif
2000.12.10 01:39 B D:\kanan\Project\openjoda\tomcat\webapps\ROOT\content\images\min.gif <-- canal /home/ktn10/project/openjoda/content/images min.gif
2000.12.10 01:39 B D:\kanan\Project\openjoda\tomcat\webapps\ROOT\content\images\min2.gif <-- canal /home/ktn10/project/openjoda/content/images min2.gif
2000.12.10 01:40 B D:\kanan\Project\openjoda\tomcat\webapps\ROOT\content\images\nav_bg_off.jpg <-- canal /home/ktn10/project/openjoda/content/images nav_bg_off.jpg
2000.12.10 01:40 B D:\kanan\Project\openjoda\tomcat\webapps\ROOT\content\images\nav_bg_on.jpg <-- canal /home/ktn10/project/openjoda/content/images nav_bg_on.jpg
2000.12.10 01:40 B D:\kanan\Project\openjoda\tomcat\webapps\ROOT\content\images\nav_corner_off.jpg <-- canal /home/ktn10/project/openjoda/content/images nav_corner_off.jpg
2000.12.10 01:40 B D:\kanan\Project\openjoda\tomcat\webapps\ROOT\content\images\nav_corner_on.jpg <-- canal /home/ktn10/project/openjoda/content/images nav_corner_on.jpg
2000.12.10 01:40 B D:\kanan\Project\openjoda\tomcat\webapps\ROOT\content\images\nav_corner_right.jpg <-- canal /home/ktn10/project/openjoda/content/images nav_corner_right.jpg
2000.12.10 01:40 B D:\kanan\Project\openjoda\tomcat\webapps\ROOT\content\images\nav_left.jpg <-- canal /home/ktn10/project/openjoda/content/images nav_left.jpg
2000.12.10 01:40 B D:\kanan\Project\openjoda\tomcat\webapps\ROOT\content\images\nav_top.jpg <-- canal /home/ktn10/project/openjoda/content/images nav_top.jpg
2000.12.10 01:40 B D:\kanan\Project\openjoda\tomcat\webapps\ROOT\content\images\nav_white.gif <-- canal /home/ktn10/project/openjoda/content/images nav_white.gif
2000.12.10 01:40 B D:\kanan\Project\openjoda\tomcat\webapps\ROOT\content\images\openjoda_top.jpg <-- canal /home/ktn10/project/openjoda/content/images openjoda_top.jpg
2000.12.10 01:40 B D:\kanan\Project\openjoda\tomcat\webapps\ROOT\content\images\top0.gif <-- canal /home/ktn10/project/openjoda/content/images top0.gif
2000.12.10 01:40 B D:\kanan\Project\openjoda\tomcat\webapps\ROOT\content\images\top1.gif <-- canal /home/ktn10/project/openjoda/content/images top1.gif
2000.12.10 01:40 B D:\kanan\Project\openjoda\tomcat\webapps\ROOT\content\images\top2.gif <-- canal /home/ktn10/project/openjoda/content/images top2.gif
2000.12.10 01:40 B D:\kanan\Project\openjoda\tomcat\webapps\ROOT\content\images\top3.gif <-- canal /home/ktn10/project/openjoda/content/images top3.gif
2000.12.10 01:40 B D:\kanan\Project\openjoda\tomcat\webapps\ROOT\content\images\top_bg.gif <-- canal /home/ktn10/project/openjoda/content/images top_bg.gif
2000.12.10 01:40 B D:\kanan\Project\openjoda\tomcat\webapps\ROOT\content\images\top_bg2.gif <-- canal /home/ktn10/project/openjoda/content/images top_bg2.gif
2000.12.10 01:40 B D:\kanan\Project\openjoda\tomcat\webapps\ROOT\content\images\top_degrade.gif <-- canal /home/ktn10/project/openjoda/content/images top_degrade.gif
2000.12.10 01:40 B D:\kanan\Project\openjoda\tomcat\webapps\ROOT\content\images\top_left.gif <-- canal /home/ktn10/project/openjoda/content/images top_left.gif
2000.12.10 01:40 B D:\kanan\Project\openjoda\tomcat\webapps\ROOT\content\images\xo3-small1.jpg <-- canal /home/ktn10/project/openjoda/content/images xo3-small1.jpg
2000.12.17 15:38 B D:\kanan\Project\openjoda\tomcat\webapps\ROOT\content\images\proto-logo.png <-- canal /home/ktn10/psl/psl/trikx/impl proto-logo.png
2000.12.17 16:11 B D:\kanan\Project\openjoda\tomcat\webapps\ROOT\content\images\proto-logo.png <-- canal /home/ktn10/psl/psl/trikx/impl proto-logo.png
2000.12.17 16:52 B D:\kanan\Project\openjoda\tomcat\webapps\ROOT\content\images\1by1.gif --> canal.psl.cs.columbia.edu /home/ktn10/project/openjoda/content/images 1by1.gif
2000.12.17 16:52 B D:\kanan\Project\openjoda\tomcat\webapps\ROOT\content\images\arrow_down.gif --> canal.psl.cs.columbia.edu /home/ktn10/project/openjoda/content/images arrow_down.gif
2000.12.17 16:52 B D:\kanan\Project\openjoda\tomcat\webapps\ROOT\content\images\arrow_up.gif --> canal.psl.cs.columbia.edu /home/ktn10/project/openjoda/content/images arrow_up.gif
2000.12.17 16:52 B D:\kanan\Project\openjoda\tomcat\webapps\ROOT\content\images\bg_fictive.jpg --> canal.psl.cs.columbia.edu /home/ktn10/project/openjoda/content/images bg_fictive.jpg
2000.12.17 16:52 B D:\kanan\Project\openjoda\tomcat\webapps\ROOT\content\images\black.gif --> canal.psl.cs.columbia.edu /home/ktn10/project/openjoda/content/images black.gif
2000.12.17 16:52 B D:\kanan\Project\openjoda\tomcat\webapps\ROOT\content\images\bottom.gif --> canal.psl.cs.columbia.edu /home/ktn10/project/openjoda/content/images bottom.gif
2000.12.17 16:52 B D:\kanan\Project\openjoda\tomcat\webapps\ROOT\content\images\bottom_bg.gif --> canal.psl.cs.columbia.edu /home/ktn10/project/openjoda/content/images bottom_bg.gif
2000.12.17 16:52 B D:\kanan\Project\openjoda\tomcat\webapps\ROOT\content\images\bottom_left.gif --> canal.psl.cs.columbia.edu /home/ktn10/project/openjoda/content/images bottom_left.gif
2000.12.17 16:52 B D:\kanan\Project\openjoda\tomcat\webapps\ROOT\content\images\bottom_right.gif --> canal.psl.cs.columbia.edu /home/ktn10/project/openjoda/content/images bottom_right.gif
2000.12.17 16:52 B D:\kanan\Project\openjoda\tomcat\webapps\ROOT\content\images\bullet.gif --> canal.psl.cs.columbia.edu /home/ktn10/project/openjoda/content/images bullet.gif
2000.12.17 16:52 B D:\kanan\Project\openjoda\tomcat\webapps\ROOT\content\images\close.gif --> canal.psl.cs.columbia.edu /home/ktn10/project/openjoda/content/images close.gif
2000.12.17 16:52 B D:\kanan\Project\openjoda\tomcat\webapps\ROOT\content\images\close2.gif --> canal.psl.cs.columbia.edu /home/ktn10/project/openjoda/content/images close2.gif
2000.12.17 16:52 B D:\kanan\Project\openjoda\tomcat\webapps\ROOT\content\images\divider.gif --> canal.psl.cs.columbia.edu /home/ktn10/project/openjoda/content/images divider.gif
2000.12.17 16:52 B D:\kanan\Project\openjoda\tomcat\webapps\ROOT\content\images\edit.gif --> canal.psl.cs.columbia.edu /home/ktn10/project/openjoda/content/images edit.gif
2000.12.17 16:52 B D:\kanan\Project\openjoda\tomcat\webapps\ROOT\content\images\feather.gif --> canal.psl.cs.columbia.edu /home/ktn10/project/openjoda/content/images feather.gif
2000.12.17 16:52 B D:\kanan\Project\openjoda\tomcat\webapps\ROOT\content\images\fictive.jpg --> canal.psl.cs.columbia.edu /home/ktn10/project/openjoda/content/images fictive.jpg
2000.12.17 16:52 B D:\kanan\Project\openjoda\tomcat\webapps\ROOT\content\images\folder.gif --> canal.psl.cs.columbia.edu /home/ktn10/project/openjoda/content/images folder.gif
2000.12.17 16:52 B D:\kanan\Project\openjoda\tomcat\webapps\ROOT\content\images\gears.gif --> canal.psl.cs.columbia.edu /home/ktn10/project/openjoda/content/images gears.gif
2000.12.17 16:52 B D:\kanan\Project\openjoda\tomcat\webapps\ROOT\content\images\header_openjoda.jpg --> canal.psl.cs.columbia.edu /home/ktn10/project/openjoda/content/images header_openjoda.jpg
2000.12.17 16:52 B D:\kanan\Project\openjoda\tomcat\webapps\ROOT\content\images\header_openjoda_new.jpg --> canal.psl.cs.columbia.edu /home/ktn10/project/openjoda/content/images header_openjoda_new.jpg
2000.12.17 16:52 B D:\kanan\Project\openjoda\tomcat\webapps\ROOT\content\images\header_openjoda_original.jpg --> canal.psl.cs.columbia.edu /home/ktn10/project/openjoda/content/images header_openjoda_original.jpg
2000.12.17 16:52 B D:\kanan\Project\openjoda\tomcat\webapps\ROOT\content\images\java-apache-project.gif --> canal.psl.cs.columbia.edu /home/ktn10/project/openjoda/content/images java-apache-project.gif
2000.12.17 16:52 B D:\kanan\Project\openjoda\tomcat\webapps\ROOT\content\images\jetspeed-logo.gif --> canal.psl.cs.columbia.edu /home/ktn10/project/openjoda/content/images jetspeed-logo.gif
2000.12.17 16:52 B D:\kanan\Project\openjoda\tomcat\webapps\ROOT\content\images\jetspeed-powered.gif --> canal.psl.cs.columbia.edu /home/ktn10/project/openjoda/content/images jetspeed-powered.gif
2000.12.17 16:52 B D:\kanan\Project\openjoda\tomcat\webapps\ROOT\content\images\line_bg.gif --> canal.psl.cs.columbia.edu /home/ktn10/project/openjoda/content/images line_bg.gif
2000.12.17 16:52 B D:\kanan\Project\openjoda\tomcat\webapps\ROOT\content\images\max.gif --> canal.psl.cs.columbia.edu /home/ktn10/project/openjoda/content/images max.gif
2000.12.17 16:52 B D:\kanan\Project\openjoda\tomcat\webapps\ROOT\content\images\max2.gif --> canal.psl.cs.columbia.edu /home/ktn10/project/openjoda/content/images max2.gif
2000.12.17 16:52 B D:\kanan\Project\openjoda\tomcat\webapps\ROOT\content\images\microphone.gif --> canal.psl.cs.columbia.edu /home/ktn10/project/openjoda/content/images microphone.gif
2000.12.17 16:52 B D:\kanan\Project\openjoda\tomcat\webapps\ROOT\content\images\min.gif --> canal.psl.cs.columbia.edu /home/ktn10/project/openjoda/content/images min.gif
2000.12.17 16:52 B D:\kanan\Project\openjoda\tomcat\webapps\ROOT\content\images\min2.gif --> canal.psl.cs.columbia.edu /home/ktn10/project/openjoda/content/images min2.gif
2000.12.17 16:52 B D:\kanan\Project\openjoda\tomcat\webapps\ROOT\content\images\nav_bg_off.jpg --> canal.psl.cs.columbia.edu /home/ktn10/project/openjoda/content/images nav_bg_off.jpg
2000.12.17 16:52 B D:\kanan\Project\openjoda\tomcat\webapps\ROOT\content\images\nav_bg_on.jpg --> canal.psl.cs.columbia.edu /home/ktn10/project/openjoda/content/images nav_bg_on.jpg
2000.12.17 16:52 B D:\kanan\Project\openjoda\tomcat\webapps\ROOT\content\images\nav_corner_off.jpg --> canal.psl.cs.columbia.edu /home/ktn10/project/openjoda/content/images nav_corner_off.jpg
2000.12.17 16:52 B D:\kanan\Project\openjoda\tomcat\webapps\ROOT\content\images\nav_corner_on.jpg --> canal.psl.cs.columbia.edu /home/ktn10/project/openjoda/content/images nav_corner_on.jpg
2000.12.17 16:52 B D:\kanan\Project\openjoda\tomcat\webapps\ROOT\content\images\nav_corner_right.jpg --> canal.psl.cs.columbia.edu /home/ktn10/project/openjoda/content/images nav_corner_right.jpg
2000.12.17 16:52 B D:\kanan\Project\openjoda\tomcat\webapps\ROOT\content\images\nav_left.jpg --> canal.psl.cs.columbia.edu /home/ktn10/project/openjoda/content/images nav_left.jpg
2000.12.17 16:52 B D:\kanan\Project\openjoda\tomcat\webapps\ROOT\content\images\nav_top.jpg --> canal.psl.cs.columbia.edu /home/ktn10/project/openjoda/content/images nav_top.jpg
2000.12.17 16:52 B D:\kanan\Project\openjoda\tomcat\webapps\ROOT\content\images\nav_white.gif --> canal.psl.cs.columbia.edu /home/ktn10/project/openjoda/content/images nav_white.gif
2000.12.17 16:52 B D:\kanan\Project\openjoda\tomcat\webapps\ROOT\content\images\openjoda_top.jpg --> canal.psl.cs.columbia.edu /home/ktn10/project/openjoda/content/images openjoda_top.jpg
2000.12.17 16:52 B D:\kanan\Project\openjoda\tomcat\webapps\ROOT\content\images\proto-logo.jpg --> canal.psl.cs.columbia.edu /home/ktn10/project/openjoda/content/images proto-logo.jpg
2000.12.17 16:52 B D:\kanan\Project\openjoda\tomcat\webapps\ROOT\content\images\proto-logo.png --> canal.psl.cs.columbia.edu /home/ktn10/project/openjoda/content/images proto-logo.png
2000.12.17 16:53 B D:\kanan\Project\openjoda\tomcat\webapps\ROOT\content\images\top0.gif --> canal.psl.cs.columbia.edu /home/ktn10/project/openjoda/content/images top0.gif
2000.12.17 16:53 B D:\kanan\Project\openjoda\tomcat\webapps\ROOT\content\images\top1.gif --> canal.psl.cs.columbia.edu /home/ktn10/project/openjoda/content/images top1.gif
2000.12.17 16:53 B D:\kanan\Project\openjoda\tomcat\webapps\ROOT\content\images\top2.gif --> canal.psl.cs.columbia.edu /home/ktn10/project/openjoda/content/images top2.gif
2000.12.17 16:53 B D:\kanan\Project\openjoda\tomcat\webapps\ROOT\content\images\top3.gif --> canal.psl.cs.columbia.edu /home/ktn10/project/openjoda/content/images top3.gif
2000.12.17 16:53 B D:\kanan\Project\openjoda\tomcat\webapps\ROOT\content\images\top_bg.gif --> canal.psl.cs.columbia.edu /home/ktn10/project/openjoda/content/images top_bg.gif
2000.12.17 16:53 B D:\kanan\Project\openjoda\tomcat\webapps\ROOT\content\images\top_bg2.gif --> canal.psl.cs.columbia.edu /home/ktn10/project/openjoda/content/images top_bg2.gif
2000.12.17 16:53 B D:\kanan\Project\openjoda\tomcat\webapps\ROOT\content\images\top_degrade.gif --> canal.psl.cs.columbia.edu /home/ktn10/project/openjoda/content/images top_degrade.gif
2000.12.17 16:53 B D:\kanan\Project\openjoda\tomcat\webapps\ROOT\content\images\top_left.gif --> canal.psl.cs.columbia.edu /home/ktn10/project/openjoda/content/images top_left.gif
2000.12.17 16:53 B D:\kanan\Project\openjoda\tomcat\webapps\ROOT\content\images\WS_FTP.LOG --> canal.psl.cs.columbia.edu /home/ktn10/project/openjoda/content/images WS_FTP.LOG
2000.12.17 16:53 B D:\kanan\Project\openjoda\tomcat\webapps\ROOT\content\images\xo3-small1.jpg --> canal.psl.cs.columbia.edu /home/ktn10/project/openjoda/content/images xo3-small1.jpg
2000.12.17 23:54 B D:\kanan\Project\openjoda\tomcat\webapps\ROOT\content\images\1by1.gif --> canal.psl.cs.columbia.edu /home/ktn10/project/openjoda/content/images 1by1.gif
2000.12.17 23:54 B D:\kanan\Project\openjoda\tomcat\webapps\ROOT\content\images\arrow_down.gif --> canal.psl.cs.columbia.edu /home/ktn10/project/openjoda/content/images arrow_down.gif
2000.12.17 23:54 B D:\kanan\Project\openjoda\tomcat\webapps\ROOT\content\images\arrow_up.gif --> canal.psl.cs.columbia.edu /home/ktn10/project/openjoda/content/images arrow_up.gif
2000.12.17 23:54 B D:\kanan\Project\openjoda\tomcat\webapps\ROOT\content\images\bg_fictive.jpg --> canal.psl.cs.columbia.edu /home/ktn10/project/openjoda/content/images bg_fictive.jpg
2000.12.17 23:54 B D:\kanan\Project\openjoda\tomcat\webapps\ROOT\content\images\black.gif --> canal.psl.cs.columbia.edu /home/ktn10/project/openjoda/content/images black.gif
2000.12.17 23:54 B D:\kanan\Project\openjoda\tomcat\webapps\ROOT\content\images\bottom.gif --> canal.psl.cs.columbia.edu /home/ktn10/project/openjoda/content/images bottom.gif
2000.12.17 23:54 B D:\kanan\Project\openjoda\tomcat\webapps\ROOT\content\images\bottom_bg.gif --> canal.psl.cs.columbia.edu /home/ktn10/project/openjoda/content/images bottom_bg.gif
2000.12.17 23:54 B D:\kanan\Project\openjoda\tomcat\webapps\ROOT\content\images\bottom_left.gif --> canal.psl.cs.columbia.edu /home/ktn10/project/openjoda/content/images bottom_left.gif
2000.12.17 23:54 B D:\kanan\Project\openjoda\tomcat\webapps\ROOT\content\images\bottom_right.gif --> canal.psl.cs.columbia.edu /home/ktn10/project/openjoda/content/images bottom_right.gif
2000.12.17 23:54 B D:\kanan\Project\openjoda\tomcat\webapps\ROOT\content\images\bullet.gif --> canal.psl.cs.columbia.edu /home/ktn10/project/openjoda/content/images bullet.gif
2000.12.17 23:54 B D:\kanan\Project\openjoda\tomcat\webapps\ROOT\content\images\close.gif --> canal.psl.cs.columbia.edu /home/ktn10/project/openjoda/content/images close.gif
2000.12.17 23:54 B D:\kanan\Project\openjoda\tomcat\webapps\ROOT\content\images\close2.gif --> canal.psl.cs.columbia.edu /home/ktn10/project/openjoda/content/images close2.gif
2000.12.17 23:54 B D:\kanan\Project\openjoda\tomcat\webapps\ROOT\content\images\divider.gif --> canal.psl.cs.columbia.edu /home/ktn10/project/openjoda/content/images divider.gif
2000.12.17 23:54 B D:\kanan\Project\openjoda\tomcat\webapps\ROOT\content\images\edit.gif --> canal.psl.cs.columbia.edu /home/ktn10/project/openjoda/content/images edit.gif
2000.12.17 23:54 B D:\kanan\Project\openjoda\tomcat\webapps\ROOT\content\images\feather.gif --> canal.psl.cs.columbia.edu /home/ktn10/project/openjoda/content/images feather.gif
2000.12.17 23:54 B D:\kanan\Project\openjoda\tomcat\webapps\ROOT\content\images\fictive.jpg --> canal.psl.cs.columbia.edu /home/ktn10/project/openjoda/content/images fictive.jpg
2000.12.17 23:54 B D:\kanan\Project\openjoda\tomcat\webapps\ROOT\content\images\folder.gif --> canal.psl.cs.columbia.edu /home/ktn10/project/openjoda/content/images folder.gif
2000.12.17 23:54 B D:\kanan\Project\openjoda\tomcat\webapps\ROOT\content\images\gears.gif --> canal.psl.cs.columbia.edu /home/ktn10/project/openjoda/content/images gears.gif
2000.12.17 23:54 B D:\kanan\Project\openjoda\tomcat\webapps\ROOT\content\images\header_openjoda.jpg --> canal.psl.cs.columbia.edu /home/ktn10/project/openjoda/content/images header_openjoda.jpg
2000.12.17 23:54 B D:\kanan\Project\openjoda\tomcat\webapps\ROOT\content\images\header_openjoda_new.jpg --> canal.psl.cs.columbia.edu /home/ktn10/project/openjoda/content/images header_openjoda_new.jpg
2000.12.17 23:54 B D:\kanan\Project\openjoda\tomcat\webapps\ROOT\content\images\header_openjoda_original.jpg --> canal.psl.cs.columbia.edu /home/ktn10/project/openjoda/content/images header_openjoda_original.jpg
2000.12.17 23:54 B D:\kanan\Project\openjoda\tomcat\webapps\ROOT\content\images\java-apache-project.gif --> canal.psl.cs.columbia.edu /home/ktn10/project/openjoda/content/images java-apache-project.gif
2000.12.17 23:54 B D:\kanan\Project\openjoda\tomcat\webapps\ROOT\content\images\jetspeed-logo.gif --> canal.psl.cs.columbia.edu /home/ktn10/project/openjoda/content/images jetspeed-logo.gif
2000.12.17 23:54 B D:\kanan\Project\openjoda\tomcat\webapps\ROOT\content\images\jetspeed-powered.gif --> canal.psl.cs.columbia.edu /home/ktn10/project/openjoda/content/images jetspeed-powered.gif
2000.12.17 23:54 B D:\kanan\Project\openjoda\tomcat\webapps\ROOT\content\images\line_bg.gif --> canal.psl.cs.columbia.edu /home/ktn10/project/openjoda/content/images line_bg.gif
2000.12.17 23:54 B D:\kanan\Project\openjoda\tomcat\webapps\ROOT\content\images\max.gif --> canal.psl.cs.columbia.edu /home/ktn10/project/openjoda/content/images max.gif
2000.12.17 23:54 B D:\kanan\Project\openjoda\tomcat\webapps\ROOT\content\images\max2.gif --> canal.psl.cs.columbia.edu /home/ktn10/project/openjoda/content/images max2.gif
2000.12.17 23:54 B D:\kanan\Project\openjoda\tomcat\webapps\ROOT\content\images\microphone.gif --> canal.psl.cs.columbia.edu /home/ktn10/project/openjoda/content/images microphone.gif
2000.12.17 23:54 B D:\kanan\Project\openjoda\tomcat\webapps\ROOT\content\images\min.gif --> canal.psl.cs.columbia.edu /home/ktn10/project/openjoda/content/images min.gif
2000.12.17 23:54 B D:\kanan\Project\openjoda\tomcat\webapps\ROOT\content\images\min2.gif --> canal.psl.cs.columbia.edu /home/ktn10/project/openjoda/content/images min2.gif
2000.12.17 23:54 B D:\kanan\Project\openjoda\tomcat\webapps\ROOT\content\images\nav_bg_off.jpg --> canal.psl.cs.columbia.edu /home/ktn10/project/openjoda/content/images nav_bg_off.jpg
2000.12.17 23:54 B D:\kanan\Project\openjoda\tomcat\webapps\ROOT\content\images\nav_bg_on.jpg --> canal.psl.cs.columbia.edu /home/ktn10/project/openjoda/content/images nav_bg_on.jpg
2000.12.17 23:54 B D:\kanan\Project\openjoda\tomcat\webapps\ROOT\content\images\nav_corner_off.jpg --> canal.psl.cs.columbia.edu /home/ktn10/project/openjoda/content/images nav_corner_off.jpg
2000.12.17 23:54 B D:\kanan\Project\openjoda\tomcat\webapps\ROOT\content\images\nav_corner_on.jpg --> canal.psl.cs.columbia.edu /home/ktn10/project/openjoda/content/images nav_corner_on.jpg
2000.12.17 23:54 B D:\kanan\Project\openjoda\tomcat\webapps\ROOT\content\images\nav_corner_right.jpg --> canal.psl.cs.columbia.edu /home/ktn10/project/openjoda/content/images nav_corner_right.jpg
2000.12.17 23:54 B D:\kanan\Project\openjoda\tomcat\webapps\ROOT\content\images\nav_left.jpg --> canal.psl.cs.columbia.edu /home/ktn10/project/openjoda/content/images nav_left.jpg
2000.12.17 23:54 B D:\kanan\Project\openjoda\tomcat\webapps\ROOT\content\images\nav_top.jpg --> canal.psl.cs.columbia.edu /home/ktn10/project/openjoda/content/images nav_top.jpg
2000.12.17 23:54 B D:\kanan\Project\openjoda\tomcat\webapps\ROOT\content\images\nav_white.gif --> canal.psl.cs.columbia.edu /home/ktn10/project/openjoda/content/images nav_white.gif
2000.12.17 23:54 B D:\kanan\Project\openjoda\tomcat\webapps\ROOT\content\images\openjoda_top.jpg --> canal.psl.cs.columbia.edu /home/ktn10/project/openjoda/content/images openjoda_top.jpg
2000.12.17 23:55 B D:\kanan\Project\openjoda\tomcat\webapps\ROOT\content\images\proto-logo.jpg --> canal.psl.cs.columbia.edu /home/ktn10/project/openjoda/content/images proto-logo.jpg
2000.12.17 23:55 B D:\kanan\Project\openjoda\tomcat\webapps\ROOT\content\images\proto-logo.png --> canal.psl.cs.columbia.edu /home/ktn10/project/openjoda/content/images proto-logo.png
2000.12.17 23:55 B D:\kanan\Project\openjoda\tomcat\webapps\ROOT\content\images\top0.gif --> canal.psl.cs.columbia.edu /home/ktn10/project/openjoda/content/images top0.gif
2000.12.17 23:55 B D:\kanan\Project\openjoda\tomcat\webapps\ROOT\content\images\top1.gif --> canal.psl.cs.columbia.edu /home/ktn10/project/openjoda/content/images top1.gif
2000.12.17 23:55 B D:\kanan\Project\openjoda\tomcat\webapps\ROOT\content\images\top2.gif --> canal.psl.cs.columbia.edu /home/ktn10/project/openjoda/content/images top2.gif
2000.12.17 23:55 B D:\kanan\Project\openjoda\tomcat\webapps\ROOT\content\images\top3.gif --> canal.psl.cs.columbia.edu /home/ktn10/project/openjoda/content/images top3.gif
2000.12.17 23:55 B D:\kanan\Project\openjoda\tomcat\webapps\ROOT\content\images\top_bg.gif --> canal.psl.cs.columbia.edu /home/ktn10/project/openjoda/content/images top_bg.gif
2000.12.17 23:55 B D:\kanan\Project\openjoda\tomcat\webapps\ROOT\content\images\top_bg2.gif --> canal.psl.cs.columbia.edu /home/ktn10/project/openjoda/content/images top_bg2.gif
2000.12.17 23:55 B D:\kanan\Project\openjoda\tomcat\webapps\ROOT\content\images\top_degrade.gif --> canal.psl.cs.columbia.edu /home/ktn10/project/openjoda/content/images top_degrade.gif
2000.12.17 23:55 B D:\kanan\Project\openjoda\tomcat\webapps\ROOT\content\images\top_left.gif --> canal.psl.cs.columbia.edu /home/ktn10/project/openjoda/content/images top_left.gif
2000.12.18 02:56 B D:\kanan\Project\openjoda\tomcat\webapps\ROOT\content\images\WS_FTP.LOG <-- canal /home/ktn10/project/openjoda/content/images WS_FTP.LOG
2000.12.18 02:56 B D:\kanan\Project\openjoda\tomcat\webapps\ROOT\content\images\xo3-small1.jpg <-- canal /home/ktn10/project/openjoda/content/images xo3-small1.jpg
2000.12.18 14:11 B D:\kanan\Project\openjoda\tomcat\webapps\ROOT\content\images\1by1.gif --> canal.psl.cs.columbia.edu /home/ktn10/project/openjoda/content/images 1by1.gif
2000.12.18 14:11 B D:\kanan\Project\openjoda\tomcat\webapps\ROOT\content\images\arrow_down.gif --> canal.psl.cs.columbia.edu /home/ktn10/project/openjoda/content/images arrow_down.gif
2000.12.18 14:11 B D:\kanan\Project\openjoda\tomcat\webapps\ROOT\content\images\arrow_up.gif --> canal.psl.cs.columbia.edu /home/ktn10/project/openjoda/content/images arrow_up.gif
2000.12.18 14:11 B D:\kanan\Project\openjoda\tomcat\webapps\ROOT\content\images\bg_fictive.jpg --> canal.psl.cs.columbia.edu /home/ktn10/project/openjoda/content/images bg_fictive.jpg
2000.12.18 14:11 B D:\kanan\Project\openjoda\tomcat\webapps\ROOT\content\images\black.gif --> canal.psl.cs.columbia.edu /home/ktn10/project/openjoda/content/images black.gif
2000.12.18 14:11 B D:\kanan\Project\openjoda\tomcat\webapps\ROOT\content\images\bottom.gif --> canal.psl.cs.columbia.edu /home/ktn10/project/openjoda/content/images bottom.gif
2000.12.18 14:11 B D:\kanan\Project\openjoda\tomcat\webapps\ROOT\content\images\bottom_bg.gif --> canal.psl.cs.columbia.edu /home/ktn10/project/openjoda/content/images bottom_bg.gif
2000.12.18 14:11 B D:\kanan\Project\openjoda\tomcat\webapps\ROOT\content\images\bottom_left.gif --> canal.psl.cs.columbia.edu /home/ktn10/project/openjoda/content/images bottom_left.gif
2000.12.18 14:11 B D:\kanan\Project\openjoda\tomcat\webapps\ROOT\content\images\bottom_right.gif --> canal.psl.cs.columbia.edu /home/ktn10/project/openjoda/content/images bottom_right.gif
2000.12.18 14:11 B D:\kanan\Project\openjoda\tomcat\webapps\ROOT\content\images\bullet.gif --> canal.psl.cs.columbia.edu /home/ktn10/project/openjoda/content/images bullet.gif
2000.12.18 14:11 B D:\kanan\Project\openjoda\tomcat\webapps\ROOT\content\images\close.gif --> canal.psl.cs.columbia.edu /home/ktn10/project/openjoda/content/images close.gif
2000.12.18 14:11 B D:\kanan\Project\openjoda\tomcat\webapps\ROOT\content\images\close2.gif --> canal.psl.cs.columbia.edu /home/ktn10/project/openjoda/content/images close2.gif
2000.12.18 14:11 B D:\kanan\Project\openjoda\tomcat\webapps\ROOT\content\images\divider.gif --> canal.psl.cs.columbia.edu /home/ktn10/project/openjoda/content/images divider.gif
2000.12.18 14:11 B D:\kanan\Project\openjoda\tomcat\webapps\ROOT\content\images\edit.gif --> canal.psl.cs.columbia.edu /home/ktn10/project/openjoda/content/images edit.gif
2000.12.18 14:11 B D:\kanan\Project\openjoda\tomcat\webapps\ROOT\content\images\feather.gif --> canal.psl.cs.columbia.edu /home/ktn10/project/openjoda/content/images feather.gif
2000.12.18 14:12 B D:\kanan\Project\openjoda\tomcat\webapps\ROOT\content\images\fictive.jpg --> canal.psl.cs.columbia.edu /home/ktn10/project/openjoda/content/images fictive.jpg
2000.12.18 14:12 B D:\kanan\Project\openjoda\tomcat\webapps\ROOT\content\images\folder.gif --> canal.psl.cs.columbia.edu /home/ktn10/project/openjoda/content/images folder.gif
2000.12.18 14:12 B D:\kanan\Project\openjoda\tomcat\webapps\ROOT\content\images\gears.gif --> canal.psl.cs.columbia.edu /home/ktn10/project/openjoda/content/images gears.gif
2000.12.18 14:12 B D:\kanan\Project\openjoda\tomcat\webapps\ROOT\content\images\header_openjoda.jpg --> canal.psl.cs.columbia.edu /home/ktn10/project/openjoda/content/images header_openjoda.jpg
2000.12.18 14:12 B D:\kanan\Project\openjoda\tomcat\webapps\ROOT\content\images\header_openjoda_new.jpg --> canal.psl.cs.columbia.edu /home/ktn10/project/openjoda/content/images header_openjoda_new.jpg
2000.12.18 14:12 B D:\kanan\Project\openjoda\tomcat\webapps\ROOT\content\images\header_openjoda_original.jpg --> canal.psl.cs.columbia.edu /home/ktn10/project/openjoda/content/images header_openjoda_original.jpg
2000.12.18 14:12 B D:\kanan\Project\openjoda\tomcat\webapps\ROOT\content\images\java-apache-project.gif --> canal.psl.cs.columbia.edu /home/ktn10/project/openjoda/content/images java-apache-project.gif
2000.12.18 14:12 B D:\kanan\Project\openjoda\tomcat\webapps\ROOT\content\images\jetspeed-logo.gif --> canal.psl.cs.columbia.edu /home/ktn10/project/openjoda/content/images jetspeed-logo.gif
2000.12.18 14:12 B D:\kanan\Project\openjoda\tomcat\webapps\ROOT\content\images\jetspeed-powered.gif --> canal.psl.cs.columbia.edu /home/ktn10/project/openjoda/content/images jetspeed-powered.gif
2000.12.18 14:12 B D:\kanan\Project\openjoda\tomcat\webapps\ROOT\content\images\line_bg.gif --> canal.psl.cs.columbia.edu /home/ktn10/project/openjoda/content/images line_bg.gif
2000.12.18 14:12 B D:\kanan\Project\openjoda\tomcat\webapps\ROOT\content\images\max.gif --> canal.psl.cs.columbia.edu /home/ktn10/project/openjoda/content/images max.gif
2000.12.18 14:12 B D:\kanan\Project\openjoda\tomcat\webapps\ROOT\content\images\max2.gif --> canal.psl.cs.columbia.edu /home/ktn10/project/openjoda/content/images max2.gif
2000.12.18 14:12 B D:\kanan\Project\openjoda\tomcat\webapps\ROOT\content\images\microphone.gif --> canal.psl.cs.columbia.edu /home/ktn10/project/openjoda/content/images microphone.gif
2000.12.18 14:12 B D:\kanan\Project\openjoda\tomcat\webapps\ROOT\content\images\min.gif --> canal.psl.cs.columbia.edu /home/ktn10/project/openjoda/content/images min.gif
2000.12.18 14:12 B D:\kanan\Project\openjoda\tomcat\webapps\ROOT\content\images\min2.gif --> canal.psl.cs.columbia.edu /home/ktn10/project/openjoda/content/images min2.gif
2000.12.18 14:12 B D:\kanan\Project\openjoda\tomcat\webapps\ROOT\content\images\nav_bg_off.jpg --> canal.psl.cs.columbia.edu /home/ktn10/project/openjoda/content/images nav_bg_off.jpg
2000.12.18 14:12 B D:\kanan\Project\openjoda\tomcat\webapps\ROOT\content\images\nav_bg_on.jpg --> canal.psl.cs.columbia.edu /home/ktn10/project/openjoda/content/images nav_bg_on.jpg
2000.12.18 14:12 B D:\kanan\Project\openjoda\tomcat\webapps\ROOT\content\images\nav_corner_off.jpg --> canal.psl.cs.columbia.edu /home/ktn10/project/openjoda/content/images nav_corner_off.jpg
2000.12.18 14:12 B D:\kanan\Project\openjoda\tomcat\webapps\ROOT\content\images\nav_corner_on.jpg --> canal.psl.cs.columbia.edu /home/ktn10/project/openjoda/content/images nav_corner_on.jpg
2000.12.18 14:12 B D:\kanan\Project\openjoda\tomcat\webapps\ROOT\content\images\nav_corner_right.jpg --> canal.psl.cs.columbia.edu /home/ktn10/project/openjoda/content/images nav_corner_right.jpg
2000.12.18 14:12 B D:\kanan\Project\openjoda\tomcat\webapps\ROOT\content\images\nav_left.jpg --> canal.psl.cs.columbia.edu /home/ktn10/project/openjoda/content/images nav_left.jpg
2000.12.18 14:12 B D:\kanan\Project\openjoda\tomcat\webapps\ROOT\content\images\nav_top.jpg --> canal.psl.cs.columbia.edu /home/ktn10/project/openjoda/content/images nav_top.jpg
2000.12.18 14:12 B D:\kanan\Project\openjoda\tomcat\webapps\ROOT\content\images\nav_white.gif --> canal.psl.cs.columbia.edu /home/ktn10/project/openjoda/content/images nav_white.gif
2000.12.18 14:12 B D:\kanan\Project\openjoda\tomcat\webapps\ROOT\content\images\openjoda_top.jpg --> canal.psl.cs.columbia.edu /home/ktn10/project/openjoda/content/images openjoda_top.jpg
2000.12.18 14:12 B D:\kanan\Project\openjoda\tomcat\webapps\ROOT\content\images\proto-logo.jpg --> canal.psl.cs.columbia.edu /home/ktn10/project/openjoda/content/images proto-logo.jpg
2000.12.18 14:12 B D:\kanan\Project\openjoda\tomcat\webapps\ROOT\content\images\proto-logo.png --> canal.psl.cs.columbia.edu /home/ktn10/project/openjoda/content/images proto-logo.png
2000.12.18 14:12 B D:\kanan\Project\openjoda\tomcat\webapps\ROOT\content\images\top0.gif --> canal.psl.cs.columbia.edu /home/ktn10/project/openjoda/content/images top0.gif
2000.12.18 14:12 B D:\kanan\Project\openjoda\tomcat\webapps\ROOT\content\images\top1.gif --> canal.psl.cs.columbia.edu /home/ktn10/project/openjoda/content/images top1.gif
2000.12.18 14:12 B D:\kanan\Project\openjoda\tomcat\webapps\ROOT\content\images\top2.gif --> canal.psl.cs.columbia.edu /home/ktn10/project/openjoda/content/images top2.gif
2000.12.18 14:12 B D:\kanan\Project\openjoda\tomcat\webapps\ROOT\content\images\top3.gif --> canal.psl.cs.columbia.edu /home/ktn10/project/openjoda/content/images top3.gif
2000.12.18 14:12 B D:\kanan\Project\openjoda\tomcat\webapps\ROOT\content\images\top_bg.gif --> canal.psl.cs.columbia.edu /home/ktn10/project/openjoda/content/images top_bg.gif
2000.12.18 14:12 B D:\kanan\Project\openjoda\tomcat\webapps\ROOT\content\images\top_bg2.gif --> canal.psl.cs.columbia.edu /home/ktn10/project/openjoda/content/images top_bg2.gif
2000.12.18 14:12 B D:\kanan\Project\openjoda\tomcat\webapps\ROOT\content\images\top_degrade.gif --> canal.psl.cs.columbia.edu /home/ktn10/project/openjoda/content/images top_degrade.gif
2000.12.18 14:12 B D:\kanan\Project\openjoda\tomcat\webapps\ROOT\content\images\top_left.gif --> canal.psl.cs.columbia.edu /home/ktn10/project/openjoda/content/images top_left.gif
2000.12.18 14:12 B D:\kanan\Project\openjoda\tomcat\webapps\ROOT\content\images\WS_FTP.LOG --> canal.psl.cs.columbia.edu /home/ktn10/project/openjoda/content/images WS_FTP.LOG
2000.12.18 14:12 B D:\kanan\Project\openjoda\tomcat\webapps\ROOT\content\images\xo3-small1.jpg --> canal.psl.cs.columbia.edu /home/ktn10/project/openjoda/content/images xo3-small1.jpg
2000.12.19 17:31 B D:\kanan\Project\openjoda\tomcat\webapps\ROOT\content\images\1by1.gif --> canal.psl.cs.columbia.edu /home/ktn10/project/openjoda/content/images 1by1.gif
2000.12.19 17:31 B D:\kanan\Project\openjoda\tomcat\webapps\ROOT\content\images\arrow_down.gif --> canal.psl.cs.columbia.edu /home/ktn10/project/openjoda/content/images arrow_down.gif
2000.12.19 17:31 B D:\kanan\Project\openjoda\tomcat\webapps\ROOT\content\images\arrow_up.gif --> canal.psl.cs.columbia.edu /home/ktn10/project/openjoda/content/images arrow_up.gif
2000.12.19 17:31 B D:\kanan\Project\openjoda\tomcat\webapps\ROOT\content\images\bg_fictive.jpg --> canal.psl.cs.columbia.edu /home/ktn10/project/openjoda/content/images bg_fictive.jpg
2000.12.19 17:31 B D:\kanan\Project\openjoda\tomcat\webapps\ROOT\content\images\black.gif --> canal.psl.cs.columbia.edu /home/ktn10/project/openjoda/content/images black.gif
2000.12.19 17:31 B D:\kanan\Project\openjoda\tomcat\webapps\ROOT\content\images\bottom.gif --> canal.psl.cs.columbia.edu /home/ktn10/project/openjoda/content/images bottom.gif
2000.12.19 17:31 B D:\kanan\Project\openjoda\tomcat\webapps\ROOT\content\images\bottom_bg.gif --> canal.psl.cs.columbia.edu /home/ktn10/project/openjoda/content/images bottom_bg.gif
2000.12.19 17:31 B D:\kanan\Project\openjoda\tomcat\webapps\ROOT\content\images\bottom_left.gif --> canal.psl.cs.columbia.edu /home/ktn10/project/openjoda/content/images bottom_left.gif
2000.12.19 17:31 B D:\kanan\Project\openjoda\tomcat\webapps\ROOT\content\images\bottom_right.gif --> canal.psl.cs.columbia.edu /home/ktn10/project/openjoda/content/images bottom_right.gif
2000.12.19 17:31 B D:\kanan\Project\openjoda\tomcat\webapps\ROOT\content\images\bullet.gif --> canal.psl.cs.columbia.edu /home/ktn10/project/openjoda/content/images bullet.gif
2000.12.19 17:31 B D:\kanan\Project\openjoda\tomcat\webapps\ROOT\content\images\close.gif --> canal.psl.cs.columbia.edu /home/ktn10/project/openjoda/content/images close.gif
2000.12.19 17:31 B D:\kanan\Project\openjoda\tomcat\webapps\ROOT\content\images\close2.gif --> canal.psl.cs.columbia.edu /home/ktn10/project/openjoda/content/images close2.gif
2000.12.19 17:31 B D:\kanan\Project\openjoda\tomcat\webapps\ROOT\content\images\divider.gif --> canal.psl.cs.columbia.edu /home/ktn10/project/openjoda/content/images divider.gif
2000.12.19 17:31 B D:\kanan\Project\openjoda\tomcat\webapps\ROOT\content\images\edit.gif --> canal.psl.cs.columbia.edu /home/ktn10/project/openjoda/content/images edit.gif
2000.12.19 17:31 B D:\kanan\Project\openjoda\tomcat\webapps\ROOT\content\images\feather.gif --> canal.psl.cs.columbia.edu /home/ktn10/project/openjoda/content/images feather.gif
2000.12.19 17:31 B D:\kanan\Project\openjoda\tomcat\webapps\ROOT\content\images\fictive.jpg --> canal.psl.cs.columbia.edu /home/ktn10/project/openjoda/content/images fictive.jpg
2000.12.19 17:31 B D:\kanan\Project\openjoda\tomcat\webapps\ROOT\content\images\folder.gif --> canal.psl.cs.columbia.edu /home/ktn10/project/openjoda/content/images folder.gif
2000.12.19 17:31 B D:\kanan\Project\openjoda\tomcat\webapps\ROOT\content\images\gauge.jpg --> canal.psl.cs.columbia.edu /home/ktn10/project/openjoda/content/images gauge.jpg
2000.12.19 17:31 B D:\kanan\Project\openjoda\tomcat\webapps\ROOT\content\images\gears.gif --> canal.psl.cs.columbia.edu /home/ktn10/project/openjoda/content/images gears.gif
2000.12.19 17:31 B D:\kanan\Project\openjoda\tomcat\webapps\ROOT\content\images\header_openjoda.jpg --> canal.psl.cs.columbia.edu /home/ktn10/project/openjoda/content/images header_openjoda.jpg
2000.12.19 17:31 B D:\kanan\Project\openjoda\tomcat\webapps\ROOT\content\images\header_openjoda_new.jpg --> canal.psl.cs.columbia.edu /home/ktn10/project/openjoda/content/images header_openjoda_new.jpg
2000.12.19 17:31 B D:\kanan\Project\openjoda\tomcat\webapps\ROOT\content\images\header_openjoda_original.jpg --> canal.psl.cs.columbia.edu /home/ktn10/project/openjoda/content/images header_openjoda_original.jpg
2000.12.19 17:31 B D:\kanan\Project\openjoda\tomcat\webapps\ROOT\content\images\indus.jpg --> canal.psl.cs.columbia.edu /home/ktn10/project/openjoda/content/images indus.jpg
2000.12.19 17:31 B D:\kanan\Project\openjoda\tomcat\webapps\ROOT\content\images\java-apache-project.gif --> canal.psl.cs.columbia.edu /home/ktn10/project/openjoda/content/images java-apache-project.gif
2000.12.19 17:31 B D:\kanan\Project\openjoda\tomcat\webapps\ROOT\content\images\jetspeed-logo.gif --> canal.psl.cs.columbia.edu /home/ktn10/project/openjoda/content/images jetspeed-logo.gif
2000.12.19 17:31 B D:\kanan\Project\openjoda\tomcat\webapps\ROOT\content\images\jetspeed-powered.gif --> canal.psl.cs.columbia.edu /home/ktn10/project/openjoda/content/images jetspeed-powered.gif
2000.12.19 17:31 B D:\kanan\Project\openjoda\tomcat\webapps\ROOT\content\images\line_bg.gif --> canal.psl.cs.columbia.edu /home/ktn10/project/openjoda/content/images line_bg.gif
2000.12.19 17:31 B D:\kanan\Project\openjoda\tomcat\webapps\ROOT\content\images\max.gif --> canal.psl.cs.columbia.edu /home/ktn10/project/openjoda/content/images max.gif
2000.12.19 17:31 B D:\kanan\Project\openjoda\tomcat\webapps\ROOT\content\images\max2.gif --> canal.psl.cs.columbia.edu /home/ktn10/project/openjoda/content/images max2.gif
2000.12.19 17:31 B D:\kanan\Project\openjoda\tomcat\webapps\ROOT\content\images\microphone.gif --> canal.psl.cs.columbia.edu /home/ktn10/project/openjoda/content/images microphone.gif
2000.12.19 17:31 B D:\kanan\Project\openjoda\tomcat\webapps\ROOT\content\images\min.gif --> canal.psl.cs.columbia.edu /home/ktn10/project/openjoda/content/images min.gif
2000.12.19 17:31 B D:\kanan\Project\openjoda\tomcat\webapps\ROOT\content\images\min2.gif --> canal.psl.cs.columbia.edu /home/ktn10/project/openjoda/content/images min2.gif
2000.12.19 17:31 B D:\kanan\Project\openjoda\tomcat\webapps\ROOT\content\images\nav_bg_off.jpg --> canal.psl.cs.columbia.edu /home/ktn10/project/openjoda/content/images nav_bg_off.jpg
2000.12.19 17:31 B D:\kanan\Project\openjoda\tomcat\webapps\ROOT\content\images\nav_bg_on.jpg --> canal.psl.cs.columbia.edu /home/ktn10/project/openjoda/content/images nav_bg_on.jpg
2000.12.19 17:31 B D:\kanan\Project\openjoda\tomcat\webapps\ROOT\content\images\nav_corner_off.jpg --> canal.psl.cs.columbia.edu /home/ktn10/project/openjoda/content/images nav_corner_off.jpg
2000.12.19 17:31 B D:\kanan\Project\openjoda\tomcat\webapps\ROOT\content\images\nav_corner_on.jpg --> canal.psl.cs.columbia.edu /home/ktn10/project/openjoda/content/images nav_corner_on.jpg
2000.12.19 17:31 B D:\kanan\Project\openjoda\tomcat\webapps\ROOT\content\images\nav_corner_right.jpg --> canal.psl.cs.columbia.edu /home/ktn10/project/openjoda/content/images nav_corner_right.jpg
2000.12.19 17:31 B D:\kanan\Project\openjoda\tomcat\webapps\ROOT\content\images\nav_left.jpg --> canal.psl.cs.columbia.edu /home/ktn10/project/openjoda/content/images nav_left.jpg
2000.12.19 17:31 B D:\kanan\Project\openjoda\tomcat\webapps\ROOT\content\images\nav_top.jpg --> canal.psl.cs.columbia.edu /home/ktn10/project/openjoda/content/images nav_top.jpg
2000.12.19 17:31 B D:\kanan\Project\openjoda\tomcat\webapps\ROOT\content\images\nav_white.gif --> canal.psl.cs.columbia.edu /home/ktn10/project/openjoda/content/images nav_white.gif
2000.12.19 17:31 B D:\kanan\Project\openjoda\tomcat\webapps\ROOT\content\images\proto-logo.jpg --> canal.psl.cs.columbia.edu /home/ktn10/project/openjoda/content/images proto-logo.jpg
2000.12.19 17:31 B D:\kanan\Project\openjoda\tomcat\webapps\ROOT\content\images\proto-logo.png --> canal.psl.cs.columbia.edu /home/ktn10/project/openjoda/content/images proto-logo.png
2000.12.19 17:31 B D:\kanan\Project\openjoda\tomcat\webapps\ROOT\content\images\top0.gif --> canal.psl.cs.columbia.edu /home/ktn10/project/openjoda/content/images top0.gif
2000.12.19 17:31 B D:\kanan\Project\openjoda\tomcat\webapps\ROOT\content\images\top1.gif --> canal.psl.cs.columbia.edu /home/ktn10/project/openjoda/content/images top1.gif
2000.12.19 17:31 B D:\kanan\Project\openjoda\tomcat\webapps\ROOT\content\images\top2.gif --> canal.psl.cs.columbia.edu /home/ktn10/project/openjoda/content/images top2.gif
2000.12.19 17:31 B D:\kanan\Project\openjoda\tomcat\webapps\ROOT\content\images\top3.gif --> canal.psl.cs.columbia.edu /home/ktn10/project/openjoda/content/images top3.gif
2000.12.19 17:31 B D:\kanan\Project\openjoda\tomcat\webapps\ROOT\content\images\top_bg.gif --> canal.psl.cs.columbia.edu /home/ktn10/project/openjoda/content/images top_bg.gif
2000.12.19 17:31 B D:\kanan\Project\openjoda\tomcat\webapps\ROOT\content\images\top_bg2.gif --> canal.psl.cs.columbia.edu /home/ktn10/project/openjoda/content/images top_bg2.gif
2000.12.19 17:31 B D:\kanan\Project\openjoda\tomcat\webapps\ROOT\content\images\top_degrade.gif --> canal.psl.cs.columbia.edu /home/ktn10/project/openjoda/content/images top_degrade.gif
2000.12.19 17:31 B D:\kanan\Project\openjoda\tomcat\webapps\ROOT\content\images\top_left.gif --> canal.psl.cs.columbia.edu /home/ktn10/project/openjoda/content/images top_left.gif
2000.12.19 17:31 B D:\kanan\Project\openjoda\tomcat\webapps\ROOT\content\images\trikx_top.jpg --> canal.psl.cs.columbia.edu /home/ktn10/project/openjoda/content/images trikx_top.jpg
2000.12.19 17:31 B D:\kanan\Project\openjoda\tomcat\webapps\ROOT\content\images\WS_FTP.LOG --> canal.psl.cs.columbia.edu /home/ktn10/project/openjoda/content/images WS_FTP.LOG
2000.12.19 17:31 B D:\kanan\Project\openjoda\tomcat\webapps\ROOT\content\images\xo3-small1.jpg --> canal.psl.cs.columbia.edu /home/ktn10/project/openjoda/content/images xo3-small1.jpg
2000.12.19 22:30 B D:\kanan\Project\openjoda\tomcat\webapps\ROOT\content\images\1by1.gif --> canal.psl.cs.columbia.edu /home/ktn10/project/openjoda/content/images 1by1.gif
2000.12.19 22:30 B D:\kanan\Project\openjoda\tomcat\webapps\ROOT\content\images\arrow_down.gif --> canal.psl.cs.columbia.edu /home/ktn10/project/openjoda/content/images arrow_down.gif
2000.12.19 22:30 B D:\kanan\Project\openjoda\tomcat\webapps\ROOT\content\images\arrow_up.gif --> canal.psl.cs.columbia.edu /home/ktn10/project/openjoda/content/images arrow_up.gif
2000.12.19 22:30 B D:\kanan\Project\openjoda\tomcat\webapps\ROOT\content\images\bg_fictive.jpg --> canal.psl.cs.columbia.edu /home/ktn10/project/openjoda/content/images bg_fictive.jpg
2000.12.19 22:30 B D:\kanan\Project\openjoda\tomcat\webapps\ROOT\content\images\black.gif --> canal.psl.cs.columbia.edu /home/ktn10/project/openjoda/content/images black.gif
2000.12.19 22:30 B D:\kanan\Project\openjoda\tomcat\webapps\ROOT\content\images\bottom.gif --> canal.psl.cs.columbia.edu /home/ktn10/project/openjoda/content/images bottom.gif
2000.12.19 22:30 B D:\kanan\Project\openjoda\tomcat\webapps\ROOT\content\images\bottom_bg.gif --> canal.psl.cs.columbia.edu /home/ktn10/project/openjoda/content/images bottom_bg.gif
2000.12.19 22:30 B D:\kanan\Project\openjoda\tomcat\webapps\ROOT\content\images\bottom_left.gif --> canal.psl.cs.columbia.edu /home/ktn10/project/openjoda/content/images bottom_left.gif
2000.12.19 22:30 B D:\kanan\Project\openjoda\tomcat\webapps\ROOT\content\images\bottom_right.gif --> canal.psl.cs.columbia.edu /home/ktn10/project/openjoda/content/images bottom_right.gif
2000.12.19 22:30 B D:\kanan\Project\openjoda\tomcat\webapps\ROOT\content\images\bullet.gif --> canal.psl.cs.columbia.edu /home/ktn10/project/openjoda/content/images bullet.gif
2000.12.19 22:30 B D:\kanan\Project\openjoda\tomcat\webapps\ROOT\content\images\close.gif --> canal.psl.cs.columbia.edu /home/ktn10/project/openjoda/content/images close.gif
2000.12.19 22:30 B D:\kanan\Project\openjoda\tomcat\webapps\ROOT\content\images\close2.gif --> canal.psl.cs.columbia.edu /home/ktn10/project/openjoda/content/images close2.gif
2000.12.19 22:30 B D:\kanan\Project\openjoda\tomcat\webapps\ROOT\content\images\divider.gif --> canal.psl.cs.columbia.edu /home/ktn10/project/openjoda/content/images divider.gif
2000.12.19 22:30 B D:\kanan\Project\openjoda\tomcat\webapps\ROOT\content\images\edit.gif --> canal.psl.cs.columbia.edu /home/ktn10/project/openjoda/content/images edit.gif
2000.12.19 22:30 B D:\kanan\Project\openjoda\tomcat\webapps\ROOT\content\images\feather.gif --> canal.psl.cs.columbia.edu /home/ktn10/project/openjoda/content/images feather.gif
2000.12.19 22:30 B D:\kanan\Project\openjoda\tomcat\webapps\ROOT\content\images\fictive.jpg --> canal.psl.cs.columbia.edu /home/ktn10/project/openjoda/content/images fictive.jpg
2000.12.19 22:30 B D:\kanan\Project\openjoda\tomcat\webapps\ROOT\content\images\folder.gif --> canal.psl.cs.columbia.edu /home/ktn10/project/openjoda/content/images folder.gif
2000.12.19 22:30 B D:\kanan\Project\openjoda\tomcat\webapps\ROOT\content\images\gauge.jpg --> canal.psl.cs.columbia.edu /home/ktn10/project/openjoda/content/images gauge.jpg
2000.12.19 22:30 B D:\kanan\Project\openjoda\tomcat\webapps\ROOT\content\images\gears.gif --> canal.psl.cs.columbia.edu /home/ktn10/project/openjoda/content/images gears.gif
2000.12.19 22:30 B D:\kanan\Project\openjoda\tomcat\webapps\ROOT\content\images\header_openjoda.jpg --> canal.psl.cs.columbia.edu /home/ktn10/project/openjoda/content/images header_openjoda.jpg
2000.12.19 22:30 B D:\kanan\Project\openjoda\tomcat\webapps\ROOT\content\images\header_openjoda_new.jpg --> canal.psl.cs.columbia.edu /home/ktn10/project/openjoda/content/images header_openjoda_new.jpg
2000.12.19 22:30 B D:\kanan\Project\openjoda\tomcat\webapps\ROOT\content\images\header_openjoda_original.jpg --> canal.psl.cs.columbia.edu /home/ktn10/project/openjoda/content/images header_openjoda_original.jpg
2000.12.19 22:30 B D:\kanan\Project\openjoda\tomcat\webapps\ROOT\content\images\indus.jpg --> canal.psl.cs.columbia.edu /home/ktn10/project/openjoda/content/images indus.jpg
2000.12.19 22:30 B D:\kanan\Project\openjoda\tomcat\webapps\ROOT\content\images\java-apache-project.gif --> canal.psl.cs.columbia.edu /home/ktn10/project/openjoda/content/images java-apache-project.gif
2000.12.19 22:30 B D:\kanan\Project\openjoda\tomcat\webapps\ROOT\content\images\jetspeed-logo.gif --> canal.psl.cs.columbia.edu /home/ktn10/project/openjoda/content/images jetspeed-logo.gif
2000.12.19 22:30 B D:\kanan\Project\openjoda\tomcat\webapps\ROOT\content\images\jetspeed-powered.gif --> canal.psl.cs.columbia.edu /home/ktn10/project/openjoda/content/images jetspeed-powered.gif
2000.12.19 22:30 B D:\kanan\Project\openjoda\tomcat\webapps\ROOT\content\images\line_bg.gif --> canal.psl.cs.columbia.edu /home/ktn10/project/openjoda/content/images line_bg.gif
2000.12.19 22:30 B D:\kanan\Project\openjoda\tomcat\webapps\ROOT\content\images\max.gif --> canal.psl.cs.columbia.edu /home/ktn10/project/openjoda/content/images max.gif
2000.12.19 22:30 B D:\kanan\Project\openjoda\tomcat\webapps\ROOT\content\images\max2.gif --> canal.psl.cs.columbia.edu /home/ktn10/project/openjoda/content/images max2.gif
2000.12.19 22:30 B D:\kanan\Project\openjoda\tomcat\webapps\ROOT\content\images\microphone.gif --> canal.psl.cs.columbia.edu /home/ktn10/project/openjoda/content/images microphone.gif
2000.12.19 22:30 B D:\kanan\Project\openjoda\tomcat\webapps\ROOT\content\images\min.gif --> canal.psl.cs.columbia.edu /home/ktn10/project/openjoda/content/images min.gif
2000.12.19 22:30 B D:\kanan\Project\openjoda\tomcat\webapps\ROOT\content\images\min2.gif --> canal.psl.cs.columbia.edu /home/ktn10/project/openjoda/content/images min2.gif
2000.12.19 22:30 B D:\kanan\Project\openjoda\tomcat\webapps\ROOT\content\images\nav_bg_off.jpg --> canal.psl.cs.columbia.edu /home/ktn10/project/openjoda/content/images nav_bg_off.jpg
2000.12.19 22:30 B D:\kanan\Project\openjoda\tomcat\webapps\ROOT\content\images\nav_bg_on.jpg --> canal.psl.cs.columbia.edu /home/ktn10/project/openjoda/content/images nav_bg_on.jpg
2000.12.19 22:30 B D:\kanan\Project\openjoda\tomcat\webapps\ROOT\content\images\nav_corner_off.jpg --> canal.psl.cs.columbia.edu /home/ktn10/project/openjoda/content/images nav_corner_off.jpg
2000.12.19 22:30 B D:\kanan\Project\openjoda\tomcat\webapps\ROOT\content\images\nav_corner_on.jpg --> canal.psl.cs.columbia.edu /home/ktn10/project/openjoda/content/images nav_corner_on.jpg
2000.12.19 22:30 B D:\kanan\Project\openjoda\tomcat\webapps\ROOT\content\images\nav_corner_right.jpg --> canal.psl.cs.columbia.edu /home/ktn10/project/openjoda/content/images nav_corner_right.jpg
2000.12.19 22:30 B D:\kanan\Project\openjoda\tomcat\webapps\ROOT\content\images\nav_left.jpg --> canal.psl.cs.columbia.edu /home/ktn10/project/openjoda/content/images nav_left.jpg
2000.12.19 22:30 B D:\kanan\Project\openjoda\tomcat\webapps\ROOT\content\images\nav_top.jpg --> canal.psl.cs.columbia.edu /home/ktn10/project/openjoda/content/images nav_top.jpg
2000.12.19 22:30 B D:\kanan\Project\openjoda\tomcat\webapps\ROOT\content\images\nav_white.gif --> canal.psl.cs.columbia.edu /home/ktn10/project/openjoda/content/images nav_white.gif
2000.12.19 22:30 B D:\kanan\Project\openjoda\tomcat\webapps\ROOT\content\images\proto-logo.jpg --> canal.psl.cs.columbia.edu /home/ktn10/project/openjoda/content/images proto-logo.jpg
2000.12.19 22:30 B D:\kanan\Project\openjoda\tomcat\webapps\ROOT\content\images\proto-logo.png --> canal.psl.cs.columbia.edu /home/ktn10/project/openjoda/content/images proto-logo.png
2000.12.19 22:30 B D:\kanan\Project\openjoda\tomcat\webapps\ROOT\content\images\top0.gif --> canal.psl.cs.columbia.edu /home/ktn10/project/openjoda/content/images top0.gif
2000.12.19 22:30 B D:\kanan\Project\openjoda\tomcat\webapps\ROOT\content\images\top1.gif --> canal.psl.cs.columbia.edu /home/ktn10/project/openjoda/content/images top1.gif
2000.12.19 22:30 B D:\kanan\Project\openjoda\tomcat\webapps\ROOT\content\images\top2.gif --> canal.psl.cs.columbia.edu /home/ktn10/project/openjoda/content/images top2.gif
2000.12.19 22:30 B D:\kanan\Project\openjoda\tomcat\webapps\ROOT\content\images\top3.gif --> canal.psl.cs.columbia.edu /home/ktn10/project/openjoda/content/images top3.gif
2000.12.19 22:30 B D:\kanan\Project\openjoda\tomcat\webapps\ROOT\content\images\top_bg.gif --> canal.psl.cs.columbia.edu /home/ktn10/project/openjoda/content/images top_bg.gif
2000.12.19 22:30 B D:\kanan\Project\openjoda\tomcat\webapps\ROOT\content\images\top_bg2.gif --> canal.psl.cs.columbia.edu /home/ktn10/project/openjoda/content/images top_bg2.gif
2000.12.19 22:30 B D:\kanan\Project\openjoda\tomcat\webapps\ROOT\content\images\top_degrade.gif --> canal.psl.cs.columbia.edu /home/ktn10/project/openjoda/content/images top_degrade.gif
2000.12.19 22:30 B D:\kanan\Project\openjoda\tomcat\webapps\ROOT\content\images\top_left.gif --> canal.psl.cs.columbia.edu /home/ktn10/project/openjoda/content/images top_left.gif
2000.12.19 22:30 B D:\kanan\Project\openjoda\tomcat\webapps\ROOT\content\images\trikx_top.jpg --> canal.psl.cs.columbia.edu /home/ktn10/project/openjoda/content/images trikx_top.jpg
2000.12.19 22:30 B D:\kanan\Project\openjoda\tomcat\webapps\ROOT\content\images\WS_FTP.LOG --> canal.psl.cs.columbia.edu /home/ktn10/project/openjoda/content/images WS_FTP.LOG
2000.12.19 22:30 B D:\kanan\Project\openjoda\tomcat\webapps\ROOT\content\images\xo3-small1.jpg --> canal.psl.cs.columbia.edu /home/ktn10/project/openjoda/content/images xo3-small1.jpg
2000.12.19 22:33 B D:\kanan\Project\openjoda\tomcat\webapps\ROOT\content\images\1by1.gif --> canal.psl.cs.columbia.edu /home/ktn10/project/openjoda/content/images 1by1.gif
2000.12.19 22:33 B D:\kanan\Project\openjoda\tomcat\webapps\ROOT\content\images\arrow_down.gif --> canal.psl.cs.columbia.edu /home/ktn10/project/openjoda/content/images arrow_down.gif
2000.12.19 22:33 B D:\kanan\Project\openjoda\tomcat\webapps\ROOT\content\images\arrow_up.gif --> canal.psl.cs.columbia.edu /home/ktn10/project/openjoda/content/images arrow_up.gif
2000.12.19 22:33 B D:\kanan\Project\openjoda\tomcat\webapps\ROOT\content\images\bg_fictive.jpg --> canal.psl.cs.columbia.edu /home/ktn10/project/openjoda/content/images bg_fictive.jpg
2000.12.19 22:33 B D:\kanan\Project\openjoda\tomcat\webapps\ROOT\content\images\black.gif --> canal.psl.cs.columbia.edu /home/ktn10/project/openjoda/content/images black.gif
2000.12.19 22:33 B D:\kanan\Project\openjoda\tomcat\webapps\ROOT\content\images\bottom.gif --> canal.psl.cs.columbia.edu /home/ktn10/project/openjoda/content/images bottom.gif
2000.12.19 22:33 B D:\kanan\Project\openjoda\tomcat\webapps\ROOT\content\images\bottom_bg.gif --> canal.psl.cs.columbia.edu /home/ktn10/project/openjoda/content/images bottom_bg.gif
2000.12.19 22:33 B D:\kanan\Project\openjoda\tomcat\webapps\ROOT\content\images\bottom_left.gif --> canal.psl.cs.columbia.edu /home/ktn10/project/openjoda/content/images bottom_left.gif
2000.12.19 22:33 B D:\kanan\Project\openjoda\tomcat\webapps\ROOT\content\images\bottom_right.gif --> canal.psl.cs.columbia.edu /home/ktn10/project/openjoda/content/images bottom_right.gif
2000.12.19 22:33 B D:\kanan\Project\openjoda\tomcat\webapps\ROOT\content\images\bullet.gif --> canal.psl.cs.columbia.edu /home/ktn10/project/openjoda/content/images bullet.gif
2000.12.19 22:33 B D:\kanan\Project\openjoda\tomcat\webapps\ROOT\content\images\close.gif --> canal.psl.cs.columbia.edu /home/ktn10/project/openjoda/content/images close.gif
2000.12.19 22:33 B D:\kanan\Project\openjoda\tomcat\webapps\ROOT\content\images\close2.gif --> canal.psl.cs.columbia.edu /home/ktn10/project/openjoda/content/images close2.gif
2000.12.19 22:33 B D:\kanan\Project\openjoda\tomcat\webapps\ROOT\content\images\divider.gif --> canal.psl.cs.columbia.edu /home/ktn10/project/openjoda/content/images divider.gif
2000.12.19 22:33 B D:\kanan\Project\openjoda\tomcat\webapps\ROOT\content\images\edit.gif --> canal.psl.cs.columbia.edu /home/ktn10/project/openjoda/content/images edit.gif
2000.12.19 22:33 B D:\kanan\Project\openjoda\tomcat\webapps\ROOT\content\images\feather.gif --> canal.psl.cs.columbia.edu /home/ktn10/project/openjoda/content/images feather.gif
2000.12.19 22:33 B D:\kanan\Project\openjoda\tomcat\webapps\ROOT\content\images\fictive.jpg --> canal.psl.cs.columbia.edu /home/ktn10/project/openjoda/content/images fictive.jpg
2000.12.19 22:33 B D:\kanan\Project\openjoda\tomcat\webapps\ROOT\content\images\folder.gif --> canal.psl.cs.columbia.edu /home/ktn10/project/openjoda/content/images folder.gif
2000.12.19 22:33 B D:\kanan\Project\openjoda\tomcat\webapps\ROOT\content\images\gauge.jpg --> canal.psl.cs.columbia.edu /home/ktn10/project/openjoda/content/images gauge.jpg
2000.12.19 22:33 B D:\kanan\Project\openjoda\tomcat\webapps\ROOT\content\images\gears.gif --> canal.psl.cs.columbia.edu /home/ktn10/project/openjoda/content/images gears.gif
2000.12.19 22:33 B D:\kanan\Project\openjoda\tomcat\webapps\ROOT\content\images\header_openjoda.jpg --> canal.psl.cs.columbia.edu /home/ktn10/project/openjoda/content/images header_openjoda.jpg
2000.12.19 22:33 B D:\kanan\Project\openjoda\tomcat\webapps\ROOT\content\images\header_openjoda_new.jpg --> canal.psl.cs.columbia.edu /home/ktn10/project/openjoda/content/images header_openjoda_new.jpg
2000.12.19 22:33 B D:\kanan\Project\openjoda\tomcat\webapps\ROOT\content\images\header_openjoda_original.jpg --> canal.psl.cs.columbia.edu /home/ktn10/project/openjoda/content/images header_openjoda_original.jpg
2000.12.19 22:33 B D:\kanan\Project\openjoda\tomcat\webapps\ROOT\content\images\indus.jpg --> canal.psl.cs.columbia.edu /home/ktn10/project/openjoda/content/images indus.jpg
2000.12.19 22:33 B D:\kanan\Project\openjoda\tomcat\webapps\ROOT\content\images\java-apache-project.gif --> canal.psl.cs.columbia.edu /home/ktn10/project/openjoda/content/images java-apache-project.gif
2000.12.19 22:33 B D:\kanan\Project\openjoda\tomcat\webapps\ROOT\content\images\jetspeed-logo.gif --> canal.psl.cs.columbia.edu /home/ktn10/project/openjoda/content/images jetspeed-logo.gif
2000.12.19 22:33 B D:\kanan\Project\openjoda\tomcat\webapps\ROOT\content\images\jetspeed-powered.gif --> canal.psl.cs.columbia.edu /home/ktn10/project/openjoda/content/images jetspeed-powered.gif
2000.12.19 22:33 B D:\kanan\Project\openjoda\tomcat\webapps\ROOT\content\images\line_bg.gif --> canal.psl.cs.columbia.edu /home/ktn10/project/openjoda/content/images line_bg.gif
2000.12.19 22:33 B D:\kanan\Project\openjoda\tomcat\webapps\ROOT\content\images\max.gif --> canal.psl.cs.columbia.edu /home/ktn10/project/openjoda/content/images max.gif
2000.12.19 22:33 B D:\kanan\Project\openjoda\tomcat\webapps\ROOT\content\images\max2.gif --> canal.psl.cs.columbia.edu /home/ktn10/project/openjoda/content/images max2.gif
2000.12.19 22:33 B D:\kanan\Project\openjoda\tomcat\webapps\ROOT\content\images\microphone.gif --> canal.psl.cs.columbia.edu /home/ktn10/project/openjoda/content/images microphone.gif
2000.12.19 22:33 B D:\kanan\Project\openjoda\tomcat\webapps\ROOT\content\images\min.gif --> canal.psl.cs.columbia.edu /home/ktn10/project/openjoda/content/images min.gif
2000.12.19 22:33 B D:\kanan\Project\openjoda\tomcat\webapps\ROOT\content\images\min2.gif --> canal.psl.cs.columbia.edu /home/ktn10/project/openjoda/content/images min2.gif
2000.12.19 22:33 B D:\kanan\Project\openjoda\tomcat\webapps\ROOT\content\images\nav_bg_off.jpg --> canal.psl.cs.columbia.edu /home/ktn10/project/openjoda/content/images nav_bg_off.jpg
2000.12.19 22:33 B D:\kanan\Project\openjoda\tomcat\webapps\ROOT\content\images\nav_bg_on.jpg --> canal.psl.cs.columbia.edu /home/ktn10/project/openjoda/content/images nav_bg_on.jpg
2000.12.19 22:33 B D:\kanan\Project\openjoda\tomcat\webapps\ROOT\content\images\nav_corner_off.jpg --> canal.psl.cs.columbia.edu /home/ktn10/project/openjoda/content/images nav_corner_off.jpg
2000.12.19 22:33 B D:\kanan\Project\openjoda\tomcat\webapps\ROOT\content\images\nav_corner_on.jpg --> canal.psl.cs.columbia.edu /home/ktn10/project/openjoda/content/images nav_corner_on.jpg
2000.12.19 22:33 B D:\kanan\Project\openjoda\tomcat\webapps\ROOT\content\images\nav_corner_right.jpg --> canal.psl.cs.columbia.edu /home/ktn10/project/openjoda/content/images nav_corner_right.jpg
2000.12.19 22:34 B D:\kanan\Project\openjoda\tomcat\webapps\ROOT\content\images\nav_left.jpg --> canal.psl.cs.columbia.edu /home/ktn10/project/openjoda/content/images nav_left.jpg
2000.12.19 22:34 B D:\kanan\Project\openjoda\tomcat\webapps\ROOT\content\images\nav_top.jpg --> canal.psl.cs.columbia.edu /home/ktn10/project/openjoda/content/images nav_top.jpg
2000.12.19 22:34 B D:\kanan\Project\openjoda\tomcat\webapps\ROOT\content\images\nav_white.gif --> canal.psl.cs.columbia.edu /home/ktn10/project/openjoda/content/images nav_white.gif
2000.12.19 22:34 B D:\kanan\Project\openjoda\tomcat\webapps\ROOT\content\images\proto-logo.jpg --> canal.psl.cs.columbia.edu /home/ktn10/project/openjoda/content/images proto-logo.jpg
2000.12.19 22:34 B D:\kanan\Project\openjoda\tomcat\webapps\ROOT\content\images\proto-logo.png --> canal.psl.cs.columbia.edu /home/ktn10/project/openjoda/content/images proto-logo.png
2000.12.19 22:34 B D:\kanan\Project\openjoda\tomcat\webapps\ROOT\content\images\top0.gif --> canal.psl.cs.columbia.edu /home/ktn10/project/openjoda/content/images top0.gif
2000.12.19 22:34 B D:\kanan\Project\openjoda\tomcat\webapps\ROOT\content\images\top1.gif --> canal.psl.cs.columbia.edu /home/ktn10/project/openjoda/content/images top1.gif
2000.12.19 22:34 B D:\kanan\Project\openjoda\tomcat\webapps\ROOT\content\images\top2.gif --> canal.psl.cs.columbia.edu /home/ktn10/project/openjoda/content/images top2.gif
2000.12.19 22:34 B D:\kanan\Project\openjoda\tomcat\webapps\ROOT\content\images\top3.gif --> canal.psl.cs.columbia.edu /home/ktn10/project/openjoda/content/images top3.gif
2000.12.19 22:34 B D:\kanan\Project\openjoda\tomcat\webapps\ROOT\content\images\top_bg.gif --> canal.psl.cs.columbia.edu /home/ktn10/project/openjoda/content/images top_bg.gif
2000.12.19 22:34 B D:\kanan\Project\openjoda\tomcat\webapps\ROOT\content\images\top_bg2.gif --> canal.psl.cs.columbia.edu /home/ktn10/project/openjoda/content/images top_bg2.gif
2000.12.19 22:34 B D:\kanan\Project\openjoda\tomcat\webapps\ROOT\content\images\top_degrade.gif --> canal.psl.cs.columbia.edu /home/ktn10/project/openjoda/content/images top_degrade.gif
2000.12.19 22:34 B D:\kanan\Project\openjoda\tomcat\webapps\ROOT\content\images\top_left.gif --> canal.psl.cs.columbia.edu /home/ktn10/project/openjoda/content/images top_left.gif
2000.12.19 22:34 B D:\kanan\Project\openjoda\tomcat\webapps\ROOT\content\images\trikx_top.jpg --> canal.psl.cs.columbia.edu /home/ktn10/project/openjoda/content/images trikx_top.jpg
