2000.12.18 14:11 B D:\kanan\Project\openjoda\tomcat\webapps\ROOT\content\images\tree\ftv2blank.gif --> canal.psl.cs.columbia.edu /home/ktn10/project/openjoda/content/images/tree ftv2blank.gif
2000.12.18 14:11 B D:\kanan\Project\openjoda\tomcat\webapps\ROOT\content\images\tree\ftv2doc.gif --> canal.psl.cs.columbia.edu /home/ktn10/project/openjoda/content/images/tree ftv2doc.gif
2000.12.18 14:11 B D:\kanan\Project\openjoda\tomcat\webapps\ROOT\content\images\tree\ftv2folderclosed.gif --> canal.psl.cs.columbia.edu /home/ktn10/project/openjoda/content/images/tree ftv2folderclosed.gif
2000.12.18 14:11 B D:\kanan\Project\openjoda\tomcat\webapps\ROOT\content\images\tree\ftv2folderopen.gif --> canal.psl.cs.columbia.edu /home/ktn10/project/openjoda/content/images/tree ftv2folderopen.gif
2000.12.18 14:11 B D:\kanan\Project\openjoda\tomcat\webapps\ROOT\content\images\tree\ftv2lastnode.gif --> canal.psl.cs.columbia.edu /home/ktn10/project/openjoda/content/images/tree ftv2lastnode.gif
2000.12.18 14:11 B D:\kanan\Project\openjoda\tomcat\webapps\ROOT\content\images\tree\ftv2link.gif --> canal.psl.cs.columbia.edu /home/ktn10/project/openjoda/content/images/tree ftv2link.gif
2000.12.18 14:11 B D:\kanan\Project\openjoda\tomcat\webapps\ROOT\content\images\tree\ftv2mlastnode.gif --> canal.psl.cs.columbia.edu /home/ktn10/project/openjoda/content/images/tree ftv2mlastnode.gif
2000.12.18 14:11 B D:\kanan\Project\openjoda\tomcat\webapps\ROOT\content\images\tree\ftv2mnode.gif --> canal.psl.cs.columbia.edu /home/ktn10/project/openjoda/content/images/tree ftv2mnode.gif
2000.12.18 14:11 B D:\kanan\Project\openjoda\tomcat\webapps\ROOT\content\images\tree\ftv2node.gif --> canal.psl.cs.columbia.edu /home/ktn10/project/openjoda/content/images/tree ftv2node.gif
2000.12.18 14:11 B D:\kanan\Project\openjoda\tomcat\webapps\ROOT\content\images\tree\ftv2plastnode.gif --> canal.psl.cs.columbia.edu /home/ktn10/project/openjoda/content/images/tree ftv2plastnode.gif
2000.12.18 14:11 B D:\kanan\Project\openjoda\tomcat\webapps\ROOT\content\images\tree\ftv2pnode.gif --> canal.psl.cs.columbia.edu /home/ktn10/project/openjoda/content/images/tree ftv2pnode.gif
2000.12.18 14:11 B D:\kanan\Project\openjoda\tomcat\webapps\ROOT\content\images\tree\ftv2vertline.gif --> canal.psl.cs.columbia.edu /home/ktn10/project/openjoda/content/images/tree ftv2vertline.gif
2000.12.19 17:31 B D:\kanan\Project\openjoda\tomcat\webapps\ROOT\content\images\tree\ftv2blank.gif --> canal.psl.cs.columbia.edu /home/ktn10/project/openjoda/content/images/tree ftv2blank.gif
2000.12.19 17:31 B D:\kanan\Project\openjoda\tomcat\webapps\ROOT\content\images\tree\ftv2doc.gif --> canal.psl.cs.columbia.edu /home/ktn10/project/openjoda/content/images/tree ftv2doc.gif
2000.12.19 17:31 B D:\kanan\Project\openjoda\tomcat\webapps\ROOT\content\images\tree\ftv2folderclosed.gif --> canal.psl.cs.columbia.edu /home/ktn10/project/openjoda/content/images/tree ftv2folderclosed.gif
2000.12.19 17:31 B D:\kanan\Project\openjoda\tomcat\webapps\ROOT\content\images\tree\ftv2folderopen.gif --> canal.psl.cs.columbia.edu /home/ktn10/project/openjoda/content/images/tree ftv2folderopen.gif
2000.12.19 17:31 B D:\kanan\Project\openjoda\tomcat\webapps\ROOT\content\images\tree\ftv2lastnode.gif --> canal.psl.cs.columbia.edu /home/ktn10/project/openjoda/content/images/tree ftv2lastnode.gif
2000.12.19 17:31 B D:\kanan\Project\openjoda\tomcat\webapps\ROOT\content\images\tree\ftv2link.gif --> canal.psl.cs.columbia.edu /home/ktn10/project/openjoda/content/images/tree ftv2link.gif
2000.12.19 17:31 B D:\kanan\Project\openjoda\tomcat\webapps\ROOT\content\images\tree\ftv2mlastnode.gif --> canal.psl.cs.columbia.edu /home/ktn10/project/openjoda/content/images/tree ftv2mlastnode.gif
2000.12.19 17:31 B D:\kanan\Project\openjoda\tomcat\webapps\ROOT\content\images\tree\ftv2mnode.gif --> canal.psl.cs.columbia.edu /home/ktn10/project/openjoda/content/images/tree ftv2mnode.gif
2000.12.19 17:31 B D:\kanan\Project\openjoda\tomcat\webapps\ROOT\content\images\tree\ftv2node.gif --> canal.psl.cs.columbia.edu /home/ktn10/project/openjoda/content/images/tree ftv2node.gif
2000.12.19 17:31 B D:\kanan\Project\openjoda\tomcat\webapps\ROOT\content\images\tree\ftv2plastnode.gif --> canal.psl.cs.columbia.edu /home/ktn10/project/openjoda/content/images/tree ftv2plastnode.gif
2000.12.19 17:31 B D:\kanan\Project\openjoda\tomcat\webapps\ROOT\content\images\tree\ftv2pnode.gif --> canal.psl.cs.columbia.edu /home/ktn10/project/openjoda/content/images/tree ftv2pnode.gif
2000.12.19 17:31 B D:\kanan\Project\openjoda\tomcat\webapps\ROOT\content\images\tree\ftv2vertline.gif --> canal.psl.cs.columbia.edu /home/ktn10/project/openjoda/content/images/tree ftv2vertline.gif
2000.12.19 17:31 B D:\kanan\Project\openjoda\tomcat\webapps\ROOT\content\images\tree\WS_FTP.LOG --> canal.psl.cs.columbia.edu /home/ktn10/project/openjoda/content/images/tree WS_FTP.LOG
2000.12.19 22:29 B D:\kanan\Project\openjoda\tomcat\webapps\ROOT\content\images\tree\ftv2blank.gif --> canal.psl.cs.columbia.edu /home/ktn10/project/openjoda/content/images/tree ftv2blank.gif
2000.12.19 22:29 B D:\kanan\Project\openjoda\tomcat\webapps\ROOT\content\images\tree\ftv2doc.gif --> canal.psl.cs.columbia.edu /home/ktn10/project/openjoda/content/images/tree ftv2doc.gif
2000.12.19 22:29 B D:\kanan\Project\openjoda\tomcat\webapps\ROOT\content\images\tree\ftv2folderclosed.gif --> canal.psl.cs.columbia.edu /home/ktn10/project/openjoda/content/images/tree ftv2folderclosed.gif
2000.12.19 22:29 B D:\kanan\Project\openjoda\tomcat\webapps\ROOT\content\images\tree\ftv2folderopen.gif --> canal.psl.cs.columbia.edu /home/ktn10/project/openjoda/content/images/tree ftv2folderopen.gif
2000.12.19 22:29 B D:\kanan\Project\openjoda\tomcat\webapps\ROOT\content\images\tree\ftv2lastnode.gif --> canal.psl.cs.columbia.edu /home/ktn10/project/openjoda/content/images/tree ftv2lastnode.gif
2000.12.19 22:29 B D:\kanan\Project\openjoda\tomcat\webapps\ROOT\content\images\tree\ftv2link.gif --> canal.psl.cs.columbia.edu /home/ktn10/project/openjoda/content/images/tree ftv2link.gif
2000.12.19 22:29 B D:\kanan\Project\openjoda\tomcat\webapps\ROOT\content\images\tree\ftv2mlastnode.gif --> canal.psl.cs.columbia.edu /home/ktn10/project/openjoda/content/images/tree ftv2mlastnode.gif
2000.12.19 22:29 B D:\kanan\Project\openjoda\tomcat\webapps\ROOT\content\images\tree\ftv2mnode.gif --> canal.psl.cs.columbia.edu /home/ktn10/project/openjoda/content/images/tree ftv2mnode.gif
2000.12.19 22:29 B D:\kanan\Project\openjoda\tomcat\webapps\ROOT\content\images\tree\ftv2node.gif --> canal.psl.cs.columbia.edu /home/ktn10/project/openjoda/content/images/tree ftv2node.gif
2000.12.19 22:29 B D:\kanan\Project\openjoda\tomcat\webapps\ROOT\content\images\tree\ftv2plastnode.gif --> canal.psl.cs.columbia.edu /home/ktn10/project/openjoda/content/images/tree ftv2plastnode.gif
2000.12.19 22:30 B D:\kanan\Project\openjoda\tomcat\webapps\ROOT\content\images\tree\ftv2pnode.gif --> canal.psl.cs.columbia.edu /home/ktn10/project/openjoda/content/images/tree ftv2pnode.gif
2000.12.19 22:30 B D:\kanan\Project\openjoda\tomcat\webapps\ROOT\content\images\tree\ftv2vertline.gif --> canal.psl.cs.columbia.edu /home/ktn10/project/openjoda/content/images/tree ftv2vertline.gif
2000.12.19 22:30 B D:\kanan\Project\openjoda\tomcat\webapps\ROOT\content\images\tree\WS_FTP.LOG --> canal.psl.cs.columbia.edu /home/ktn10/project/openjoda/content/images/tree WS_FTP.LOG
2000.12.19 22:33 B D:\kanan\Project\openjoda\tomcat\webapps\ROOT\content\images\tree\ftv2blank.gif --> canal.psl.cs.columbia.edu /home/ktn10/project/openjoda/content/images/tree ftv2blank.gif
2000.12.19 22:33 B D:\kanan\Project\openjoda\tomcat\webapps\ROOT\content\images\tree\ftv2doc.gif --> canal.psl.cs.columbia.edu /home/ktn10/project/openjoda/content/images/tree ftv2doc.gif
2000.12.19 22:33 B D:\kanan\Project\openjoda\tomcat\webapps\ROOT\content\images\tree\ftv2folderclosed.gif --> canal.psl.cs.columbia.edu /home/ktn10/project/openjoda/content/images/tree ftv2folderclosed.gif
2000.12.19 22:33 B D:\kanan\Project\openjoda\tomcat\webapps\ROOT\content\images\tree\ftv2folderopen.gif --> canal.psl.cs.columbia.edu /home/ktn10/project/openjoda/content/images/tree ftv2folderopen.gif
2000.12.19 22:33 B D:\kanan\Project\openjoda\tomcat\webapps\ROOT\content\images\tree\ftv2lastnode.gif --> canal.psl.cs.columbia.edu /home/ktn10/project/openjoda/content/images/tree ftv2lastnode.gif
2000.12.19 22:33 B D:\kanan\Project\openjoda\tomcat\webapps\ROOT\content\images\tree\ftv2link.gif --> canal.psl.cs.columbia.edu /home/ktn10/project/openjoda/content/images/tree ftv2link.gif
2000.12.19 22:33 B D:\kanan\Project\openjoda\tomcat\webapps\ROOT\content\images\tree\ftv2mlastnode.gif --> canal.psl.cs.columbia.edu /home/ktn10/project/openjoda/content/images/tree ftv2mlastnode.gif
2000.12.19 22:33 B D:\kanan\Project\openjoda\tomcat\webapps\ROOT\content\images\tree\ftv2mnode.gif --> canal.psl.cs.columbia.edu /home/ktn10/project/openjoda/content/images/tree ftv2mnode.gif
2000.12.19 22:33 B D:\kanan\Project\openjoda\tomcat\webapps\ROOT\content\images\tree\ftv2node.gif --> canal.psl.cs.columbia.edu /home/ktn10/project/openjoda/content/images/tree ftv2node.gif
2000.12.19 22:33 B D:\kanan\Project\openjoda\tomcat\webapps\ROOT\content\images\tree\ftv2plastnode.gif --> canal.psl.cs.columbia.edu /home/ktn10/project/openjoda/content/images/tree ftv2plastnode.gif
2000.12.19 22:33 B D:\kanan\Project\openjoda\tomcat\webapps\ROOT\content\images\tree\ftv2pnode.gif --> canal.psl.cs.columbia.edu /home/ktn10/project/openjoda/content/images/tree ftv2pnode.gif
2000.12.19 22:33 B D:\kanan\Project\openjoda\tomcat\webapps\ROOT\content\images\tree\ftv2vertline.gif --> canal.psl.cs.columbia.edu /home/ktn10/project/openjoda/content/images/tree ftv2vertline.gif
