2000.12.17 15:38 B D:\kanan\Project\openjoda\tomcat\webapps\ROOT\content\java\PageRefresher.java <-- canal /home/ktn10/psl/psl/trikx/impl PageRefresher.java
2000.12.17 16:53 B D:\kanan\Project\openjoda\tomcat\webapps\ROOT\content\java\FileDownload.class --> canal.psl.cs.columbia.edu /home/ktn10/project/openjoda/content/java FileDownload.class
2000.12.17 16:53 B D:\kanan\Project\openjoda\tomcat\webapps\ROOT\content\java\FileDownload.java --> canal.psl.cs.columbia.edu /home/ktn10/project/openjoda/content/java FileDownload.java
2000.12.17 16:53 B D:\kanan\Project\openjoda\tomcat\webapps\ROOT\content\java\PageRefresher.class --> canal.psl.cs.columbia.edu /home/ktn10/project/openjoda/content/java PageRefresher.class
2000.12.17 16:53 B D:\kanan\Project\openjoda\tomcat\webapps\ROOT\content\java\PageRefresher.java --> canal.psl.cs.columbia.edu /home/ktn10/project/openjoda/content/java PageRefresher.java
2000.12.17 16:53 B D:\kanan\Project\openjoda\tomcat\webapps\ROOT\content\java\WS_FTP.LOG --> canal.psl.cs.columbia.edu /home/ktn10/project/openjoda/content/java WS_FTP.LOG
2000.12.17 23:55 B D:\kanan\Project\openjoda\tomcat\webapps\ROOT\content\java\FileDownload.class --> canal.psl.cs.columbia.edu /home/ktn10/project/openjoda/content/java FileDownload.class
2000.12.17 23:55 B D:\kanan\Project\openjoda\tomcat\webapps\ROOT\content\java\FileDownload.java --> canal.psl.cs.columbia.edu /home/ktn10/project/openjoda/content/java FileDownload.java
2000.12.17 23:55 B D:\kanan\Project\openjoda\tomcat\webapps\ROOT\content\java\PageRefresher.class --> canal.psl.cs.columbia.edu /home/ktn10/project/openjoda/content/java PageRefresher.class
2000.12.17 23:55 B D:\kanan\Project\openjoda\tomcat\webapps\ROOT\content\java\PageRefresher.java --> canal.psl.cs.columbia.edu /home/ktn10/project/openjoda/content/java PageRefresher.java
2000.12.17 23:55 B D:\kanan\Project\openjoda\tomcat\webapps\ROOT\content\java\TriKXSienaInterface.class --> canal.psl.cs.columbia.edu /home/ktn10/project/openjoda/content/java TriKXSienaInterface.class
2000.12.17 23:55 B D:\kanan\Project\openjoda\tomcat\webapps\ROOT\content\java\TriKXSienaInterface.java --> canal.psl.cs.columbia.edu /home/ktn10/project/openjoda/content/java TriKXSienaInterface.java
2000.12.18 02:56 B D:\kanan\Project\openjoda\tomcat\webapps\ROOT\content\java\WS_FTP.LOG <-- canal /home/ktn10/project/openjoda/content/java WS_FTP.LOG
2000.12.18 14:12 B D:\kanan\Project\openjoda\tomcat\webapps\ROOT\content\java\AddPortal.java --> canal.psl.cs.columbia.edu /home/ktn10/project/openjoda/content/java AddPortal.java
2000.12.18 14:12 B D:\kanan\Project\openjoda\tomcat\webapps\ROOT\content\java\FileDownload.class --> canal.psl.cs.columbia.edu /home/ktn10/project/openjoda/content/java FileDownload.class
2000.12.18 14:12 B D:\kanan\Project\openjoda\tomcat\webapps\ROOT\content\java\FileDownload.java --> canal.psl.cs.columbia.edu /home/ktn10/project/openjoda/content/java FileDownload.java
2000.12.18 14:12 B D:\kanan\Project\openjoda\tomcat\webapps\ROOT\content\java\PageRefresher.class --> canal.psl.cs.columbia.edu /home/ktn10/project/openjoda/content/java PageRefresher.class
2000.12.18 14:12 B D:\kanan\Project\openjoda\tomcat\webapps\ROOT\content\java\PageRefresher.java --> canal.psl.cs.columbia.edu /home/ktn10/project/openjoda/content/java PageRefresher.java
2000.12.18 14:12 B D:\kanan\Project\openjoda\tomcat\webapps\ROOT\content\java\TriKXSienaInterface.class --> canal.psl.cs.columbia.edu /home/ktn10/project/openjoda/content/java TriKXSienaInterface.class
2000.12.18 14:12 B D:\kanan\Project\openjoda\tomcat\webapps\ROOT\content\java\TriKXSienaInterface.java --> canal.psl.cs.columbia.edu /home/ktn10/project/openjoda/content/java TriKXSienaInterface.java
2000.12.18 14:12 B D:\kanan\Project\openjoda\tomcat\webapps\ROOT\content\java\WS_FTP.LOG --> canal.psl.cs.columbia.edu /home/ktn10/project/openjoda/content/java WS_FTP.LOG
2000.12.19 17:31 B D:\kanan\Project\openjoda\tomcat\webapps\ROOT\content\java\AddPortal.class --> canal.psl.cs.columbia.edu /home/ktn10/project/openjoda/content/java AddPortal.class
2000.12.19 17:31 B D:\kanan\Project\openjoda\tomcat\webapps\ROOT\content\java\AddPortal.java --> canal.psl.cs.columbia.edu /home/ktn10/project/openjoda/content/java AddPortal.java
2000.12.19 17:31 B D:\kanan\Project\openjoda\tomcat\webapps\ROOT\content\java\FileDownload.class --> canal.psl.cs.columbia.edu /home/ktn10/project/openjoda/content/java FileDownload.class
2000.12.19 17:31 B D:\kanan\Project\openjoda\tomcat\webapps\ROOT\content\java\FileDownload.java --> canal.psl.cs.columbia.edu /home/ktn10/project/openjoda/content/java FileDownload.java
2000.12.19 17:31 B D:\kanan\Project\openjoda\tomcat\webapps\ROOT\content\java\PageRefresher.class --> canal.psl.cs.columbia.edu /home/ktn10/project/openjoda/content/java PageRefresher.class
2000.12.19 17:31 B D:\kanan\Project\openjoda\tomcat\webapps\ROOT\content\java\PageRefresher.java --> canal.psl.cs.columbia.edu /home/ktn10/project/openjoda/content/java PageRefresher.java
2000.12.19 17:31 B D:\kanan\Project\openjoda\tomcat\webapps\ROOT\content\java\TriKXSienaInterface.class --> canal.psl.cs.columbia.edu /home/ktn10/project/openjoda/content/java TriKXSienaInterface.class
2000.12.19 17:31 B D:\kanan\Project\openjoda\tomcat\webapps\ROOT\content\java\TriKXSienaInterface.java --> canal.psl.cs.columbia.edu /home/ktn10/project/openjoda/content/java TriKXSienaInterface.java
2000.12.19 17:31 B D:\kanan\Project\openjoda\tomcat\webapps\ROOT\content\java\WS_FTP.LOG --> canal.psl.cs.columbia.edu /home/ktn10/project/openjoda/content/java WS_FTP.LOG
2000.12.19 22:31 B D:\kanan\Project\openjoda\tomcat\webapps\ROOT\content\java\AddPortal.class --> canal.psl.cs.columbia.edu /home/ktn10/project/openjoda/content/java AddPortal.class
2000.12.19 22:34 B D:\kanan\Project\openjoda\tomcat\webapps\ROOT\content\java\AddPortal.class --> canal.psl.cs.columbia.edu /home/ktn10/project/openjoda/content/java AddPortal.class
2000.12.19 22:34 B D:\kanan\Project\openjoda\tomcat\webapps\ROOT\content\java\AddPortal.java --> canal.psl.cs.columbia.edu /home/ktn10/project/openjoda/content/java AddPortal.java
2000.12.19 22:34 B D:\kanan\Project\openjoda\tomcat\webapps\ROOT\content\java\FileDownload.class --> canal.psl.cs.columbia.edu /home/ktn10/project/openjoda/content/java FileDownload.class
2000.12.19 22:34 B D:\kanan\Project\openjoda\tomcat\webapps\ROOT\content\java\FileDownload.java --> canal.psl.cs.columbia.edu /home/ktn10/project/openjoda/content/java FileDownload.java
2000.12.19 22:34 B D:\kanan\Project\openjoda\tomcat\webapps\ROOT\content\java\PageRefresher.class --> canal.psl.cs.columbia.edu /home/ktn10/project/openjoda/content/java PageRefresher.class
2000.12.19 22:34 B D:\kanan\Project\openjoda\tomcat\webapps\ROOT\content\java\PageRefresher.java --> canal.psl.cs.columbia.edu /home/ktn10/project/openjoda/content/java PageRefresher.java
2000.12.19 22:34 B D:\kanan\Project\openjoda\tomcat\webapps\ROOT\content\java\TriKXSienaInterface.class --> canal.psl.cs.columbia.edu /home/ktn10/project/openjoda/content/java TriKXSienaInterface.class
2000.12.19 22:34 B D:\kanan\Project\openjoda\tomcat\webapps\ROOT\content\java\TriKXSienaInterface.java --> canal.psl.cs.columbia.edu /home/ktn10/project/openjoda/content/java TriKXSienaInterface.java
