2000.12.10 01:39 B D:\kanan\Project\openjoda\tomcat\webapps\ROOT\content\images\search\altavista.gif <-- canal /home/ktn10/project/openjoda/content/images/search altavista.gif
2000.12.10 01:39 B D:\kanan\Project\openjoda\tomcat\webapps\ROOT\content\images\search\dejanews.gif <-- canal /home/ktn10/project/openjoda/content/images/search dejanews.gif
2000.12.10 01:39 B D:\kanan\Project\openjoda\tomcat\webapps\ROOT\content\images\search\excite.gif <-- canal /home/ktn10/project/openjoda/content/images/search excite.gif
2000.12.10 01:39 B D:\kanan\Project\openjoda\tomcat\webapps\ROOT\content\images\search\freshmeat.gif <-- canal /home/ktn10/project/openjoda/content/images/search freshmeat.gif
2000.12.10 01:39 B D:\kanan\Project\openjoda\tomcat\webapps\ROOT\content\images\search\google.gif <-- canal /home/ktn10/project/openjoda/content/images/search google.gif
2000.12.10 01:39 B D:\kanan\Project\openjoda\tomcat\webapps\ROOT\content\images\search\hotbot.gif <-- canal /home/ktn10/project/openjoda/content/images/search hotbot.gif
2000.12.10 01:39 B D:\kanan\Project\openjoda\tomcat\webapps\ROOT\content\images\search\infoseek.gif <-- canal /home/ktn10/project/openjoda/content/images/search infoseek.gif
2000.12.10 01:39 B D:\kanan\Project\openjoda\tomcat\webapps\ROOT\content\images\search\lycos.gif <-- canal /home/ktn10/project/openjoda/content/images/search lycos.gif
2000.12.10 01:39 B D:\kanan\Project\openjoda\tomcat\webapps\ROOT\content\images\search\mediafind.gif <-- canal /home/ktn10/project/openjoda/content/images/search mediafind.gif
2000.12.10 01:39 B D:\kanan\Project\openjoda\tomcat\webapps\ROOT\content\images\search\webcrawler.gif <-- canal /home/ktn10/project/openjoda/content/images/search webcrawler.gif
2000.12.10 01:39 B D:\kanan\Project\openjoda\tomcat\webapps\ROOT\content\images\search\yahoo.gif <-- canal /home/ktn10/project/openjoda/content/images/search yahoo.gif
2000.12.17 16:52 B D:\kanan\Project\openjoda\tomcat\webapps\ROOT\content\images\search\altavista.gif --> canal.psl.cs.columbia.edu /home/ktn10/project/openjoda/content/images/search altavista.gif
2000.12.17 16:52 B D:\kanan\Project\openjoda\tomcat\webapps\ROOT\content\images\search\dejanews.gif --> canal.psl.cs.columbia.edu /home/ktn10/project/openjoda/content/images/search dejanews.gif
2000.12.17 16:52 B D:\kanan\Project\openjoda\tomcat\webapps\ROOT\content\images\search\excite.gif --> canal.psl.cs.columbia.edu /home/ktn10/project/openjoda/content/images/search excite.gif
2000.12.17 16:52 B D:\kanan\Project\openjoda\tomcat\webapps\ROOT\content\images\search\freshmeat.gif --> canal.psl.cs.columbia.edu /home/ktn10/project/openjoda/content/images/search freshmeat.gif
2000.12.17 16:52 B D:\kanan\Project\openjoda\tomcat\webapps\ROOT\content\images\search\google.gif --> canal.psl.cs.columbia.edu /home/ktn10/project/openjoda/content/images/search google.gif
2000.12.17 16:52 B D:\kanan\Project\openjoda\tomcat\webapps\ROOT\content\images\search\hotbot.gif --> canal.psl.cs.columbia.edu /home/ktn10/project/openjoda/content/images/search hotbot.gif
2000.12.17 16:52 B D:\kanan\Project\openjoda\tomcat\webapps\ROOT\content\images\search\infoseek.gif --> canal.psl.cs.columbia.edu /home/ktn10/project/openjoda/content/images/search infoseek.gif
2000.12.17 16:52 B D:\kanan\Project\openjoda\tomcat\webapps\ROOT\content\images\search\lycos.gif --> canal.psl.cs.columbia.edu /home/ktn10/project/openjoda/content/images/search lycos.gif
2000.12.17 16:52 B D:\kanan\Project\openjoda\tomcat\webapps\ROOT\content\images\search\mediafind.gif --> canal.psl.cs.columbia.edu /home/ktn10/project/openjoda/content/images/search mediafind.gif
2000.12.17 16:52 B D:\kanan\Project\openjoda\tomcat\webapps\ROOT\content\images\search\webcrawler.gif --> canal.psl.cs.columbia.edu /home/ktn10/project/openjoda/content/images/search webcrawler.gif
2000.12.17 16:52 B D:\kanan\Project\openjoda\tomcat\webapps\ROOT\content\images\search\WS_FTP.LOG --> canal.psl.cs.columbia.edu /home/ktn10/project/openjoda/content/images/search WS_FTP.LOG
2000.12.17 16:52 B D:\kanan\Project\openjoda\tomcat\webapps\ROOT\content\images\search\yahoo.gif --> canal.psl.cs.columbia.edu /home/ktn10/project/openjoda/content/images/search yahoo.gif
2000.12.17 23:54 B D:\kanan\Project\openjoda\tomcat\webapps\ROOT\content\images\search\altavista.gif --> canal.psl.cs.columbia.edu /home/ktn10/project/openjoda/content/images/search altavista.gif
2000.12.17 23:54 B D:\kanan\Project\openjoda\tomcat\webapps\ROOT\content\images\search\dejanews.gif --> canal.psl.cs.columbia.edu /home/ktn10/project/openjoda/content/images/search dejanews.gif
2000.12.17 23:54 B D:\kanan\Project\openjoda\tomcat\webapps\ROOT\content\images\search\excite.gif --> canal.psl.cs.columbia.edu /home/ktn10/project/openjoda/content/images/search excite.gif
2000.12.17 23:54 B D:\kanan\Project\openjoda\tomcat\webapps\ROOT\content\images\search\freshmeat.gif --> canal.psl.cs.columbia.edu /home/ktn10/project/openjoda/content/images/search freshmeat.gif
2000.12.17 23:54 B D:\kanan\Project\openjoda\tomcat\webapps\ROOT\content\images\search\google.gif --> canal.psl.cs.columbia.edu /home/ktn10/project/openjoda/content/images/search google.gif
2000.12.17 23:54 B D:\kanan\Project\openjoda\tomcat\webapps\ROOT\content\images\search\hotbot.gif --> canal.psl.cs.columbia.edu /home/ktn10/project/openjoda/content/images/search hotbot.gif
2000.12.17 23:54 B D:\kanan\Project\openjoda\tomcat\webapps\ROOT\content\images\search\infoseek.gif --> canal.psl.cs.columbia.edu /home/ktn10/project/openjoda/content/images/search infoseek.gif
2000.12.17 23:54 B D:\kanan\Project\openjoda\tomcat\webapps\ROOT\content\images\search\lycos.gif --> canal.psl.cs.columbia.edu /home/ktn10/project/openjoda/content/images/search lycos.gif
2000.12.17 23:54 B D:\kanan\Project\openjoda\tomcat\webapps\ROOT\content\images\search\mediafind.gif --> canal.psl.cs.columbia.edu /home/ktn10/project/openjoda/content/images/search mediafind.gif
2000.12.17 23:54 B D:\kanan\Project\openjoda\tomcat\webapps\ROOT\content\images\search\webcrawler.gif --> canal.psl.cs.columbia.edu /home/ktn10/project/openjoda/content/images/search webcrawler.gif
2000.12.18 02:56 B D:\kanan\Project\openjoda\tomcat\webapps\ROOT\content\images\search\WS_FTP.LOG <-- canal /home/ktn10/project/openjoda/content/images/search WS_FTP.LOG
2000.12.18 02:56 B D:\kanan\Project\openjoda\tomcat\webapps\ROOT\content\images\search\yahoo.gif <-- canal /home/ktn10/project/openjoda/content/images/search yahoo.gif
2000.12.18 14:11 B D:\kanan\Project\openjoda\tomcat\webapps\ROOT\content\images\search\altavista.gif --> canal.psl.cs.columbia.edu /home/ktn10/project/openjoda/content/images/search altavista.gif
2000.12.18 14:11 B D:\kanan\Project\openjoda\tomcat\webapps\ROOT\content\images\search\dejanews.gif --> canal.psl.cs.columbia.edu /home/ktn10/project/openjoda/content/images/search dejanews.gif
2000.12.18 14:11 B D:\kanan\Project\openjoda\tomcat\webapps\ROOT\content\images\search\excite.gif --> canal.psl.cs.columbia.edu /home/ktn10/project/openjoda/content/images/search excite.gif
2000.12.18 14:11 B D:\kanan\Project\openjoda\tomcat\webapps\ROOT\content\images\search\freshmeat.gif --> canal.psl.cs.columbia.edu /home/ktn10/project/openjoda/content/images/search freshmeat.gif
2000.12.18 14:11 B D:\kanan\Project\openjoda\tomcat\webapps\ROOT\content\images\search\google.gif --> canal.psl.cs.columbia.edu /home/ktn10/project/openjoda/content/images/search google.gif
2000.12.18 14:11 B D:\kanan\Project\openjoda\tomcat\webapps\ROOT\content\images\search\hotbot.gif --> canal.psl.cs.columbia.edu /home/ktn10/project/openjoda/content/images/search hotbot.gif
2000.12.18 14:11 B D:\kanan\Project\openjoda\tomcat\webapps\ROOT\content\images\search\infoseek.gif --> canal.psl.cs.columbia.edu /home/ktn10/project/openjoda/content/images/search infoseek.gif
2000.12.18 14:11 B D:\kanan\Project\openjoda\tomcat\webapps\ROOT\content\images\search\lycos.gif --> canal.psl.cs.columbia.edu /home/ktn10/project/openjoda/content/images/search lycos.gif
2000.12.18 14:11 B D:\kanan\Project\openjoda\tomcat\webapps\ROOT\content\images\search\mediafind.gif --> canal.psl.cs.columbia.edu /home/ktn10/project/openjoda/content/images/search mediafind.gif
2000.12.18 14:11 B D:\kanan\Project\openjoda\tomcat\webapps\ROOT\content\images\search\webcrawler.gif --> canal.psl.cs.columbia.edu /home/ktn10/project/openjoda/content/images/search webcrawler.gif
2000.12.18 14:11 B D:\kanan\Project\openjoda\tomcat\webapps\ROOT\content\images\search\WS_FTP.LOG --> canal.psl.cs.columbia.edu /home/ktn10/project/openjoda/content/images/search WS_FTP.LOG
2000.12.18 14:11 B D:\kanan\Project\openjoda\tomcat\webapps\ROOT\content\images\search\yahoo.gif --> canal.psl.cs.columbia.edu /home/ktn10/project/openjoda/content/images/search yahoo.gif
2000.12.19 17:30 B D:\kanan\Project\openjoda\tomcat\webapps\ROOT\content\images\search\altavista.gif --> canal.psl.cs.columbia.edu /home/ktn10/project/openjoda/content/images/search altavista.gif
2000.12.19 17:30 B D:\kanan\Project\openjoda\tomcat\webapps\ROOT\content\images\search\dejanews.gif --> canal.psl.cs.columbia.edu /home/ktn10/project/openjoda/content/images/search dejanews.gif
2000.12.19 17:30 B D:\kanan\Project\openjoda\tomcat\webapps\ROOT\content\images\search\excite.gif --> canal.psl.cs.columbia.edu /home/ktn10/project/openjoda/content/images/search excite.gif
2000.12.19 17:30 B D:\kanan\Project\openjoda\tomcat\webapps\ROOT\content\images\search\freshmeat.gif --> canal.psl.cs.columbia.edu /home/ktn10/project/openjoda/content/images/search freshmeat.gif
2000.12.19 17:30 B D:\kanan\Project\openjoda\tomcat\webapps\ROOT\content\images\search\google.gif --> canal.psl.cs.columbia.edu /home/ktn10/project/openjoda/content/images/search google.gif
2000.12.19 17:30 B D:\kanan\Project\openjoda\tomcat\webapps\ROOT\content\images\search\hotbot.gif --> canal.psl.cs.columbia.edu /home/ktn10/project/openjoda/content/images/search hotbot.gif
2000.12.19 17:30 B D:\kanan\Project\openjoda\tomcat\webapps\ROOT\content\images\search\infoseek.gif --> canal.psl.cs.columbia.edu /home/ktn10/project/openjoda/content/images/search infoseek.gif
2000.12.19 17:30 B D:\kanan\Project\openjoda\tomcat\webapps\ROOT\content\images\search\lycos.gif --> canal.psl.cs.columbia.edu /home/ktn10/project/openjoda/content/images/search lycos.gif
2000.12.19 17:30 B D:\kanan\Project\openjoda\tomcat\webapps\ROOT\content\images\search\mediafind.gif --> canal.psl.cs.columbia.edu /home/ktn10/project/openjoda/content/images/search mediafind.gif
2000.12.19 17:30 B D:\kanan\Project\openjoda\tomcat\webapps\ROOT\content\images\search\webcrawler.gif --> canal.psl.cs.columbia.edu /home/ktn10/project/openjoda/content/images/search webcrawler.gif
2000.12.19 17:30 B D:\kanan\Project\openjoda\tomcat\webapps\ROOT\content\images\search\WS_FTP.LOG --> canal.psl.cs.columbia.edu /home/ktn10/project/openjoda/content/images/search WS_FTP.LOG
2000.12.19 17:30 B D:\kanan\Project\openjoda\tomcat\webapps\ROOT\content\images\search\yahoo.gif --> canal.psl.cs.columbia.edu /home/ktn10/project/openjoda/content/images/search yahoo.gif
2000.12.19 22:29 B D:\kanan\Project\openjoda\tomcat\webapps\ROOT\content\images\search\altavista.gif --> canal.psl.cs.columbia.edu /home/ktn10/project/openjoda/content/images/search altavista.gif
2000.12.19 22:29 B D:\kanan\Project\openjoda\tomcat\webapps\ROOT\content\images\search\dejanews.gif --> canal.psl.cs.columbia.edu /home/ktn10/project/openjoda/content/images/search dejanews.gif
2000.12.19 22:29 B D:\kanan\Project\openjoda\tomcat\webapps\ROOT\content\images\search\excite.gif --> canal.psl.cs.columbia.edu /home/ktn10/project/openjoda/content/images/search excite.gif
2000.12.19 22:29 B D:\kanan\Project\openjoda\tomcat\webapps\ROOT\content\images\search\freshmeat.gif --> canal.psl.cs.columbia.edu /home/ktn10/project/openjoda/content/images/search freshmeat.gif
2000.12.19 22:29 B D:\kanan\Project\openjoda\tomcat\webapps\ROOT\content\images\search\google.gif --> canal.psl.cs.columbia.edu /home/ktn10/project/openjoda/content/images/search google.gif
2000.12.19 22:29 B D:\kanan\Project\openjoda\tomcat\webapps\ROOT\content\images\search\hotbot.gif --> canal.psl.cs.columbia.edu /home/ktn10/project/openjoda/content/images/search hotbot.gif
2000.12.19 22:29 B D:\kanan\Project\openjoda\tomcat\webapps\ROOT\content\images\search\infoseek.gif --> canal.psl.cs.columbia.edu /home/ktn10/project/openjoda/content/images/search infoseek.gif
2000.12.19 22:29 B D:\kanan\Project\openjoda\tomcat\webapps\ROOT\content\images\search\lycos.gif --> canal.psl.cs.columbia.edu /home/ktn10/project/openjoda/content/images/search lycos.gif
2000.12.19 22:29 B D:\kanan\Project\openjoda\tomcat\webapps\ROOT\content\images\search\mediafind.gif --> canal.psl.cs.columbia.edu /home/ktn10/project/openjoda/content/images/search mediafind.gif
2000.12.19 22:29 B D:\kanan\Project\openjoda\tomcat\webapps\ROOT\content\images\search\webcrawler.gif --> canal.psl.cs.columbia.edu /home/ktn10/project/openjoda/content/images/search webcrawler.gif
2000.12.19 22:29 B D:\kanan\Project\openjoda\tomcat\webapps\ROOT\content\images\search\WS_FTP.LOG --> canal.psl.cs.columbia.edu /home/ktn10/project/openjoda/content/images/search WS_FTP.LOG
2000.12.19 22:29 B D:\kanan\Project\openjoda\tomcat\webapps\ROOT\content\images\search\yahoo.gif --> canal.psl.cs.columbia.edu /home/ktn10/project/openjoda/content/images/search yahoo.gif
2000.12.19 22:33 B D:\kanan\Project\openjoda\tomcat\webapps\ROOT\content\images\search\altavista.gif --> canal.psl.cs.columbia.edu /home/ktn10/project/openjoda/content/images/search altavista.gif
2000.12.19 22:33 B D:\kanan\Project\openjoda\tomcat\webapps\ROOT\content\images\search\dejanews.gif --> canal.psl.cs.columbia.edu /home/ktn10/project/openjoda/content/images/search dejanews.gif
2000.12.19 22:33 B D:\kanan\Project\openjoda\tomcat\webapps\ROOT\content\images\search\excite.gif --> canal.psl.cs.columbia.edu /home/ktn10/project/openjoda/content/images/search excite.gif
2000.12.19 22:33 B D:\kanan\Project\openjoda\tomcat\webapps\ROOT\content\images\search\freshmeat.gif --> canal.psl.cs.columbia.edu /home/ktn10/project/openjoda/content/images/search freshmeat.gif
2000.12.19 22:33 B D:\kanan\Project\openjoda\tomcat\webapps\ROOT\content\images\search\google.gif --> canal.psl.cs.columbia.edu /home/ktn10/project/openjoda/content/images/search google.gif
2000.12.19 22:33 B D:\kanan\Project\openjoda\tomcat\webapps\ROOT\content\images\search\hotbot.gif --> canal.psl.cs.columbia.edu /home/ktn10/project/openjoda/content/images/search hotbot.gif
2000.12.19 22:33 B D:\kanan\Project\openjoda\tomcat\webapps\ROOT\content\images\search\infoseek.gif --> canal.psl.cs.columbia.edu /home/ktn10/project/openjoda/content/images/search infoseek.gif
2000.12.19 22:33 B D:\kanan\Project\openjoda\tomcat\webapps\ROOT\content\images\search\lycos.gif --> canal.psl.cs.columbia.edu /home/ktn10/project/openjoda/content/images/search lycos.gif
2000.12.19 22:33 B D:\kanan\Project\openjoda\tomcat\webapps\ROOT\content\images\search\mediafind.gif --> canal.psl.cs.columbia.edu /home/ktn10/project/openjoda/content/images/search mediafind.gif
2000.12.19 22:33 B D:\kanan\Project\openjoda\tomcat\webapps\ROOT\content\images\search\webcrawler.gif --> canal.psl.cs.columbia.edu /home/ktn10/project/openjoda/content/images/search webcrawler.gif
