2000.12.10 01:39 B D:\kanan\Project\openjoda\tomcat\webapps\ROOT\content\dynamic\customizer\xsl\ui-drag-and-drop.xsl <-- canal /home/ktn10/project/openjoda/content/dynamic/customizer/xsl ui-drag-and-drop.xsl
2000.12.10 01:39 B D:\kanan\Project\openjoda\tomcat\webapps\ROOT\content\dynamic\customizer\xsl\ui-generic-example.xml <-- canal /home/ktn10/project/openjoda/content/dynamic/customizer/xsl ui-generic-example.xml
2000.12.10 01:39 B D:\kanan\Project\openjoda\tomcat\webapps\ROOT\content\dynamic\customizer\xsl\ui-generic.xsl <-- canal /home/ktn10/project/openjoda/content/dynamic/customizer/xsl ui-generic.xsl
2000.12.17 16:51 B D:\kanan\Project\openjoda\tomcat\webapps\ROOT\content\dynamic\customizer\xsl\ui-drag-and-drop.xsl --> canal.psl.cs.columbia.edu /home/ktn10/project/openjoda/content/dynamic/customizer/xsl ui-drag-and-drop.xsl
2000.12.17 16:51 B D:\kanan\Project\openjoda\tomcat\webapps\ROOT\content\dynamic\customizer\xsl\ui-generic-example.xml --> canal.psl.cs.columbia.edu /home/ktn10/project/openjoda/content/dynamic/customizer/xsl ui-generic-example.xml
2000.12.17 16:51 B D:\kanan\Project\openjoda\tomcat\webapps\ROOT\content\dynamic\customizer\xsl\ui-generic.xsl --> canal.psl.cs.columbia.edu /home/ktn10/project/openjoda/content/dynamic/customizer/xsl ui-generic.xsl
2000.12.17 16:51 B D:\kanan\Project\openjoda\tomcat\webapps\ROOT\content\dynamic\customizer\xsl\WS_FTP.LOG --> canal.psl.cs.columbia.edu /home/ktn10/project/openjoda/content/dynamic/customizer/xsl WS_FTP.LOG
2000.12.17 23:46 B D:\kanan\Project\openjoda\tomcat\webapps\ROOT\content\dynamic\customizer\xsl\ui-drag-and-drop.xsl --> canal.psl.cs.columbia.edu /home/ktn10/project/openjoda/content/dynamic/customizer/xsl ui-drag-and-drop.xsl
2000.12.17 23:46 B D:\kanan\Project\openjoda\tomcat\webapps\ROOT\content\dynamic\customizer\xsl\ui-generic-example.xml --> canal.psl.cs.columbia.edu /home/ktn10/project/openjoda/content/dynamic/customizer/xsl ui-generic-example.xml
2000.12.17 23:46 B D:\kanan\Project\openjoda\tomcat\webapps\ROOT\content\dynamic\customizer\xsl\ui-generic.xsl --> canal.psl.cs.columbia.edu /home/ktn10/project/openjoda/content/dynamic/customizer/xsl ui-generic.xsl
2000.12.17 23:46 B D:\kanan\Project\openjoda\tomcat\webapps\ROOT\content\dynamic\customizer\xsl\WS_FTP.LOG --> canal.psl.cs.columbia.edu /home/ktn10/project/openjoda/content/dynamic/customizer/xsl WS_FTP.LOG
2000.12.17 23:53 B D:\kanan\Project\openjoda\tomcat\webapps\ROOT\content\dynamic\customizer\xsl\ui-drag-and-drop.xsl --> canal.psl.cs.columbia.edu /home/ktn10/project/openjoda/content/dynamic/customizer/xsl ui-drag-and-drop.xsl
2000.12.17 23:53 B D:\kanan\Project\openjoda\tomcat\webapps\ROOT\content\dynamic\customizer\xsl\ui-generic-example.xml --> canal.psl.cs.columbia.edu /home/ktn10/project/openjoda/content/dynamic/customizer/xsl ui-generic-example.xml
2000.12.17 23:53 B D:\kanan\Project\openjoda\tomcat\webapps\ROOT\content\dynamic\customizer\xsl\ui-generic.xsl --> canal.psl.cs.columbia.edu /home/ktn10/project/openjoda/content/dynamic/customizer/xsl ui-generic.xsl
2000.12.18 02:56 B D:\kanan\Project\openjoda\tomcat\webapps\ROOT\content\dynamic\customizer\xsl\WS_FTP.LOG <-- canal /home/ktn10/project/openjoda/content/dynamic/customizer/xsl WS_FTP.LOG
2000.12.18 14:10 B D:\kanan\Project\openjoda\tomcat\webapps\ROOT\content\dynamic\customizer\xsl\ui-drag-and-drop.xsl --> canal.psl.cs.columbia.edu /home/ktn10/project/openjoda/content/dynamic/customizer/xsl ui-drag-and-drop.xsl
2000.12.18 14:10 B D:\kanan\Project\openjoda\tomcat\webapps\ROOT\content\dynamic\customizer\xsl\ui-generic-example.xml --> canal.psl.cs.columbia.edu /home/ktn10/project/openjoda/content/dynamic/customizer/xsl ui-generic-example.xml
2000.12.18 14:10 B D:\kanan\Project\openjoda\tomcat\webapps\ROOT\content\dynamic\customizer\xsl\ui-generic.xsl --> canal.psl.cs.columbia.edu /home/ktn10/project/openjoda/content/dynamic/customizer/xsl ui-generic.xsl
2000.12.18 14:10 B D:\kanan\Project\openjoda\tomcat\webapps\ROOT\content\dynamic\customizer\xsl\WS_FTP.LOG --> canal.psl.cs.columbia.edu /home/ktn10/project/openjoda/content/dynamic/customizer/xsl WS_FTP.LOG
2000.12.19 17:30 B D:\kanan\Project\openjoda\tomcat\webapps\ROOT\content\dynamic\customizer\xsl\ui-drag-and-drop.xsl --> canal.psl.cs.columbia.edu /home/ktn10/project/openjoda/content/dynamic/customizer/xsl ui-drag-and-drop.xsl
2000.12.19 17:30 B D:\kanan\Project\openjoda\tomcat\webapps\ROOT\content\dynamic\customizer\xsl\ui-generic-example.xml --> canal.psl.cs.columbia.edu /home/ktn10/project/openjoda/content/dynamic/customizer/xsl ui-generic-example.xml
2000.12.19 17:30 B D:\kanan\Project\openjoda\tomcat\webapps\ROOT\content\dynamic\customizer\xsl\ui-generic.xsl --> canal.psl.cs.columbia.edu /home/ktn10/project/openjoda/content/dynamic/customizer/xsl ui-generic.xsl
2000.12.19 17:30 B D:\kanan\Project\openjoda\tomcat\webapps\ROOT\content\dynamic\customizer\xsl\WS_FTP.LOG --> canal.psl.cs.columbia.edu /home/ktn10/project/openjoda/content/dynamic/customizer/xsl WS_FTP.LOG
2000.12.19 22:29 B D:\kanan\Project\openjoda\tomcat\webapps\ROOT\content\dynamic\customizer\xsl\ui-drag-and-drop.xsl --> canal.psl.cs.columbia.edu /home/ktn10/project/openjoda/content/dynamic/customizer/xsl ui-drag-and-drop.xsl
2000.12.19 22:29 B D:\kanan\Project\openjoda\tomcat\webapps\ROOT\content\dynamic\customizer\xsl\ui-generic-example.xml --> canal.psl.cs.columbia.edu /home/ktn10/project/openjoda/content/dynamic/customizer/xsl ui-generic-example.xml
2000.12.19 22:29 B D:\kanan\Project\openjoda\tomcat\webapps\ROOT\content\dynamic\customizer\xsl\ui-generic.xsl --> canal.psl.cs.columbia.edu /home/ktn10/project/openjoda/content/dynamic/customizer/xsl ui-generic.xsl
2000.12.19 22:29 B D:\kanan\Project\openjoda\tomcat\webapps\ROOT\content\dynamic\customizer\xsl\WS_FTP.LOG --> canal.psl.cs.columbia.edu /home/ktn10/project/openjoda/content/dynamic/customizer/xsl WS_FTP.LOG
2000.12.19 22:32 B D:\kanan\Project\openjoda\tomcat\webapps\ROOT\content\dynamic\customizer\xsl\ui-drag-and-drop.xsl --> canal.psl.cs.columbia.edu /home/ktn10/project/openjoda/content/dynamic/customizer/xsl ui-drag-and-drop.xsl
2000.12.19 22:32 B D:\kanan\Project\openjoda\tomcat\webapps\ROOT\content\dynamic\customizer\xsl\ui-generic-example.xml --> canal.psl.cs.columbia.edu /home/ktn10/project/openjoda/content/dynamic/customizer/xsl ui-generic-example.xml
2000.12.19 22:32 B D:\kanan\Project\openjoda\tomcat\webapps\ROOT\content\dynamic\customizer\xsl\ui-generic.xsl --> canal.psl.cs.columbia.edu /home/ktn10/project/openjoda/content/dynamic/customizer/xsl ui-generic.xsl
